 -3.20790270e-01   2.23288937e+00   2.84969830e+00 
 -1.02427416e+00   1.62520226e+00   1.86524047e+00 
 -3.80921509e-01   1.27243249e+00   7.55447261e-01 
  9.33299359e-01   1.44159117e+00   6.92884008e-01 
  1.64923367e+00   2.13447349e+00   1.63053653e+00 
  1.01792357e+00   2.37700935e+00   2.82887458e+00 
  2.94076670e+00   1.93946002e+00   1.35425872e+00 
  3.04073450e+00   1.03063370e+00   3.75728295e-01 
  1.80302862e+00   9.85996239e-01  -1.79938460e-01 
 -1.00203824e+00   2.53016418e+00   4.07829879e+00 
 -2.13251688e+00   1.03381450e+00   2.04385395e+00 
 -1.03428940e+00   5.44922420e-01  -2.99534262e-01 
  1.74850223e+00   2.72954221e+00   3.77371993e+00 
  4.03339594e+00   2.56914722e+00   2.09277833e+00 
  6.00007516e+00  -3.06252074e+00  -9.53205350e+00 
  3.12120253e+00  -4.89836805e+00  -1.11012698e+01 
  1.17954674e+01  -4.53644167e+00  -7.74042794e+00 
  1.05316309e+01   2.86781977e+00  -5.76727840e+00 
  8.79907731e+00  -4.37685011e-01  -4.79221929e+00 
  5.36879811e+00   1.13501775e+00  -4.30002541e+00 
  2.34383467e+00  -2.71091306e-01  -6.08637733e+00 
 -6.03402195e-01   2.12987119e+00  -6.33142854e+00 
  8.44508366e-01   4.37511720e+00  -3.67822521e+00 
  2.24144958e+00   7.85796416e+00  -3.67675103e+00 
  5.33279572e+00   8.67073128e+00  -1.60657335e+00 
  6.31357146e+00   1.23298532e+01  -1.94455186e+00 
 -7.77235089e+00   5.39868207e+00  -4.78879567e+00 
 -6.64362955e+00   8.66126512e+00  -3.10388884e+00 
 -3.36010275e+00   7.38055845e+00  -1.68027530e+00 
 -2.14844785e+00   6.71113878e+00  -5.22765632e+00 
 -2.82195213e+00   1.03006785e+01  -6.27298868e+00 
  2.93381973e-01   1.23809007e+01  -6.88798089e+00 
  7.09266888e-01  -7.32921144e+00  -5.18715537e+00 
 -4.14006773e-01  -7.64749157e+00  -1.56468302e+00 
 -3.02139050e+00  -4.90993974e+00  -8.96120191e-01 
 -5.94064310e+00  -4.40681035e+00   1.44010041e+00 
 -8.03484880e+00  -3.38521144e+00  -1.55391489e+00 
 -7.16486507e+00  -6.63255972e+00  -3.39644487e+00 
 -6.02988382e+00  -1.14057547e+01  -2.18813161e-02 
  4.30644060e+00  -6.08241450e+00  -2.20059348e-01 
  5.74420865e+00  -2.57066070e+00  -4.53402776e-01 
  8.43297648e+00  -2.41302840e+00   2.28212705e+00 
  6.74529623e+00   2.89058935e-01   4.30551010e+00 
  3.21963497e+00  -1.15486788e+00   4.02332647e+00 
  2.83019571e+00  -2.61890620e+00   7.49536914e+00 
 -6.33592341e-01  -4.12624107e+00   7.02419198e+00 
  4.43370853e-01  -5.80203194e+00   3.77052369e+00 
  3.40821136e+00  -7.35681180e+00   5.54488232e+00 
  1.11088281e+00  -8.53134062e+00   8.33264074e+00 
 -1.11685024e+00  -1.02711446e+01   5.76004734e+00 
 -9.46786120e+00  -2.29858409e+00  -9.13629585e+00 
 -5.54553148e+00  -7.44911796e+00   1.15070560e+01 

   4.627076896304e-01 

