  5.01943951e-01  -2.46247954e+00   1.03686970e+00 
 -6.59443614e-01  -1.88577977e+00   1.34629171e+00 
 -7.63284530e-01  -1.06094372e+00   2.41856859e+00 
  3.56993515e-01  -3.35111850e-01   2.67633320e+00 
  1.57486346e+00  -9.51193068e-01   2.41369833e+00 
  1.65088616e+00  -1.79772367e+00   1.31314915e+00 
  2.48596686e+00  -3.96970841e-01   3.21443717e+00 
  1.85996614e+00   2.56762788e-01   4.20213549e+00 
  5.91300538e-01   4.10971877e-01   3.78147495e+00 
  4.88724770e-01  -3.61573506e+00   1.80599838e-01 
 -1.68450408e+00  -2.19150533e+00   6.65019566e-01 
 -2.04270635e+00  -3.71461288e-01   2.56256605e+00 
  2.74370698e+00  -2.13720576e+00   8.17804729e-01 
  3.86534096e+00  -8.00477351e-01   3.27047036e+00 
 -2.96749317e+00   6.38363063e+00  -6.47659610e-01 
 -1.09351422e+01   8.06164123e-01   2.40942121e+00 
 -5.26373453e+00   6.23390100e+00   3.03319990e+00 
 -4.11091261e-01   6.50722762e+00  -4.80013334e+00 
  2.33398196e+00   4.24359304e+00  -3.46596712e+00 
  9.01417246e+00   5.52441906e+00  -7.04952282e+00 
  2.49004984e+00   6.36376246e+00  -9.01951144e+00 
  2.52864002e+00   2.84602271e+00  -8.13458663e+00 
  2.65920879e+00   3.37507242e-01  -1.30345957e+01 
 -7.63361415e+00   3.03981699e-01  -7.43132055e+00 

   2.533784876210e-01 

