 -2.95571910e-02   2.05192203e+00   3.04154763e+00 
 -8.11662778e-01   1.45872534e+00   2.10893420e+00 
 -2.76105093e-01   1.17403536e+00   9.24817052e-01 
  1.01841375e+00   1.39321056e+00   7.35345212e-01 
  1.80529893e+00   2.07380194e+00   1.62385665e+00 
  1.29444268e+00   2.24527267e+00   2.88997449e+00 
  3.06673433e+00   1.93699377e+00   1.20853555e+00 
  3.09358181e+00   1.07208462e+00   1.86438351e-01 
  1.80692109e+00   1.00463885e+00  -2.40909243e-01 
 -5.88681133e-01   2.27509336e+00   4.34520559e+00 
 -1.87584018e+00   8.20812814e-01   2.37433931e+00 
 -1.01186646e+00   4.65820147e-01  -8.82114037e-02 
  2.10752670e+00   2.58634135e+00   3.76935302e+00 
  4.20941446e+00   2.57609397e+00   1.85782084e+00 
  5.13739063e+00  -2.51314097e+00  -1.01404561e+01 
  2.17140586e+00  -4.38849656e+00  -1.14845785e+01 
  1.11317775e+01  -3.84557666e+00  -9.01757257e+00 
  9.84310884e+00   3.42342968e+00  -6.60622984e+00 
  8.32804297e+00   2.09404680e-02  -5.60300964e+00 
  4.91881454e+00   1.44707533e+00  -4.69427518e+00 
  1.77128386e+00   4.16104254e-03  -6.22059104e+00 
 -1.26088929e+00   2.30425575e+00  -6.05810902e+00 
  3.82088090e-01   4.49324836e+00  -3.47237998e+00 
  1.65929170e+00   8.02175454e+00  -3.46303794e+00 
  4.92131587e+00   8.86329920e+00  -1.68719638e+00 
  5.74390846e+00   1.25662043e+01  -1.96493759e+00 
 -8.33186682e+00   5.24631310e+00  -3.64889710e+00 
 -7.13937014e+00   8.47810581e+00  -1.94865222e+00 
 -3.68638039e+00   7.26194418e+00  -9.25792935e-01 
 -2.82893693e+00   6.77876231e+00  -4.60430885e+00 
 -3.72207185e+00   1.03802098e+01  -5.41855193e+00 
 -7.55745646e-01   1.25951315e+01  -6.25871647e+00 
  4.65992659e-01  -7.13890602e+00  -5.46544562e+00 
 -2.64143324e-01  -7.64175763e+00  -1.76417402e+00 
 -2.87435508e+00  -5.02958126e+00  -7.13974215e-01 
 -5.54976311e+00  -4.72629664e+00   1.92861840e+00 
 -7.97529272e+00  -3.66312732e+00  -7.87978481e-01 
 -7.19779221e+00  -6.80078114e+00  -2.84896752e+00 
 -5.56604782e+00  -1.16601128e+01   1.81469457e-01 
  4.51785012e+00  -5.96089349e+00  -8.43655133e-01 
  5.81031900e+00  -2.39269625e+00  -1.07062383e+00 
  8.76225068e+00  -2.24645261e+00   1.37930890e+00 
  7.20815569e+00   3.09814230e-01   3.68015936e+00 
  3.72035304e+00  -1.24894520e+00   3.69833279e+00 
  3.74079282e+00  -2.86322198e+00   7.12526000e+00 
  2.96891775e-01  -4.47551670e+00   6.94652888e+00 
  1.08320494e+00  -5.98020196e+00   3.53007734e+00 
  4.26460803e+00  -7.49558152e+00   4.92228859e+00 
  2.30810930e+00  -8.86288495e+00   7.87718523e+00 
 -1.17896694e-01  -1.05787289e+01   5.47337214e+00 
 -1.02222561e+01  -2.32832722e+00  -8.12938478e+00 
 -4.01379687e+00  -8.15056245e+00   1.17607472e+01 

   4.627082092031e-01 

