  4.07101209e+00  -1.18964225e+00   1.62192768e+00 
  5.21706614e+00  -5.52951979e-01   2.35329049e+00 
  4.74117006e+00   7.12171554e-01   2.93509629e+00 
  5.45256918e+00   1.23494170e+00   3.84102060e+00 
  3.85733041e+00   1.48271111e+00   2.06520438e+00 
  2.95812957e+00   9.95531941e-01   1.18963551e+00 
  1.96655417e+00   1.76974603e+00   4.64847250e-01 
  6.95741480e-01   1.16855101e+00   6.20638672e-02 
  1.01681302e+00  -2.20345418e-01  -3.69479635e-01 
  1.90933328e+00  -1.03945541e+00   5.12696703e-01 
  3.25041630e+00  -3.33251291e-01   7.06454835e-01 
  2.19950907e+00  -2.31774699e+00  -1.97368610e-01 
  9.77134635e-01  -3.10000468e+00  -7.14235686e-01 
 -4.75055733e-02  -2.22846737e+00  -1.34285745e+00 
 -2.24334623e-01  -9.39442466e-01  -5.91221109e-01 
 -1.23620938e+00  -2.31268723e-01  -1.43388511e+00 
 -2.11031297e+00  -1.30125490e+00  -1.94151767e+00 
 -1.50966464e+00  -2.55230875e+00  -1.27531085e+00 
 -1.87863056e+00  -3.58178697e+00  -2.06882707e+00 
  4.42221178e-01  -2.04770992e+00  -2.78003797e+00 
  3.90159598e+00  -3.89716571e-01  -6.68853539e-01 
  5.11660101e+00  -7.17483239e+00   8.20763435e+00 
  4.25853687e+00  -1.02917782e+01   1.02120220e+01 
  7.06299796e-01  -9.12839231e+00   1.09682180e+01 
 -1.00149688e+01  -5.70536405e+00   4.81339323e+00 
 -8.62585791e+00  -9.10502494e+00   3.82355847e+00 
 -6.20408779e+00  -9.39688790e+00   6.75105474e+00 
 -4.94640234e+00  -5.81175339e+00   6.54249538e+00 
 -4.32783385e+00  -5.81055804e+00   2.79385144e+00 
 -2.78763219e+00  -9.27782792e+00   2.84337988e+00 
 -3.54937149e-01  -8.01163517e+00   5.49578659e+00 
  4.35887265e-01  -4.86534222e+00   3.53021672e+00 
  1.08160134e+00  -7.01515148e+00   4.37371636e-01 
  3.45998651e+00  -9.22156624e+00   2.41136040e+00 
  5.22172958e+00  -6.11213389e+00   3.76703193e+00 
  5.55217820e+00  -4.94109090e+00   1.82359538e-01 
  7.22102471e+00  -8.21570152e+00  -8.37063070e-01 
  9.62951427e+00  -7.97228183e+00   2.11017981e+00 
  1.04322167e+01  -4.28743172e+00   1.60302960e+00 
  1.11201983e+01  -4.89465324e+00  -2.09422556e+00 
  1.39583238e+01  -7.24631849e+00  -1.20125558e+00 
  1.48899134e+01  -1.78964906e+00  -1.75195728e+00 
  9.21894958e+00   1.23226943e+00  -5.66144524e+00 
  5.80297357e+00   2.62759141e+00  -4.72336668e+00 
  7.02554355e+00   6.21112453e+00  -4.44127981e+00 
  1.01601609e+01   5.11420387e+00  -2.59686383e+00 
  8.26229881e+00   3.04759345e+00  -4.49172061e-02 
  5.58750668e+00   5.69147741e+00   5.55145803e-01 
  8.22521921e+00   8.37740544e+00   1.07195561e+00 
  1.00881008e+01   6.21461564e+00   3.60223567e+00 
  6.86624330e+00   5.22804736e+00   5.36179814e+00 
  5.95995387e+00   8.88705783e+00   5.64957565e+00 
  8.93139657e+00   6.66758267e+00   9.69458653e+00 
  5.49758867e+00   7.96895127e+00   1.06549966e+01 
 -7.30840282e-01   7.37821927e+00   1.24142330e+01 
  7.69596409e-01   5.59697360e+00   9.41710139e+00 
  3.77701029e+00   3.57740805e+00   1.06062685e+01 
  3.95601636e+00   9.36427779e-01   7.85911342e+00 
  5.96471248e+00  -1.30687039e+00   1.01722387e+01 
  3.78303391e+00  -4.51361608e+00   1.37817162e+01 
  1.49118031e+00  -2.72001841e+00   1.13526952e+01 
  6.32526051e-01   7.84379481e-01   1.25095381e+01 
 -2.53754958e+00   2.24338625e+00   1.10076097e+01 
 -7.44593027e+00   3.48539411e+00   7.53901869e+00 
 -8.51433338e+00  -9.81726575e-01   4.61568855e+00 
 -1.09163095e+01   7.39207782e-01   2.19858096e+00 
 -7.90543253e+00   2.98357867e+00   1.53452304e+00 
 -8.93834284e+00   5.98183960e+00   3.63444676e+00 
 -8.55028014e+00   8.62629148e+00   9.13542317e-01 
 -5.11249017e+00   7.31127939e+00  -3.96666901e-02 
 -4.10149662e+00   7.12645181e+00   3.63189734e+00 
  8.25130450e-02   9.61094604e+00   2.74227414e+00 
  1.47036598e+01   9.31369208e+00  -1.25039512e+00 
  4.06124394e+00   1.11872031e+01  -7.60939505e+00 
  2.83700503e-01   1.18498319e+01  -7.41275210e+00 
  1.16178216e-01   9.83486168e+00  -4.19275871e+00 
  2.01301968e+00   6.95184000e+00  -5.79164053e+00 
 -3.27144318e-01   7.02620111e+00  -8.80301420e+00 
 -3.39946737e+00   6.72493926e+00  -6.57311501e+00 
 -1.82403244e+00   3.74327240e+00  -4.84441854e+00 
 -9.07961089e-01   2.18542987e+00  -8.18851008e+00 
 -4.53547456e+00   2.42201678e+00  -9.28770217e+00 
 -5.74604423e+00   9.67698965e-01  -5.99569343e+00 
 -3.39085676e+00  -1.99157840e+00  -5.85976220e+00 
 -3.95194542e+00  -2.73063209e+00  -9.59232460e+00 
 -7.27505675e+00  -4.95135657e+00  -5.95483403e+00 
 -5.08429485e+00  -7.48795137e+00  -7.80525344e+00 
 -8.09889405e+00  -1.02568074e+01  -5.43213736e+00 
 -1.21962631e+01  -1.03306322e+01  -1.87054291e+00 
 -6.70884559e+00  -1.07674216e+01  -6.27236973e-01 
 -6.35761915e-01  -1.11882002e+01  -3.31474741e+00 
  6.92511689e+00  -1.05177652e+01  -6.84906320e+00 
  4.07001165e+00  -8.13773871e+00  -6.04975699e+00 
  1.66895214e+00  -9.88227701e+00  -8.44419801e+00 
  4.32963773e+00  -9.79412354e+00  -1.11703631e+01 
  5.24728946e+00  -6.13704324e+00  -1.07971430e+01 
  1.64300197e+00  -4.99583027e+00  -1.04068908e+01 
  4.74995222e-01  -6.91318557e+00  -1.35039346e+01 
  2.40071342e+00  -9.05379099e-01  -1.29153031e+01 

   7.273727918595e-01 

