  6.79013151e-01  -3.12147963e+00  -1.24018361e+00 
 -6.82454167e-01  -1.55739001e+00   2.95373698e-01 
  1.58504645e-01   1.23703853e+00  -9.33464227e-01 
  8.18697665e-01  -2.55367080e-01  -1.52812275e+00 
  1.44548937e+00  -1.51956130e+00   7.91497293e-01 
  1.33267621e+00   1.09690584e-01  -2.68504638e+00 
  1.99481273e+00   2.27728828e+00  -3.93952638e+00 
  1.57709985e+00   3.48449966e+00  -4.35579472e+00 
  9.86786746e-01   4.26094145e+00  -3.36575834e+00 
  5.09487997e-01   3.56377154e+00  -2.29535843e+00 
  4.91666133e-01   2.16660835e+00  -2.33352914e+00 
  1.44076255e+00   1.43171878e+00  -2.96846721e+00 
  6.21854628e-01  -1.61479222e+00  -4.73818577e-01 
  4.84695860e+00  -6.37677479e+00  -1.31534069e+01 
  4.94447525e+00  -9.89473068e+00  -1.18574106e+01 
  9.96154910e+00  -8.53573350e+00  -8.15368046e+00 
  1.49469492e+01   1.59742718e+00  -2.81285971e+00 
  1.39102027e+01  -2.01694441e+00  -3.49515817e+00 
  1.12545267e+01  -2.94082133e+00   2.76674154e+00 
  8.01202570e+00  -4.87530987e+00   2.92880171e+00 
  6.57489345e+00  -7.49953823e+00   3.09888767e+00 
  8.40391023e+00  -9.60107036e+00   5.74429200e+00 
 -1.64719194e+00  -4.91648398e+00  -1.11897649e+01 
 -4.67245736e+00  -5.52257498e+00  -8.93399447e+00 
 -8.19274809e+00  -4.09771823e+00  -8.54300168e+00 
 -8.75074463e+00  -1.11818485e+00  -6.25375633e+00 
 -1.20520120e+01  -2.17145784e-01  -4.56895577e+00 
 -1.16782052e+01   3.60575926e+00  -3.96041865e+00 
 -1.33666558e+01   5.71826169e+00  -1.35711724e+00 
 -1.12325151e+01   1.07192752e+01   1.23581278e+00 
 -8.36383358e+00   5.89924117e+00   4.83742930e-01 
 -8.65471333e+00   2.42151252e+00  -1.18672927e+00 
 -8.45606424e+00  -1.37661898e+00  -5.65339853e-01 
 -7.09174450e+00  -4.09396329e+00  -2.90105211e+00 
 -5.80047920e+00  -7.66816406e+00  -2.73746443e+00 
 -2.77202421e+00  -9.78880741e+00  -3.57644481e+00 
 -3.81751472e+00  -1.07151584e+01   1.39114404e+00 
 -6.21315494e+00  -7.76576915e+00   1.71630072e+00 
 -4.70923362e+00  -4.24337009e+00   2.12795571e+00 
 -6.75155972e+00  -1.30940204e+00   3.42865774e+00 
 -4.73188749e+00   1.79937101e+00   2.54528381e+00 
 -4.88285847e+00   4.91063073e+00   4.81957103e+00 
 -2.98098433e+00   8.29687233e+00   4.72802149e+00 
 -2.04591478e+00   1.06267489e+01   7.56654130e+00 
 -2.08828737e+00   1.10528285e+01  -3.92112588e-01 
  1.74585856e+00   1.14241324e+01   2.68087161e+00 
  3.83546317e+00   8.87643297e+00   6.60617749e-01 
  6.84810516e+00   1.11609596e+01   1.05460790e+00 
  6.84649674e+00   1.08664694e+01   4.88622225e+00 
  4.69762436e+00   8.10620055e+00   8.98595813e+00 
  2.61724333e+00   8.99133269e+00   5.93322347e+00 
  6.38425969e-01   5.77812462e+00   5.56972366e+00 
 -1.03371134e+00   3.12009813e+00   7.66866973e+00 
 -1.88928979e+00  -1.75395357e-01   5.86061581e+00 
 -4.09198249e+00  -2.81036365e+00   7.60134662e+00 
 -3.20400786e+00  -6.26358682e+00   6.12731535e+00 
 -5.70637056e+00  -9.14568639e+00   6.52393818e+00 
  7.87275061e+00  -8.14513330e-01   6.28467918e+00 
  7.04176637e+00   1.98522665e-01   2.73745718e+00 
  4.72383858e+00   1.37929564e-02  -2.04048620e-01 
  4.90730762e+00  -3.52922118e+00  -1.69206482e+00 
  4.70437149e+00  -2.25553213e+00  -5.24016112e+00 
  6.89849825e+00   3.31837856e-01  -7.03174796e+00 
  7.74647811e+00   2.98550820e+00  -6.05356463e+00 
  8.35701127e+00   9.58488167e-01  -2.83894052e+00 
  8.56263556e+00   4.10331005e+00  -7.00591492e-01 
  9.26291771e+00   3.54108738e+00   2.95889344e+00 
  6.29371671e+00   5.34123758e+00   4.31519595e+00 
  4.14536163e+00   2.66343030e+00   5.87252584e+00 
  3.31878413e+00   1.62770093e+00   9.37828509e+00 
  2.04406597e+00  -1.94419962e+00   8.76416699e+00 
 -7.98394073e-01  -3.28551785e+00   1.08685349e+01 
 -1.14705122e+00  -7.04166577e+00   1.02303559e+01 
  6.66505508e-01  -1.03327345e+01  -7.91323912e+00 
  6.07805904e+00  -9.66108437e+00  -3.61557567e+00 
  1.21984309e+01  -9.12414393e+00   2.31919896e+00 

   7.792567085246e-01 

