  5.81707010e+00   1.31798452e+00   8.32948494e+00 
  3.22907548e+00   1.74077162e-02   7.64296513e+00 
  2.92379627e+00  -1.11510107e+00   1.01268676e+01 
 -1.98417864e-01   4.68341017e-02   1.05195543e+01 
  2.13269193e+00   6.78451187e-01   1.02237845e+01 
 -1.43695232e-01  -1.37990511e+00   1.16510064e+01 
  1.51674470e+00  -1.19044676e+00   1.12593231e+01 
  2.58387212e+00  -1.01196142e+00   1.13135790e+01 
 -7.05669131e-01  -1.01432177e+00   1.09968419e+01 
  2.01035364e+00   3.03470434e-01   1.13428072e+01 
  2.17481282e-01  -1.88069758e+00   1.05428118e+01 
  3.38315483e+00  -3.67811474e-01   1.20403967e+01 
 -1.54420031e+00  -1.47394804e+00   1.00256928e+01 
  1.15511986e+00  -3.19164787e-01   1.20353848e+01 
  1.26524751e+00  -1.35619652e+00   1.00211643e+01 
  3.08399026e+00   7.89019917e-01   1.17060718e+01 
 -9.59567315e-01  -1.47809747e+00   8.87773030e+00 
  3.76982895e+00   7.69505003e-01   1.05828328e+01 
  2.17216905e-01  -9.42073717e-01   8.74896919e+00 
  3.86445881e+00  -3.23094175e-01   9.94178682e+00 
  2.13737467e-01   1.42973358e-01   9.30737108e+00 
  4.97701938e+00   9.64562361e-01   1.04251112e+01 
  1.24722793e+00  -1.03024433e+00   8.09429590e+00 
  4.11125413e+00  -9.57698784e-02   8.67775575e+00 
  1.22004429e+00   9.51920839e-01   9.11108181e+00 
  5.05734346e+00   1.49428199e+00   9.27726445e+00 
  1.94458476e+00  -1.65886203e-01   7.51136618e+00 
  4.34481395e+00   1.12196397e+00   8.29075102e+00 
  1.95962053e+00   9.11996550e-01   8.12619771e+00 
  5.31758783e+00  -3.39918401e+01   1.29194451e+01 
  2.00290130e+00  -3.24189845e+01   1.23595492e+01 
  3.75716098e+00  -2.96264799e+01   1.39277855e+01 
  6.76415333e+00  -2.96164498e+01   1.14939516e+01 
  4.51284709e+00  -3.01143738e+01   8.35580374e+00 
  2.29256878e+00  -2.74405493e+01   9.42023430e+00 
  5.44348883e+00  -2.53001280e+01   9.73419396e+00 
  6.67115284e+00  -2.59147571e+01   6.16271486e+00 
  3.17061384e+00  -2.52267816e+01   4.78109129e+00 
  3.17693576e+00  -2.19705307e+01   6.33718564e+00 
  6.75995511e+00  -2.11591360e+01   5.03800399e+00 
  5.80040267e+00  -2.16691942e+01   1.32695387e+00 
  2.42471385e+00  -2.00628291e+01   1.67136505e+00 
  4.35218799e+00  -1.69195588e+01   2.52001344e+00 
  6.80010729e+00  -1.70857379e+01  -4.66896185e-01 
  4.52302399e+00  -1.83316572e+01  -3.31713655e+00 
  1.04334235e+00  -1.73269402e+01  -2.14315874e+00 
 -2.18253490e+00  -1.93857556e+01  -1.52380577e+00 
 -4.87935128e+00  -1.90205729e+01  -4.21226492e+00 
 -8.11631998e+00  -2.09322138e+01  -3.34252217e+00 
 -9.26779481e+00  -1.99352133e+01  -6.92808823e+00 
 -7.54758626e+00  -2.08716341e+01  -1.00413558e+01 
 -5.08778628e+00  -1.82869422e+01  -1.16024175e+01 
 -2.26693752e+00  -1.78925123e+01  -1.41908708e+01 
  1.50917322e+00  -1.81035944e+01  -1.33194467e+01 
  4.31768375e+00  -1.59748249e+01  -1.50114633e+01 
  4.42334811e+00  -1.84164735e+01  -1.75147266e+01 
  5.80836259e-01  -1.80767772e+01  -1.80259457e+01 
 -1.77745897e-01  -2.15523999e+01  -1.64254536e+01 
 -3.19122926e+00  -2.23778556e+01  -1.42354220e+01 
 -2.08653065e+00  -2.27742919e+01  -1.08303226e+01 
 -3.96313606e+00  -2.31352197e+01  -7.55007832e+00 
 -3.17588514e+00  -2.34762245e+01  -3.91605447e+00 
  5.78925455e-01  -2.29291377e+01  -3.31790373e+00 
  2.07972802e+00  -2.28917390e+01  -6.82893757e+00 
  4.29699644e-01  -2.61667694e+01  -7.34774643e+00 
  5.80808947e-01  -2.62863531e+01  -1.09561293e+01 
 -2.92668002e+00  -2.76094551e+01  -1.17935448e+01 
 -2.24160882e+00  -2.74915653e+01  -1.52579323e+01 
 -1.36070699e-01  -2.58573126e+01  -1.79850523e+01 
 -3.61614359e+00  -2.54639257e+01  -1.96925121e+01 
 -5.10407629e+00  -2.21138209e+01  -2.06906768e+01 
 -8.57826602e+00  -2.33329659e+01  -1.95782537e+01 
 -1.00719824e+01  -2.25431271e+01  -1.66279472e+01 
 -1.25452167e+01  -2.50779392e+01  -1.61991841e+01 
 -9.55411897e+00  -2.74684262e+01  -1.65112006e+01 
 -7.80531464e+00  -2.63746807e+01  -1.40413893e+01 
 -1.11867409e+01  -2.66203032e+01  -1.20348621e+01 
 -1.14783155e+01  -2.98608480e+01  -1.23515442e+01 
 -7.85588166e+00  -3.07903891e+01  -1.14274120e+01 
 -8.62475433e+00  -2.91808143e+01  -8.63523483e+00 
 -1.20176033e+01  -3.06470880e+01  -7.49311421e+00 
 -1.01504245e+01  -3.35949561e+01  -7.57685642e+00 
 -7.18456737e+00  -3.30912341e+01  -5.88414693e+00 
 -9.58849457e+00  -3.20741667e+01  -3.25477661e+00 
 -1.24106422e+01  -3.38827724e+01  -2.70323874e+00 
 -1.52825636e+01  -3.15499005e+01  -3.10624459e+00 
 -1.67827120e+01  -2.92701837e+01  -5.61970249e+00 
 -1.49461929e+01  -2.66386605e+01  -5.74386471e+00 
 -1.60553066e+01  -2.44268432e+01  -8.58923908e+00 
 -1.24401131e+01  -2.33533979e+01  -8.94289720e+00 
 -1.25329638e+01  -2.27127185e+01  -5.33067875e+00 
 -1.08848999e+01  -2.48565849e+01  -2.48742057e+00 
 -1.08462000e+01  -2.49669146e+01   1.21472440e+00 
 -7.75353527e+00  -2.44860787e+01   3.05007723e+00 
 -7.46902380e+00  -2.80014216e+01   4.41582392e+00 
 -7.59648106e+00  -2.88464772e+01   8.91578034e-01 
 -4.84257402e+00  -2.65955073e+01  -4.19881536e-01 
 -2.82724979e+00  -2.80921691e+01   2.53144342e+00 
 -3.38788850e+00  -3.14021857e+01   1.43700284e+00 
 -2.11863725e+00  -3.03389565e+01  -2.16285529e+00 
  7.72288293e-01  -2.86998224e+01  -7.37739862e-01 
  1.75888333e+00  -3.16277860e+01   1.56361239e+00 
  1.80186741e+00  -3.33723423e+01  -1.61874510e+00 
  4.06634773e+00  -3.08862025e+01  -3.42941896e+00 
  6.31604737e+00  -3.08519345e+01  -2.51178153e-01 
  6.46754895e+00  -3.43311513e+01   1.48735682e-02 
  7.32820008e+00  -3.39513526e+01  -3.74896563e+00 
  1.00197937e+01  -3.14720950e+01  -3.26510787e+00 
  1.13610282e+01  -3.33355608e+01   6.29720113e-02 
  1.14021798e+01  -3.60562965e+01  -1.73047561e+00 
  1.32777195e+01  -3.40298541e+01  -4.53646032e+00 
  1.57978530e+01  -3.27612026e+01  -1.95446069e+00 
  1.61409390e+01  -3.58509951e+01   1.45904229e-01 
  1.67978904e+01  -3.67690089e+01  -3.25550297e+00 
  1.93091895e+01  -3.40876989e+01  -4.33581438e+00 
  2.27173811e+01  -3.45825013e+01  -2.89860077e+00 
  2.38255766e+01  -3.12664929e+01  -2.68370391e+00 
  2.08240237e+01  -3.09013329e+01  -9.87595733e-01 
  2.01730626e+01  -3.38994938e+01   1.37212696e+00 
  2.32717646e+01  -3.34296717e+01   3.66136654e+00 
  2.27987882e+01  -3.02197360e+01   4.02432775e+00 
  1.91913111e+01  -3.13372801e+01   4.63285422e+00 
  1.98162146e+01  -3.38165035e+01   7.34699513e+00 
  2.24086505e+01  -3.15707146e+01   9.21077258e+00 
  1.99986297e+01  -2.93663197e+01   9.44845155e+00 
  1.74393514e+01  -2.93568433e+01   1.21195663e+01 
  1.38030873e+01  -2.95901258e+01   1.09763556e+01 
  1.38857302e+01  -2.59880703e+01   1.05080753e+01 
  1.68600349e+01  -2.56172241e+01   8.16609478e+00 
  1.52689264e+01  -2.84066560e+01   6.24511943e+00 
  1.23282198e+01  -2.64939194e+01   5.44834852e+00 
  1.47089960e+01  -2.36716851e+01   4.12125406e+00 
  1.61907677e+01  -2.58163886e+01   1.68610790e+00 
  1.27050754e+01  -2.70748884e+01   5.22900518e-01 
  1.17837877e+01  -2.36236703e+01  -1.95692225e-01 
  1.46996246e+01  -2.29326208e+01  -2.53458900e+00 
  1.36278944e+01  -2.59493401e+01  -4.34755791e+00 
  1.00591737e+01  -2.49027413e+01  -4.86014724e+00 
  1.13170098e+01  -2.16583778e+01  -6.45243177e+00 
  1.40847270e+01  -2.25405203e+01  -8.58165032e+00 
  1.35428222e+01  -2.61550811e+01  -8.73995882e+00 
  1.59939271e+01  -2.86127067e+01  -7.28706280e+00 
  1.83516256e+01  -2.76212642e+01  -9.89400655e+00 
  1.84916666e+01  -2.41526189e+01  -9.44743844e+00 
  1.93220317e+01  -2.48481639e+01  -5.77545017e+00 
  2.18120952e+01  -2.71509814e+01  -6.08872281e+00 
  2.36660245e+01  -2.43096242e+01  -7.91201368e+00 
  2.45431126e+01  -2.28856282e+01  -4.65955023e+00 
  2.72836938e+01  -2.48634626e+01  -3.69686100e+00 
  2.93848905e+01  -2.26255628e+01  -1.48978820e+00 
  2.66183847e+01  -2.19641802e+01   3.71447569e-01 
  2.53071589e+01  -2.54209172e+01   7.96763880e-01 
  2.85355473e+01  -2.61281595e+01   2.35397235e+00 
  2.87589410e+01  -2.35631712e+01   4.76964999e+00 
  2.53891671e+01  -2.47647468e+01   5.76934169e+00 
  2.61915993e+01  -2.80459293e+01   6.44762434e+00 
  2.89288812e+01  -2.66536323e+01   8.78666230e+00 
  2.68220943e+01  -2.49553246e+01   1.07670374e+01 
  2.88823923e+01  -2.18729306e+01   9.46123722e+00 
  2.59354738e+01  -2.02190181e+01   9.29193357e+00 
  2.73138906e+01  -1.67784132e+01   8.97934972e+00 
  2.95189435e+01  -1.73195761e+01   6.13312446e+00 
  2.68230189e+01  -1.92098440e+01   4.23408193e+00 
  2.46797110e+01  -1.64719576e+01   4.57168182e+00 
  2.73175533e+01  -1.40110054e+01   3.15016083e+00 
  2.77904701e+01  -1.60373519e+01   2.22027831e-01 
  2.41443152e+01  -1.66743717e+01  -7.16992792e-01 
  2.37337472e+01  -1.30886732e+01  -7.28283340e-01 
  2.60363393e+01  -1.25637553e+01  -3.62169037e+00 
  2.38828407e+01  -1.47996777e+01  -5.81148708e+00 
  2.17265692e+01  -1.39297597e+01  -8.97928048e+00 
  1.88535126e+01  -1.55251580e+01  -7.15846312e+00 
  1.94373813e+01  -1.30141075e+01  -4.48177016e+00 
  1.93545295e+01  -1.02011793e+01  -7.21346623e+00 
  1.61297546e+01  -1.15174629e+01  -8.93664445e+00 
  1.41666293e+01  -1.23867917e+01  -5.80686166e+00 
  1.59556869e+01  -1.05359377e+01  -2.95374230e+00 
  1.30704797e+01  -1.07442180e+01  -3.95782667e-01 
  1.25614863e+01  -1.44880006e+01  -5.67966303e-01 
  1.63162422e+01  -1.50898141e+01  -6.91021492e-01 
  1.69725946e+01  -1.31092489e+01   2.50288779e+00 
  1.43630308e+01  -1.52101052e+01   4.62249999e+00 
  1.56772031e+01  -1.84249844e+01   3.45290807e+00 
  1.93120804e+01  -1.72629555e+01   4.17730309e+00 
  1.84026004e+01  -1.62616450e+01   7.76492032e+00 
  1.66829681e+01  -1.96518921e+01   8.51103677e+00 
  1.98090250e+01  -2.11330918e+01   7.50156863e+00 
  2.19219301e+01  -1.87961503e+01   9.80040859e+00 
  1.99376846e+01  -1.92930729e+01   1.30461355e+01 
  1.80959773e+01  -2.25723021e+01   1.27228849e+01 
  1.49542233e+01  -2.11870498e+01   1.39258209e+01 
  1.15816360e+01  -2.01978523e+01   1.23596227e+01 
  1.23721889e+01  -1.67043688e+01   1.36399281e+01 
  1.25929112e+01  -1.51061295e+01   9.91039441e+00 
  9.04177699e+00  -1.64110090e+01   9.03565120e+00 
  7.49409827e+00  -1.58076763e+01   1.26609163e+01 
  8.82543214e+00  -1.22434290e+01   1.23093397e+01 
  7.42783628e+00  -1.18881967e+01   8.52495839e+00 
  3.89216021e+00  -1.30553207e+01   9.86626387e+00 
  3.77244656e+00  -1.07454633e+01   1.28929430e+01 
  4.77831163e+00  -7.94798640e+00   1.02570664e+01 
  1.98334947e+00  -8.86088586e+00   7.69636890e+00 
 -8.37308593e-01  -8.94435170e+00   1.06110898e+01 
  2.51460687e-01  -5.72639611e+00   1.20348307e+01 
  4.41075414e-01  -3.99964069e+00   8.36762552e+00 
 -3.04975628e+00  -5.39543875e+00   7.37812622e+00 
 -4.88679130e+00  -4.03095777e+00   1.05744060e+01 
 -3.09279387e+00  -6.74750243e-01   9.85866658e+00 
 -4.21563387e+00  -4.99810602e-01   6.05013942e+00 
 -7.99127719e+00  -1.43589805e+00   7.04746640e+00 
 -8.05757328e+00   1.31934869e+00   9.62260396e+00 
 -6.53213675e+00   3.87012662e+00   6.84381233e+00 
 -9.43254760e+00   2.86463690e+00   4.41554873e+00 
 -1.22099212e+01   3.13757353e+00   7.21060562e+00 
 -1.07426457e+01   6.64604819e+00   8.24667162e+00 
 -1.05881326e+01   7.98690849e+00   4.59545121e+00 
 -1.42264663e+01   6.56993836e+00   3.82039317e+00 
 -1.59856343e+01   7.38016984e+00   7.23121035e+00 
 -1.41344562e+01   1.09125352e+01   7.49628154e+00 
 -1.50782866e+01   1.18536175e+01   3.94427719e+00 
 -1.86577324e+01   1.02883043e+01   4.25992579e+00 
 -1.90521977e+01   1.21421112e+01   7.81703357e+00 
 -1.77712494e+01   1.54177498e+01   6.19791468e+00 
 -2.00496599e+01   1.47906343e+01   3.13841617e+00 
 -2.29495180e+01   1.37301272e+01   5.62148301e+00 
 -2.20864518e+01   1.66007093e+01   8.21381227e+00 
 -2.19614334e+01   1.90778301e+01   5.31514904e+00 
 -2.49473543e+01   1.73883809e+01   3.69426279e+00 
 -2.69264427e+01   1.70476793e+01   7.07823683e+00 
 -2.57300765e+01   2.02842426e+01   8.84750671e+00 
 -2.65408633e+01   2.33044377e+01   7.47489631e+00 
 -2.39667440e+01   2.54270410e+01   9.43902073e+00 
 -2.15687270e+01   2.37081145e+01   7.38584332e+00 
 -2.27588011e+01   2.42596270e+01   3.92698603e+00 
 -2.00118195e+01   2.69956715e+01   3.64658600e+00 
 -1.79056192e+01   2.76671401e+01   4.94496841e-01 
 -1.48143905e+01   2.66784852e+01   1.81727978e+00 
 -1.69598455e+01   2.35972900e+01   2.61877972e+00 
 -1.79185040e+01   2.28875467e+01  -9.83365288e-01 
 -1.41648720e+01   2.26968573e+01  -1.95876895e+00 
 -1.40660577e+01   2.06683933e+01   9.95695034e-01 
 -1.70026879e+01   1.84176017e+01  -3.61849732e-01 
 -1.50377821e+01   1.79949795e+01  -3.72944416e+00 
 -1.19249240e+01   1.72876911e+01  -2.01167421e+00 
 -1.40032615e+01   1.48388230e+01   1.84912654e-01 
 -1.55016134e+01   1.31230966e+01  -2.91776955e+00 
 -1.20349937e+01   1.26190006e+01  -4.67026983e+00 
 -1.07210025e+01   1.14223951e+01  -1.43258077e+00 
 -1.38632845e+01   9.09731822e+00  -1.00496229e+00 
 -1.31814520e+01   7.37401391e+00  -4.40792445e+00 
 -9.47780599e+00   7.13116825e+00  -3.45434740e+00 
 -1.05812751e+01   5.38648349e+00  -2.27752901e-01 
 -1.31088099e+01   2.98877512e+00  -1.88972981e+00 
 -1.11208530e+01   1.86166114e+00  -4.95497504e+00 
 -7.41209134e+00   2.95317203e+00  -4.97092143e+00 
 -6.12260154e+00   2.45186915e+00  -1.46636564e+00 
 -7.65846575e+00  -1.09242268e+00  -7.82699285e-01 
 -6.04254246e+00  -2.63252132e+00  -3.87416291e+00 
 -2.65199733e+00  -7.84198822e-01  -3.45518502e+00 
 -2.51595394e+00  -2.23399653e+00   1.49932786e-01 
 -2.42010123e+00  -5.76611609e+00  -1.15885985e+00 
  8.91792691e-01  -5.08955323e+00  -3.14976207e+00 
  2.63370066e+00  -3.72885499e+00  -1.17288562e-02 
  1.46727138e+00  -6.55297273e+00   2.46816122e+00 
  2.10992565e+00  -9.49167043e+00   1.13906189e-01 
  4.96442985e+00  -8.15643145e+00  -2.15349559e+00 
  2.94723632e+00  -9.09625624e+00  -5.33462359e+00 
 -3.45929826e-01  -8.32563985e+00  -7.37832236e+00 
 -3.15675810e+00  -1.09567032e+01  -7.05082589e+00 
 -5.96781345e+00  -9.45253164e+00  -9.43576976e+00 
 -4.31607109e+00  -9.99141621e+00  -1.27318118e+01 
 -3.07434905e+00  -7.57695040e+00  -1.53596207e+01 
 -6.39523133e+00  -5.91240570e+00  -1.63892988e+01 
 -7.43761874e+00  -4.88536774e+00  -1.31169448e+01 
 -3.90681376e+00  -3.53748561e+00  -1.26794894e+01 
 -4.41681691e+00  -9.92403324e-01  -1.53888337e+01 
 -7.89939555e+00   7.87238965e-02  -1.42361333e+01 
 -6.69310840e+00   5.36958804e-01  -1.08947208e+01 
 -3.68441475e+00   2.65173456e+00  -1.19966499e+01 
 -6.08463239e+00   4.94133396e+00  -1.38192048e+01 
 -8.41298775e+00   5.60009119e+00  -1.09682216e+01 
 -5.32777977e+00   6.33740053e+00  -8.92901149e+00 
 -3.90535476e+00   9.11639730e+00  -1.11015930e+01 
 -7.45515616e+00   1.05367547e+01  -1.13539319e+01 
 -8.14738803e+00   1.09538921e+01  -7.76046607e+00 
 -4.58518437e+00   1.23094914e+01  -7.05552927e+00 
 -4.76925893e+00   1.50144637e+01  -9.54355987e+00 
 -8.26874965e+00   1.59866139e+01  -8.38381638e+00 
 -7.48248664e+00   1.61887358e+01  -4.80948668e+00 
 -4.23253047e+00   1.83650541e+01  -5.34762262e+00 
 -5.65708077e+00   2.07457560e+01  -7.56210213e+00 
 -8.59380943e+00   2.11081535e+01  -5.05820854e+00 
 -6.17576074e+00   2.19851706e+01  -2.33984497e+00 
 -4.52493772e+00   2.46298715e+01  -4.48396789e+00 
 -7.87591961e+00   2.59266943e+01  -4.74551874e+00 
 -8.59288948e+00   2.58902827e+01  -9.98802464e-01 
 -5.13422755e+00   2.77067588e+01  -3.63216207e-01 
 -5.88336053e+00   3.02166344e+01  -2.45786569e+00 
 -9.26400073e+00   3.02921589e+01  -7.34313142e-01 
 -7.81411987e+00   3.06988034e+01   2.76917384e+00 
 -4.90728823e+00   3.30122097e+01   1.89704967e+00 
 -7.40384488e+00   3.48934040e+01   9.33744947e-01 
 -9.49223009e+00   3.42957535e+01   4.17637254e+00 
 -6.57800768e+00   3.53681828e+01   6.62368023e+00 
 -4.77466591e+00   3.77265602e+01   4.96540973e+00 
 -8.12498405e+00   3.87264552e+01   4.37712786e+00 
 -1.09905587e+01   3.74791150e+01   6.52160379e+00 
 -1.36152525e+01   3.88655853e+01   6.41720431e+00 
 -1.26927388e+01   3.88360264e+01   2.38003220e+00 
 -1.28906675e+01   3.60081138e+01   1.52097635e+00 
 -1.65240102e+01   3.56773890e+01   2.45945714e+00 
 -1.68113971e+01   3.70585992e+01  -3.94783357e-01 
 -1.42347017e+01   3.58749435e+01  -3.15665156e+00 
 -1.54501650e+01   3.28507689e+01  -3.29468833e+00 
 -1.88283075e+01   3.17065964e+01  -4.23421913e+00 
 -2.07227877e+01   2.83956513e+01  -4.50690711e+00 
 -2.06302649e+01   2.78457352e+01  -7.98761922e+00 
 -1.68902359e+01   2.91852675e+01  -8.44857518e+00 
 -1.63186258e+01   2.70288079e+01  -6.29335562e+00 
 -1.83461674e+01   2.40279822e+01  -8.15835001e+00 
 -1.66097958e+01   2.49171787e+01  -1.11671235e+01 
 -1.32462029e+01   2.50205592e+01  -9.93660761e+00 
 -1.43127708e+01   2.16292363e+01  -8.87744681e+00 
 -1.54871080e+01   2.00853389e+01  -1.20757359e+01 
 -1.23386486e+01   2.14691823e+01  -1.36649854e+01 
 -1.02057120e+01   1.99803969e+01  -1.15252301e+01 
 -1.20268904e+01   1.65051966e+01  -1.21503411e+01 
 -1.18640723e+01   1.66212691e+01  -1.56243209e+01 
 -8.15739071e+00   1.74685303e+01  -1.57261596e+01 
 -7.68582856e+00   1.46763044e+01  -1.36572592e+01 
 -9.54539362e+00   1.20467968e+01  -1.58277861e+01 
 -7.59704638e+00   1.30540968e+01  -1.86519970e+01 
 -4.23706236e+00   1.27384695e+01  -1.71812651e+01 
 -5.22138740e+00   9.29488842e+00  -1.59320680e+01 
 -7.63726968e+00   6.94647052e+00  -1.77230897e+01 
 -6.68131470e+00   7.97991745e+00  -2.08713710e+01 
 -2.90682439e+00   7.37787508e+00  -2.09437751e+01 
 -3.01684157e+00   4.26043175e+00  -1.89383064e+01 
 -5.74303616e+00   2.17118145e+00  -2.05478698e+01 
 -4.20229276e+00   3.03404991e+00  -2.35489236e+01 
 -8.00928719e-01   1.72182251e+00  -2.24730182e+01 
  7.77018645e-01   5.20240114e+00  -2.31753369e+01 
  2.34481226e+00   5.25569281e+00  -2.00250191e+01 
  4.28496177e+00   1.81843305e+00  -2.06000933e+01 
  8.08128185e+00   1.74279529e+00  -2.05768190e+01 
  1.00660914e+01  -4.83749586e-01  -2.26915224e+01 
  1.28220059e+01  -1.87444230e+00  -2.04999941e+01 
  1.31639761e+01  -5.73473438e+00  -1.99682310e+01 
  1.24605141e+01  -5.27090824e+00  -1.66398802e+01 
  9.23134437e+00  -3.19170782e+00  -1.75109423e+01 
  8.11672785e+00  -5.88425242e+00  -1.97884358e+01 
  8.78312457e+00  -8.69307011e+00  -1.72251550e+01 
  6.51371902e+00  -6.74712554e+00  -1.51135814e+01 
  3.69381343e+00  -6.07748517e+00  -1.76423935e+01 
  3.78580412e+00  -9.88546677e+00  -1.83166756e+01 
  3.82551812e+00  -1.10631092e+01  -1.48702372e+01 
  1.47422061e-01  -1.10529806e+01  -1.36177120e+01 
  1.85699336e+00  -1.08650812e+01  -1.02185103e+01 
  3.58510180e+00  -7.54831236e+00  -1.11843607e+01 
  1.66384993e+00  -4.12605867e+00  -1.11151829e+01 
  4.62175198e+00  -1.68758347e+00  -1.08489297e+01 
  4.17082967e+00   2.00555473e+00  -1.19847778e+01 
  6.84692192e+00   1.75052785e+00  -1.46402275e+01 
  6.26806637e+00   4.66042690e+00  -1.69218219e+01 
  7.92795312e+00   6.07941971e+00  -1.97307519e+01 
  9.56679307e+00   9.53810158e+00  -1.93219995e+01 
  6.92263566e+00   1.14988343e+01  -2.09065778e+01 
  4.03072485e+00   1.03614465e+01  -1.89791764e+01 
  6.08492310e+00   1.07990354e+01  -1.60246687e+01 
  6.78002296e+00   1.45231537e+01  -1.65898312e+01 
  3.42021011e+00   1.54255420e+01  -1.77776753e+01 
  1.44110303e+00   1.38621851e+01  -1.52496501e+01 
  3.72236300e+00   1.54391292e+01  -1.26786967e+01 
  3.60022081e+00   1.89669320e+01  -1.37642364e+01 
 -1.26454805e-01   1.89721558e+01  -1.39063379e+01 
 -9.72004650e-01   1.70708439e+01  -1.10439627e+01 
  1.58484776e+00   1.87078624e+01  -8.78945006e+00 
  4.21728865e+00   2.12731217e+01  -9.70416420e+00 
  1.90261982e+00   2.37649323e+01  -1.06197556e+01 
 -3.81487693e-01   2.35428685e+01  -7.68206186e+00 
  2.64614599e+00   2.36985668e+01  -5.54419251e+00 
  4.15464308e+00   2.67336618e+01  -6.59644588e+00 
  9.22066667e-01   2.83176038e+01  -5.97269295e+00 
  3.49591927e-01   2.73149347e+01  -2.66256138e+00 
  3.94672807e+00   2.82708537e+01  -1.60333164e+00 
  3.74388568e+00   3.13777326e+01  -2.36640619e+00 
  4.79124739e-01   3.18156981e+01  -6.42742452e-01 
  1.55481680e+00   3.07399485e+01   2.49081180e+00 
  4.89761907e+00   3.24880221e+01   2.79188363e+00 
  2.92898255e+00   3.50738521e+01   2.91152695e+00 
  6.08532261e-01   3.43224761e+01   5.57289421e+00 
  3.51768282e+00   3.36809309e+01   7.70294677e+00 
  5.47795619e+00   3.62166317e+01   7.66564353e+00 
  2.34122197e+00   3.76212305e+01   8.90086089e+00 
  1.80743899e+00   3.61334231e+01   1.18017212e+01 
  5.61688058e+00   3.62140246e+01   1.29699887e+01 
  5.51846478e+00   3.87681873e+01   1.33779829e+01 
  2.63358642e+00   3.85494162e+01   1.57610092e+01 
  4.36487153e+00   3.67628881e+01   1.81055327e+01 
  7.81668561e+00   3.76991527e+01   1.87475852e+01 
  5.68301827e+00   3.89162899e+01   2.06509170e+01 
  3.80265135e+00   3.75261636e+01   2.31679421e+01 
  4.21475707e+00   3.53056982e+01   2.55102601e+01 
  3.24457435e-01   3.48473993e+01   2.59772835e+01 
 -1.02791057e+00   3.56254881e+01   2.20187193e+01 
  1.41912953e+00   3.38349419e+01   2.13042781e+01 
 -1.61777088e+00   3.17858871e+01   2.23544138e+01 
 -4.03630217e+00   3.25849460e+01   1.94786476e+01 
 -1.60701273e+00   3.33942336e+01   1.65779944e+01 
  6.94860982e-01   3.08022101e+01   1.75312407e+01 
 -2.62601444e+00   2.90570425e+01   1.69898203e+01 
 -3.15033802e+00   3.03466010e+01   1.33928621e+01 
  5.63900782e-01   3.01074955e+01   1.22396030e+01 
  8.10316286e-01   2.69827369e+01   1.36320173e+01 
 -2.48385742e+00   2.61517099e+01   1.15529143e+01 
 -8.90550798e-01   2.73519402e+01   8.24624653e+00 
  2.56282589e+00   2.58894798e+01   8.69058781e+00 
  5.28010805e-01   2.28538391e+01   9.25673191e+00 
 -1.55124156e+00   2.29716874e+01   5.98161119e+00 
  1.56635791e+00   2.37288721e+01   3.63259997e+00 
  4.08530014e+00   2.18245777e+01   5.43194419e+00 
  1.65535696e+00   1.87853816e+01   5.32087096e+00 
  8.49330746e-01   1.90690255e+01   1.59456200e+00 
  4.63576770e+00   1.97048694e+01   4.10303567e-01 
  6.07151178e+00   1.71877168e+01   2.56141072e+00 
  3.26275955e+00   1.45895057e+01   1.32529572e+00 
  3.58630266e+00   1.51014628e+01  -2.45158232e+00 
  7.05646855e+00   1.68374858e+01  -3.39468202e+00 
  9.30102033e+00   1.38606186e+01  -2.88204653e+00 
  7.02001544e+00   1.15486624e+01  -5.03930079e+00 
  6.86834361e+00   1.38702892e+01  -7.94675804e+00 
  1.06621454e+01   1.46530032e+01  -7.83243460e+00 
  1.14397265e+01   1.09102251e+01  -7.67371636e+00 
  8.91295774e+00   1.00950507e+01  -1.04553132e+01 
  1.07293867e+01   1.24434142e+01  -1.27201107e+01 
  1.42605218e+01   1.13396283e+01  -1.16506993e+01 
  1.33763245e+01   7.56074082e+00  -1.19444544e+01 
  1.20105685e+01   7.91869257e+00  -1.53411664e+01 
  1.54879417e+01   9.13025952e+00  -1.62328474e+01 
  1.78196539e+01   7.29480951e+00  -1.39178826e+01 
  1.61206532e+01   4.16153866e+00  -1.27700525e+01 
  1.92555211e+01   3.13651334e+00  -1.07521067e+01 
  1.92565725e+01   6.43556024e+00  -8.70944414e+00 
  1.58129525e+01   5.84024539e+00  -7.18040097e+00 
  1.54048465e+01   2.45209362e+00  -5.44410265e+00 
  1.18082334e+01   9.08184210e-01  -5.82887078e+00 
  1.11694120e+01   9.24584791e-01  -2.06532250e+00 
  1.19180424e+01   4.71217464e+00  -1.88409905e+00 
  9.54149526e+00   5.34989222e+00  -4.80945730e+00 
  6.53894459e+00   3.33205923e+00  -3.20572051e+00 
  7.13721659e+00   5.10276975e+00   1.37891461e-01 
  6.85041235e+00   8.54098404e+00  -1.48423177e+00 
  3.52987348e+00   7.47257356e+00  -3.24128052e+00 
  1.80561896e+00   6.28335678e+00   6.70666990e-02 
  2.93533742e+00   9.55686715e+00   1.72137209e+00 
  9.12689799e-01   1.12437758e+01  -9.78427984e-01 
 -2.34021309e+00   8.97467492e+00  -2.40453653e-01 
 -2.30161727e+00   9.89519402e+00   3.48092553e+00 
 -3.06339624e+00   1.34622375e+01   2.57355721e+00 
 -6.80031690e+00   1.21555443e+01   1.86430879e+00 
 -7.38204732e+00   1.12328954e+01   5.53831505e+00 
 -5.79212971e+00   1.45969933e+01   6.86776493e+00 
 -7.91294299e+00   1.67367947e+01   4.78433418e+00 
 -1.12465984e+01   1.61963048e+01   7.04139447e+00 
 -9.25078299e+00   1.70619510e+01   1.02939454e+01 
 -7.30285045e+00   2.00776600e+01   8.85803079e+00 
 -1.01384275e+01   2.16110003e+01   7.19541756e+00 
 -1.32269164e+01   2.06182488e+01   9.52191631e+00 
 -1.19457305e+01   2.21416538e+01   1.29386916e+01 
 -1.44011690e+01   2.46057714e+01   1.34593547e+01 
 -1.66444219e+01   2.44766505e+01   1.66106846e+01 
 -1.94484056e+01   2.38384885e+01   1.41181905e+01 
 -1.80853211e+01   2.08626170e+01   1.25035165e+01 
 -1.75209897e+01   1.97965542e+01   1.61086763e+01 
 -2.10108405e+01   2.01650260e+01   1.71522279e+01 
 -2.22382932e+01   1.84821096e+01   1.38448639e+01 
 -2.01940444e+01   1.56539671e+01   1.43024404e+01 
 -2.12654475e+01   1.54549243e+01   1.80978709e+01 
 -2.47260139e+01   1.53323888e+01   1.69674825e+01 
 -2.43590500e+01   1.27110096e+01   1.41500868e+01 
 -2.24688055e+01   1.06446666e+01   1.64729445e+01 
 -2.45705199e+01   1.10343977e+01   1.96842522e+01 
 -2.73594391e+01   9.89933883e+00   1.74047022e+01 
 -2.57160458e+01   6.97191780e+00   1.60762088e+01 
 -2.49304751e+01   6.10969670e+00   1.99992483e+01 
 -2.81629530e+01   6.12786659e+00   2.09609470e+01 
 -2.90696104e+01   3.93985755e+00   1.78865623e+01 
 -2.68106602e+01   1.41476906e+00   1.90543501e+01 
 -2.76947926e+01   1.16541738e+00   2.29020522e+01 

   6.413181472844e+03 

