 -2.55273685e-01   2.14330565e+00   2.92805278e+00 
 -9.77705761e-01   1.54379131e+00   1.95234927e+00 
 -3.62024025e-01   1.22462377e+00   8.16976483e-01 
  9.46799599e-01   1.41736238e+00   7.19264477e-01 
  1.67888820e+00   2.10319399e+00   1.64960420e+00 
  1.07968808e+00   2.31055310e+00   2.87081909e+00 
  2.96463917e+00   1.93582317e+00   1.33143110e+00 
  3.05032088e+00   1.04880514e+00   3.31719721e-01 
  1.79750258e+00   9.94416075e-01  -1.88057331e-01 
 -9.04377640e-01   2.40392253e+00   4.18212161e+00 
 -2.07029721e+00   9.30158156e-01   2.15118803e+00 
 -1.03449197e+00   5.07613442e-01  -2.33180854e-01 
  1.83219537e+00   2.65632702e+00   3.80082313e+00 
  4.06830979e+00   2.56890502e+00   2.05036685e+00 
  5.78006429e+00  -2.79177034e+00  -9.74168070e+00 
  2.88625562e+00  -4.64419823e+00  -1.12632271e+01 
  1.16496604e+01  -4.20280110e+00  -8.15244611e+00 
  1.03237489e+01   3.13737968e+00  -5.98969327e+00 
  8.67552195e+00  -2.16218642e-01  -5.03284288e+00 
  5.23605913e+00   1.28755887e+00  -4.40734689e+00 
  2.18273080e+00  -1.33368791e-01  -6.13266894e+00 
 -8.09524417e-01   2.22152534e+00  -6.24095739e+00 
  6.79703720e-01   4.43688440e+00  -3.58550981e+00 
  2.01869046e+00   7.94227102e+00  -3.55285618e+00 
  5.15657111e+00   8.76544398e+00  -1.55819348e+00 
  6.06663375e+00   1.24468287e+01  -1.84887454e+00 
 -7.98205514e+00   5.33587338e+00  -4.42042233e+00 
 -6.85737417e+00   8.58238765e+00  -2.70210107e+00 
 -3.51231481e+00   7.32919633e+00  -1.40268613e+00 
 -2.39601913e+00   6.75252588e+00  -4.99733184e+00 
 -3.15922448e+00   1.03505142e+01  -5.94766164e+00 
 -9.81648537e-02   1.24955126e+01  -6.61078496e+00 
  6.91775148e-01  -7.23506967e+00  -5.33239923e+00 
 -3.17722410e-01  -7.64576671e+00  -1.68581148e+00 
 -2.94863472e+00  -4.96711157e+00  -8.84109946e-01 
 -5.80488541e+00  -4.56118477e+00   1.54697748e+00 
 -8.00382174e+00  -3.51495348e+00  -1.36223647e+00 
 -7.13589574e+00  -6.70901736e+00  -3.29658698e+00 
 -5.82270735e+00  -1.15295832e+01  -5.66946523e-02 
  4.41433487e+00  -6.02809077e+00  -4.48552894e-01 
  5.78665673e+00  -2.48836036e+00  -6.51190605e-01 
  8.55276176e+00  -2.34044225e+00   2.00667870e+00 
  6.88195517e+00   2.90975837e-01   4.13451836e+00 
  3.37364059e+00  -1.20676601e+00   3.92634569e+00 
  3.11186753e+00  -2.74726225e+00   7.37721463e+00 
 -3.39200494e-01  -4.30350186e+00   6.97704029e+00 
  6.67748462e-01  -5.89444142e+00   3.65899624e+00 
  3.70924278e+00  -7.43414054e+00   5.31264091e+00 
  1.51556563e+00  -8.70386499e+00   8.14183780e+00 
 -7.58931184e-01  -1.04288659e+01   5.60039379e+00 
 -9.67967590e+00  -2.29949274e+00  -8.87495992e+00 
 -5.06023808e+00  -7.79970359e+00   1.15326079e+01 

   4.627075795855e-01 

