 -1.71837011e-01   2.07049742e+00   2.99602790e+00 
 -9.16730544e-01   1.46854664e+00   2.03889309e+00 
 -3.36766891e-01   1.17891364e+00   8.77103675e-01 
  9.63000072e-01   1.40223704e+00   7.34106439e-01 
  1.71395672e+00   2.09135241e+00   1.64681068e+00 
  1.15608783e+00   2.26839911e+00   2.89214049e+00 
  2.99036004e+00   1.95724092e+00   1.27908757e+00 
  3.05821266e+00   1.08628139e+00   2.64029973e-01 
  1.78845703e+00   1.01102520e+00  -2.10019669e-01 
 -7.79508267e-01   2.29922679e+00   4.27679873e+00 
 -1.98749058e+00   8.27877849e-01   2.26883081e+00 
 -1.03193578e+00   4.61628682e-01  -1.57974605e-01 
  1.93489389e+00   2.61789426e+00   3.79881821e+00 
  4.10585956e+00   2.60486281e+00   1.96611261e+00 
  5.49526014e+00  -2.55262716e+00  -9.95824937e+00 
  2.58811837e+00  -4.44813257e+00  -1.13991751e+01 
  1.14492644e+01  -3.85379893e+00  -8.60703126e+00 
  1.00445181e+01   3.42425801e+00  -6.28965696e+00 
  8.50661999e+00   2.17096947e-02  -5.32200866e+00 
  5.06073007e+00   1.43934961e+00  -4.54832799e+00 
  1.97720826e+00  -2.55603530e-02  -6.18067250e+00 
 -1.06773622e+00   2.26308030e+00  -6.14421590e+00 
  4.70313645e-01   4.47427861e+00  -3.51323370e+00 
  1.73268429e+00   8.00795647e+00  -3.47860508e+00 
  4.92372923e+00   8.87348206e+00  -1.58895090e+00 
  5.74171212e+00   1.25779786e+01  -1.85900981e+00 
 -8.23404065e+00   5.19068265e+00  -4.01539346e+00 
 -7.11752798e+00   8.43749033e+00  -2.29231050e+00 
 -3.69994009e+00   7.24161813e+00  -1.13541445e+00 
 -2.70558431e+00   6.73980636e+00  -4.77678581e+00 
 -3.58196593e+00   1.03326153e+01  -5.64556655e+00 
 -5.95245738e-01   1.25545384e+01  -6.38948226e+00 
  6.72534671e-01  -7.16921713e+00  -5.43013700e+00 
 -1.91649035e-01  -7.65276525e+00  -1.75525975e+00 
 -2.84886983e+00  -5.04499728e+00  -8.18068980e-01 
 -5.62105085e+00  -4.73675197e+00   1.72222592e+00 
 -7.94884270e+00  -3.69985013e+00  -1.08841266e+00 
 -7.08377375e+00  -6.84664907e+00  -3.09997060e+00 
 -5.54614250e+00  -1.16809590e+01   1.84168463e-02 
  4.54663199e+00  -5.94688819e+00  -6.69517807e-01 
  5.83281357e+00  -2.37487142e+00  -8.70685803e-01 
  8.69181758e+00  -2.20184808e+00   1.68540369e+00 
  7.04408688e+00   3.61841747e-01   3.91163457e+00 
  3.56401415e+00  -1.21098554e+00   3.81087420e+00 
  3.46430648e+00  -2.80452577e+00   7.24610876e+00 
  3.55855078e-02  -4.43191638e+00   6.95052775e+00 
  9.53143438e-01  -5.95390553e+00   3.57470709e+00 
  4.08687403e+00  -7.44788285e+00   5.09251972e+00 
  2.02803142e+00  -8.80535757e+00   7.98168857e+00 
 -3.01039278e-01  -1.05455293e+01   5.50071886e+00 
 -9.92869003e+00  -2.41842972e+00  -8.51572574e+00 
 -4.43548499e+00  -8.09551723e+00   1.16251768e+01 

   4.627069678372e-01 

