 -2.05310939e-01   2.02466884e+00   3.01415798e+00 
 -9.40588905e-01   1.41549413e+00   2.05414712e+00 
 -3.57781540e-01   1.14582852e+00   8.88986025e-01 
  9.37048594e-01   1.39553378e+00   7.44815063e-01 
  1.67655014e+00   2.09238448e+00   1.66099183e+00 
  1.11826824e+00   2.24908523e+00   2.90888523e+00 
  2.95446842e+00   1.98591820e+00   1.28948572e+00 
  3.03691545e+00   1.12394497e+00   2.67811975e-01 
  1.76776318e+00   1.02754912e+00  -2.04024532e-01 
 -8.14370204e-01   2.23206873e+00   4.29789468e+00 
 -1.99811799e+00   7.52369500e-01   2.28163374e+00 
 -1.04125625e+00   4.22863893e-01  -1.49917397e-01 
  1.89222043e+00   2.60707159e+00   3.81640620e+00 
  4.05876501e+00   2.64998613e+00   1.97892579e+00 
  5.52046938e+00  -2.39062677e+00  -9.98672148e+00 
  2.64743566e+00  -4.33167319e+00  -1.14354123e+01 
  1.15018287e+01  -3.58551485e+00  -8.65832123e+00 
  9.96102462e+00   3.64634803e+00  -6.28350211e+00 
  8.49194599e+00   2.07371934e-01  -5.33796729e+00 
  5.02091849e+00   1.55177961e+00  -4.54614877e+00 
  1.96270260e+00   3.92268599e-02  -6.18265244e+00 
 -1.12614409e+00   2.26774860e+00  -6.12239488e+00 
  3.74708933e-01   4.48888459e+00  -3.47833741e+00 
  1.56810357e+00   8.04613878e+00  -3.42006918e+00 
  4.74608981e+00   8.95962422e+00  -1.53097368e+00 
  5.49113699e+00   1.26812668e+01  -1.77510754e+00 
 -8.34310097e+00   5.03920831e+00  -3.95601587e+00 
 -7.28599851e+00   8.29425882e+00  -2.21114771e+00 
 -3.84307205e+00   7.15665814e+00  -1.07073162e+00 
 -2.84766006e+00   6.70140924e+00  -4.71792384e+00 
 -3.79586817e+00   1.02828152e+01  -5.55788734e+00 
 -8.54732221e-01   1.25680003e+01  -6.29172454e+00 
  7.99158518e-01  -7.13388897e+00  -5.48271073e+00 
 -4.68513892e-02  -7.66150217e+00  -1.80966547e+00 
 -2.75215673e+00  -5.11306293e+00  -8.47179461e-01 
 -5.52387526e+00  -4.87781738e+00   1.70141827e+00 
 -7.87797551e+00  -3.86560521e+00  -1.09627253e+00 
 -6.95649410e+00  -6.97989638e+00  -3.13320862e+00 
 -5.31771749e+00  -1.18063778e+01  -5.44420477e-02 
  4.65982553e+00  -5.87170128e+00  -7.21579567e-01 
  5.87572946e+00  -2.27390324e+00  -8.98846534e-01 
  8.73679264e+00  -2.06420641e+00   1.65219094e+00 
  7.04466184e+00   4.50257042e-01   3.90114379e+00 
  3.59564876e+00  -1.18930345e+00   3.79625013e+00 
  3.53501698e+00  -2.80997981e+00   7.21967978e+00 
  1.37954492e-01  -4.50164499e+00   6.91944601e+00 
  1.07708787e+00  -5.98032746e+00   3.53033705e+00 
  4.24285730e+00  -7.42417717e+00   5.03006461e+00 
  2.21759802e+00  -8.84296579e+00   7.91350419e+00 
 -8.29206496e-02  -1.06097251e+01   5.42469717e+00 
 -9.89975187e+00  -2.56781338e+00  -8.50944087e+00 
 -4.24998380e+00  -8.28634956e+00   1.15763532e+01 

   4.627072826855e-01 

