 -1.24183020e-01   1.89072546e+00   3.10976538e+00 
 -8.73401867e-01   1.24790707e+00   2.18306061e+00 
 -3.45926492e-01   1.03886029e+00   9.79703875e-01 
  9.17581571e-01   1.38023895e+00   7.63521774e-01 
  1.66239330e+00   2.11143484e+00   1.64809698e+00 
  1.17204848e+00   2.20830043e+00   2.93013669e+00 
  2.91948716e+00   2.10014725e+00   1.19865837e+00 
  2.99800220e+00   1.26320908e+00   1.56135703e-01 
  1.71193468e+00   1.08665712e+00  -2.40770191e-01 
 -6.66297004e-01   2.03382166e+00   4.43172558e+00 
 -1.86728365e+00   5.09267871e-01   2.45957717e+00 
 -1.04063816e+00   2.87512692e-01  -3.12325706e-02 
  1.97374110e+00   2.60412454e+00   3.79693730e+00 
  4.01586410e+00   2.82785556e+00   1.83438038e+00 
  5.08427142e+00  -1.89930970e+00  -1.02995532e+01 
  2.26740751e+00  -4.01090261e+00  -1.16137750e+01 
  1.12033026e+01  -2.69767972e+00  -9.35670214e+00 
  9.31996957e+00   4.36916309e+00  -6.74393018e+00 
  8.14993219e+00   8.21180470e-01  -5.78391555e+00 
  4.65005286e+00   1.90783871e+00  -4.75797802e+00 
  1.60803795e+00   2.13896056e-01  -6.23963182e+00 
 -1.61641465e+00   2.22110837e+00  -5.94825571e+00 
 -1.12020555e-01   4.49685996e+00  -3.35310953e+00 
  8.36800636e-01   8.12697496e+00  -3.29228927e+00 
  4.05448343e+00   9.22749834e+00  -1.57824879e+00 
  4.52712899e+00   1.29954512e+01  -1.78902725e+00 
 -8.85991558e+00   4.44804483e+00  -3.29662137e+00 
 -7.92304304e+00   7.73919692e+00  -1.55077964e+00 
 -4.34714867e+00   6.82472739e+00  -6.42395375e-01 
 -3.54779929e+00   6.50048747e+00  -4.35131183e+00 
 -4.78814382e+00   1.00208327e+01  -5.05830579e+00 
 -2.06043554e+00   1.25167170e+01  -5.91912127e+00 
  9.82399421e-01  -7.03337649e+00  -5.62073717e+00 
  4.00607441e-01  -7.67952193e+00  -1.91541710e+00 
 -2.40861470e+00  -5.34155627e+00  -7.39922909e-01 
 -5.02890541e+00  -5.34185048e+00   1.97433037e+00 
 -7.61332265e+00  -4.44926381e+00  -6.55777687e-01 
 -6.60743036e+00  -7.45769282e+00  -2.80858625e+00 
 -4.45748931e+00  -1.22091920e+01   6.54792829e-02 
  5.03166454e+00  -5.58539350e+00  -1.07397585e+00 
  5.98572211e+00  -1.90936085e+00  -1.24878866e+00 
  8.97636958e+00  -1.54384659e+00   1.13026887e+00 
  7.25702628e+00   8.09231665e-01   3.52829318e+00 
  3.92820188e+00  -1.06405276e+00   3.59591134e+00 
  4.18790436e+00  -2.74173800e+00   6.98236461e+00 
  9.02407925e-01  -4.66010025e+00   6.85085467e+00 
  1.73141545e+00  -6.01337302e+00   3.38157531e+00 
  5.07420795e+00  -7.25854047e+00   4.65876250e+00 
  3.33075787e+00  -8.86238203e+00   7.62808005e+00 
  1.00847843e+00  -1.07430338e+01   5.24521205e+00 
 -1.01685529e+01  -3.17195606e+00  -7.90602554e+00 
 -2.92365790e+00  -8.81744453e+00   1.16822528e+01 

   4.627077445146e-01 

