 -1.16962797e+00  -3.10137627e+00  -1.52240585e+00 
  1.37561167e+00  -2.31199822e+00  -1.41576236e+00 
  1.13937154e+00  -1.08300954e+00   1.66472543e+00 
  1.16332373e-01  -2.26111225e+00   9.01575105e-01 
  8.41909847e-01  -4.43472308e+00  -3.83473055e-01 
 -1.04572127e+00  -1.96391008e+00   1.54252540e+00 
 -1.61228690e+00  -1.93752252e+00   4.01518962e+00 
 -1.77613519e+00  -9.39533659e-01   4.93817276e+00 
 -1.04241592e+00   2.44341149e-01   4.88241212e+00 
  1.10852187e-01   1.50624316e-01   4.10285361e+00 
  1.25489198e-01  -7.22360378e-01   3.01993688e+00 
 -8.33909760e-01  -1.72888622e+00   2.87025256e+00 
  3.10172265e-01  -3.06618964e+00  -6.52368818e-01 
  4.23778930e-01   9.30829783e+00  -7.84934931e-01 
  8.95366057e+00   9.12845526e+00   5.02395864e+00 
  1.41972749e+00   1.06380280e+01   3.26057263e+00 
 -5.40443075e-01   7.02208346e+00  -4.96278321e+00 
 -1.97875506e+00   3.87477588e+00  -3.39935955e+00 
 -7.11582845e+00   9.35775214e-01  -8.71864550e+00 
 -1.53027052e+00   4.54774916e+00  -9.28252579e+00 
 -5.93949944e-02   1.73167903e+00  -7.28275463e+00 
  2.44340170e+00  -3.58333460e-01  -1.21350708e+01 
  9.25966592e+00   6.11342386e+00  -4.97959496e+00 

   1.321597521466e-01 

