 -7.86310006e-02   2.06255265e+00   3.02403673e+00 
 -8.48221709e-01   1.46953357e+00   2.08096725e+00 
 -2.95546980e-01   1.18055036e+00   9.05792479e-01 
  1.00232728e+00   1.39557510e+00   7.35504339e-01 
  1.77761122e+00   2.07590739e+00   1.63435045e+00 
  1.24806806e+00   2.25179156e+00   2.89215111e+00 
  3.04480363e+00   1.93456319e+00   1.23852493e+00 
  3.08463938e+00   1.06722435e+00   2.18896770e-01 
  1.80442354e+00   1.00250729e+00  -2.27790747e-01 
 -6.56851216e-01   2.29037392e+00   4.31852941e+00 
 -1.91814232e+00   8.35258150e-01   2.33161242e+00 
 -1.01790336e+00   4.72165446e-01  -1.16722441e-01 
  2.04871872e+00   2.59232719e+00   3.78306794e+00 
  4.17935562e+00   2.57182415e+00   1.90369651e+00 
  5.27449082e+00  -2.54748985e+00  -1.00677179e+01 
  2.32379194e+00  -4.41735234e+00  -1.14525203e+01 
  1.12472346e+01  -3.89465179e+00  -8.85093344e+00 
  9.94334450e+00   3.38353286e+00  -6.47573886e+00 
  8.40327948e+00  -1.22658989e-02  -5.48803163e+00 
  4.98483647e+00   1.42576545e+00  -4.63436690e+00 
  1.85662924e+00  -1.15423565e-02  -6.20506925e+00 
 -1.17091361e+00   2.29767110e+00  -6.09380721e+00 
  4.39010771e-01   4.48781654e+00  -3.48834426e+00 
  1.72622503e+00   8.01262489e+00  -3.46755342e+00 
  4.96335431e+00   8.84881282e+00  -1.64422396e+00 
  5.80087727e+00   1.25486881e+01  -1.91775460e+00 
 -8.26901996e+00   5.26562152e+00  -3.79885197e+00 
 -7.09303351e+00   8.49784695e+00  -2.08796066e+00 
 -3.65953633e+00   7.27407089e+00  -1.01003665e+00 
 -2.74778351e+00   6.77998493e+00  -4.67401032e+00 
 -3.61791503e+00   1.03821312e+01  -5.50979664e+00 
 -6.32722968e-01   1.25865569e+01  -6.30979442e+00 
  5.19186514e-01  -7.14905941e+00  -5.45381954e+00 
 -2.68520561e-01  -7.64133315e+00  -1.76294800e+00 
 -2.88673190e+00  -5.01924045e+00  -7.58355166e-01 
 -5.60104574e+00  -4.70221113e+00   1.84263020e+00 
 -7.98194671e+00  -3.63824596e+00  -9.12869392e-01 
 -7.18242092e+00  -6.78283735e+00  -2.95476979e+00 
 -5.61104849e+00  -1.16399189e+01   1.10974731e-01 
  4.50384287e+00  -5.97218447e+00  -7.73680047e-01 
  5.81002414e+00  -2.40825775e+00  -9.88994627e-01 
  8.72484503e+00  -2.26493546e+00   1.50513661e+00 
  7.14347797e+00   3.01048705e-01   3.77639386e+00 
  3.65125107e+00  -1.24756498e+00   3.74509569e+00 
  3.61496619e+00  -2.85406410e+00   7.17554869e+00 
  1.69481043e-01  -4.45681589e+00   6.94815090e+00 
  1.00316472e+00  -5.97157870e+00   3.54741827e+00 
  4.15863326e+00  -7.49294771e+00   4.99117065e+00 
  2.15351910e+00  -8.84783206e+00   7.91908665e+00 
 -2.40711377e-01  -1.05621673e+01   5.48255447e+00 
 -1.01133004e+01  -2.31374634e+00  -8.29052526e+00 
 -4.22449553e+00  -8.10838387e+00   1.17045960e+01 

   4.627082755898e-01 

