 -1.51447680e-01   2.11598106e+00   2.97373174e+00 
 -9.02102852e-01   1.52715042e+00   2.01294352e+00 
 -3.18517512e-01   1.21581208e+00   8.58605390e-01 
  9.87804590e-01   1.40534308e+00   7.26997782e-01 
  1.74715762e+00   2.08086617e+00   1.64290410e+00 
  1.18200109e+00   2.27964133e+00   2.88164645e+00 
  3.02323256e+00   1.91229110e+00   1.28846399e+00 
  3.07876984e+00   1.03365346e+00   2.79289177e-01 
  1.81213261e+00   9.87591637e-01  -2.06692030e-01 
 -7.65414924e-01   2.36786914e+00   4.24713229e+00 
 -1.99090534e+00   9.15175104e-01   2.23618993e+00 
 -1.02163888e+00   5.09959223e-01  -1.78957384e-01 
  1.96064962e+00   2.61492645e+00   3.79380836e+00 
  4.14811378e+00   2.53573936e+00   1.98251680e+00 
  5.52109514e+00  -2.72855327e+00  -9.89698667e+00 
  2.58087936e+00  -4.55884749e+00  -1.13550091e+01 
  1.14269668e+01  -4.17138008e+00  -8.47998590e+00 
  1.01847456e+01   3.15398021e+00  -6.21953803e+00 
  8.55194626e+00  -2.02605088e-01  -5.24685156e+00 
  5.13577738e+00   1.30637815e+00  -4.51527493e+00 
  2.03199188e+00  -9.01880316e-02  -6.16897561e+00 
 -9.54234961e-01   2.27482582e+00  -6.17580980e+00 
  6.13939541e-01   4.46262668e+00  -3.54305216e+00 
  1.96499426e+00   7.96343189e+00  -3.51698982e+00 
  5.15861233e+00   8.75968701e+00  -1.60140110e+00 
  6.07270004e+00   1.24406021e+01  -1.88535939e+00 
 -8.06425097e+00   5.39559844e+00  -4.13446661e+00 
 -6.88250337e+00   8.62371293e+00  -2.41979118e+00 
 -3.50757972e+00   7.34903174e+00  -1.22250427e+00 
 -2.49126923e+00   6.79984162e+00  -4.85095254e+00 
 -3.26799742e+00   1.04082225e+01  -5.74949105e+00 
 -2.18953082e-01   1.25493576e+01  -6.47731550e+00 
  5.39682698e-01  -7.19384970e+00  -5.38898404e+00 
 -3.71771015e-01  -7.63276728e+00  -1.71992998e+00 
 -2.97099504e+00  -4.95297483e+00  -8.24190492e-01 
 -5.75878451e+00  -4.55914638e+00   1.68703156e+00 
 -8.03243494e+00  -3.48110244e+00  -1.15230024e+00 
 -7.22802044e+00  -6.66108330e+00  -3.13666378e+00 
 -5.84336127e+00  -1.15133954e+01   2.51387036e-02 
  4.39752337e+00  -6.04048178e+00  -5.98054237e-01 
  5.77562208e+00  -2.50340494e+00  -8.07768104e-01 
  8.61337321e+00  -2.38692438e+00   1.77506476e+00 
  7.00975531e+00   2.31238814e-01   3.96988854e+00 
  3.49210268e+00  -1.25375848e+00   3.84443482e+00 
  3.31903846e+00  -2.82308163e+00   7.28789574e+00 
 -1.46790282e-01  -4.36512004e+00   6.96845748e+00 
  7.64356791e-01  -5.93056868e+00   3.61082647e+00 
  3.84451010e+00  -7.49386089e+00   5.16799321e+00 
  1.72426217e+00  -8.78106852e+00   8.04488622e+00 
 -6.24159605e-01  -1.04770915e+01   5.55161435e+00 
 -9.90767341e+00  -2.19585252e+00  -8.60605341e+00 
 -4.75395303e+00  -7.88572968e+00   1.16207838e+01 

   4.627064044080e-01 

