 -2.23686901e-01   2.18731284e+00   2.90900871e+00 
 -9.54712614e-01   1.58163329e+00   1.94357180e+00 
 -3.46820670e-01   1.24656981e+00   8.08584756e-01 
  9.62580942e-01   1.43051231e+00   7.02036667e-01 
  1.70351962e+00   2.12197821e+00   1.62112465e+00 
  1.11189085e+00   2.34610146e+00   2.84306943e+00 
  2.98659366e+00   1.94361586e+00   1.29813722e+00 
  3.06183692e+00   1.04543819e+00   3.07626107e-01 
  1.80602734e+00   9.92800761e-01  -2.05050634e-01 
 -8.64725746e-01   2.46533399e+00   4.16349052e+00 
 -2.04980051e+00   9.76596315e-01   2.15468308e+00 
 -1.02895071e+00   5.22287982e-01  -2.30290268e-01 
  1.87127995e+00   2.69726001e+00   3.76544198e+00 
  4.09767798e+00   2.57789358e+00   2.00448894e+00 
  5.71623568e+00  -2.91948062e+00  -9.73774890e+00 
  2.80370163e+00  -4.77103840e+00  -1.12242109e+01 
  1.15857192e+01  -4.34800801e+00  -8.16374324e+00 
  1.03141789e+01   3.02273206e+00  -6.07352694e+00 
  8.65135463e+00  -3.10562375e-01  -5.07203764e+00 
  5.22409158e+00   1.22017106e+00  -4.44501402e+00 
  2.15349046e+00  -2.01169065e-01  -6.13906933e+00 
 -8.25430751e-01   2.17009957e+00  -6.25729853e+00 
  6.90634829e-01   4.40506783e+00  -3.63365679e+00 
  2.05029162e+00   7.90261317e+00  -3.64579973e+00 
  5.20333837e+00   8.72864375e+00  -1.67636274e+00 
  6.13341398e+00   1.24012424e+01  -2.01149296e+00 
 -7.96995356e+00   5.34623327e+00  -4.43339131e+00 
 -6.81728643e+00   8.60436159e+00  -2.75609428e+00 
 -3.47287011e+00   7.34547090e+00  -1.46051902e+00 
 -2.37882838e+00   6.72351793e+00  -5.05445466e+00 
 -3.12588426e+00   1.03155222e+01  -6.03960635e+00 
 -5.58276724e-02   1.24351150e+01  -6.74169948e+00 
  6.25181325e-01  -7.28488688e+00  -5.25446832e+00 
 -3.67606940e-01  -7.65030702e+00  -1.59848818e+00 
 -2.97854214e+00  -4.94766620e+00  -8.12132630e-01 
 -5.81958839e+00  -4.49871956e+00   1.62918545e+00 
 -8.02756753e+00  -3.47086886e+00  -1.27973744e+00 
 -7.18851965e+00  -6.69065727e+00  -3.18394808e+00 
 -5.88662407e+00  -1.14837451e+01   1.00951695e-01 
  4.38027928e+00  -6.04744373e+00  -4.03264021e-01 
  5.77223628e+00  -2.51827491e+00  -6.51204082e-01 
  8.55303783e+00  -2.35809713e+00   1.99055754e+00 
  6.90884282e+00   3.05899453e-01   4.09848438e+00 
  3.39076349e+00  -1.17319854e+00   3.92465237e+00 
  3.13806489e+00  -2.67488688e+00   7.39325976e+00 
 -3.24110680e-01  -4.21490279e+00   7.02777066e+00 
  6.56108023e-01  -5.84741174e+00   3.72192682e+00 
  3.69715676e+00  -7.38718611e+00   5.37634165e+00 
  1.51091799e+00  -8.61336403e+00   8.23041385e+00 
 -7.86928171e-01  -1.03521510e+01   5.71953862e+00 
 -9.73560393e+00  -2.32645994e+00  -8.79636594e+00 
 -5.04160227e+00  -7.63384077e+00   1.16452263e+01 

   4.627066345473e-01 

