 -8.63840600e+00  -5.25632225e+00   5.89025405e+00 
 -9.66972129e+00  -3.85808685e+00   9.22179361e-01 
 -9.37016811e+00  -3.63694367e+00   3.11259718e+00 
 -1.05924835e+01  -5.32682269e+00   2.91950285e+00 
 -1.06841547e+01  -4.30472614e+00   3.53190001e+00 
 -1.03529554e+01  -6.33181250e+00   3.49753654e+00 
 -9.90764133e+00  -5.34490037e+00   5.31864724e+00 
 -1.01316730e+01  -6.30800724e+00   4.76483714e+00 
 -1.06615273e+01  -4.45704774e+00   4.82642649e+00 
 -9.23453944e+00  -4.78705714e+00   6.96526070e+00 
 -8.25378258e+00  -4.40407080e+00   7.74337994e+00 
 -7.49956319e+00  -3.52845598e+00   7.85411129e+00 
 -7.28298083e+00  -2.53835636e+00   6.89472553e+00 
 -8.52847217e+00  -2.69379360e+00   6.46845331e+00 
 -6.79619358e+00  -3.22494974e+00   5.92240769e+00 
 -6.95449821e+00  -2.65019726e+00   4.76564234e+00 
 -8.98361076e+00  -2.44784844e+00   5.34035282e+00 
 -8.14077768e+00  -2.40712346e+00   4.45896428e+00 
 -8.86500400e+00  -3.71132921e+00   2.02178188e+00 
 -8.45541441e+00  -4.92563595e+00   2.43055485e+00 
 -7.85336311e+00  -4.82161398e+00   3.46135606e+00 
 -7.71990369e+00  -5.40605047e+00   4.68617379e+00 
 -9.79661195e+00  -4.44697412e+00   6.03120616e+00 
 -9.70210800e+00  -5.83515627e+00   1.11307471e+00 
 -9.70210800e+00  -5.83515627e+00   1.11307471e+00 
 -8.24286432e+00  -3.68457588e+00   3.62093388e+00 
 -1.08390245e+01  -5.11397348e+00   1.24731696e+00 
  1.47251579e+01  -3.28286272e+01   5.06974030e+00 
  1.81672684e+01  -3.22209142e+01   5.20424256e+00 
  1.96280858e+01  -2.87727317e+01   4.20491115e+00 
  2.09648731e+01  -2.97747049e+01   1.09711929e+00 
  2.09579859e+01  -2.63220738e+01  -1.94187951e-01 
  1.75533465e+01  -2.70949342e+01  -6.52034942e-01 
  1.76708855e+01  -3.01315507e+01  -2.69530593e+00 
  2.02859334e+01  -2.85187073e+01  -4.72537282e+00 
  2.08960539e+01  -2.48947795e+01  -5.23135804e+00 
  2.41269901e+01  -2.33182695e+01  -5.07774836e+00 
  2.54529905e+01  -2.13184493e+01  -7.92171721e+00 
  2.51211343e+01  -1.76411515e+01  -7.72941160e+00 
  2.76356573e+01  -1.52937613e+01  -6.48898217e+00 
  2.71836625e+01  -1.16319700e+01  -7.12366670e+00 
  2.77044563e+01  -9.54604173e+00  -4.08127077e+00 
  2.94051186e+01  -6.42608873e+00  -5.06839396e+00 
  2.96152321e+01  -5.11326685e+00  -1.61665016e+00 
  2.74509177e+01  -5.10574407e+00   1.08733385e+00 
  2.81395263e+01  -8.14127778e+00   3.19664927e+00 
  2.91060495e+01  -7.23081779e+00   6.82938371e+00 
  2.64891688e+01  -9.06795097e+00   8.19658037e+00 
  2.43953281e+01  -6.75050910e+00   6.19241482e+00 
  2.41618321e+01  -3.41647129e+00   8.12974926e+00 
  2.38511359e+01  -4.65487504e+00   1.16783393e+01 
  2.52305219e+01  -2.95396814e+00   1.47152396e+01 
  2.45700087e+01   3.70096163e-01   1.31164232e+01 
  2.65431939e+01  -4.06238766e-03   1.00657037e+01 
  2.40590076e+01   8.05776866e-01   7.62431274e+00 
  2.47925522e+01   8.20987669e-01   3.98124166e+00 
  2.28588691e+01  -4.38915450e-01   1.14005350e+00 
  2.23580578e+01   1.75657555e+00  -1.80439154e+00 
  2.36318817e+01   6.82788614e-01  -5.10720522e+00 
  2.05649554e+01  -3.91210271e-01  -6.75384024e+00 
  1.97753661e+01  -2.23517568e+00  -3.56174529e+00 
  2.27475782e+01  -4.21527405e+00  -3.74463926e+00 
  2.19480995e+01  -4.94862335e+00  -7.39137814e+00 
  1.87231341e+01  -6.03575154e+00  -6.39465842e+00 
  2.02016409e+01  -8.42694412e+00  -3.77653889e+00 
  2.22189476e+01  -9.89795683e+00  -6.33264462e+00 
  1.94276439e+01  -1.03880872e+01  -8.66631500e+00 
  1.76163986e+01  -1.22185015e+01  -5.98459205e+00 
  2.03897648e+01  -1.43305111e+01  -5.07625693e+00 
  2.07248539e+01  -1.51728609e+01  -8.72994533e+00 
  1.72884902e+01  -1.61961339e+01  -9.16800176e+00 
  1.75035219e+01  -1.82718160e+01  -5.99321007e+00 
  2.01675542e+01  -2.01889822e+01  -7.13128135e+00 
  1.82275481e+01  -2.10102300e+01  -1.03538078e+01 
  1.55566349e+01  -2.23337408e+01  -8.38339666e+00 
  1.35159682e+01  -1.96655965e+01  -9.77786389e+00 
  1.11840977e+01  -1.78705628e+01  -7.70040432e+00 
  1.11120967e+01  -1.41788762e+01  -8.33171031e+00 
  9.04796783e+00  -1.10498540e+01  -8.26566473e+00 
  1.05409534e+01  -7.86816419e+00  -6.85738730e+00 
  8.48690169e+00  -5.02506805e+00  -8.42419905e+00 
  1.07012144e+01  -1.96679585e+00  -7.74314349e+00 
  8.95802891e+00   1.43750711e+00  -7.48400185e+00 
  7.76771909e+00   2.22243270e+00  -3.91230987e+00 
  1.04928250e+01   3.73020546e+00  -1.70548881e+00 
  1.34422916e+01   1.97580783e+00  -3.26393326e+00 
  1.40978650e+01  -1.85145906e-01  -1.75540755e-01 
  1.24558200e+01  -3.55711079e+00  -1.17283200e+00 
  1.22897271e+01  -4.55041495e+00   2.45569512e+00 
  1.58637013e+01  -4.03141235e+00   3.11932366e+00 
  1.66465521e+01  -5.96085489e+00  -5.79542537e-02 
  1.46211315e+01  -8.92002923e+00   1.10351187e+00 
  1.61257355e+01  -8.91665558e+00   4.61700182e+00 
  1.94447749e+01  -8.60979087e+00   3.19975060e+00 
  1.86566262e+01  -1.15285503e+01   9.56186787e-01 
  1.76307021e+01  -1.36397390e+01   3.96478051e+00 
  2.06421638e+01  -1.26243187e+01   5.80751859e+00 
  2.24938203e+01  -1.36516759e+01   2.77580857e+00 
  2.08333977e+01  -1.71010662e+01   2.85417759e+00 
  2.13902374e+01  -1.74373976e+01   6.59485200e+00 
  2.48692854e+01  -1.65676452e+01   6.69312655e+00 
  2.58351874e+01  -1.76149782e+01   3.30282033e+00 
  2.38314599e+01  -2.07264081e+01   2.64413202e+00 
  2.33039520e+01  -2.15928130e+01   6.32596378e+00 
  1.99019192e+01  -2.17275314e+01   5.60808801e+00 
  1.87609879e+01  -2.11471112e+01   9.13613395e+00 
  1.51944767e+01  -2.14227182e+01   8.15297446e+00 
  1.23402861e+01  -2.17913061e+01   8.48234677e+00 
  1.17296328e+01  -1.85001563e+01   6.68126681e+00 
  8.20372267e+00  -1.74437426e+01   6.41870001e+00 
  7.44894962e+00  -1.37849639e+01   5.78642229e+00 
  3.88033199e+00  -1.28531659e+01   5.18978923e+00 
  3.41163222e+00  -9.10328876e+00   5.73764872e+00 
  5.16361736e-01  -6.68450145e+00   6.31434486e+00 
 -1.58795206e-01  -5.67335536e+00   9.98142165e+00 
  8.60061454e-01  -1.98331684e+00   9.21310882e+00 
  4.36803894e+00  -2.84334498e+00   7.99885278e+00 
  4.98358526e+00  -5.53903136e+00   1.07252444e+01 
  6.59442799e+00  -3.11696565e+00   1.32409700e+01 
  8.73252076e+00  -1.60323561e+00   1.04416996e+01 
  9.81105859e+00  -5.14616307e+00   9.38549397e+00 
  1.06203675e+01  -6.00964622e+00   1.30479140e+01 
  1.26986727e+01  -2.86930156e+00   1.34252485e+01 
  1.43803265e+01  -3.39620397e+00   1.00745725e+01 
  1.50423367e+01  -7.15284856e+00   1.08732015e+01 
  1.64084319e+01  -6.19570463e+00   1.43124964e+01 
  1.84226131e+01  -3.48712657e+00   1.26726861e+01 
  1.95970348e+01  -5.36346323e+00   9.51733068e+00 
  1.94415026e+01  -8.99356491e+00   1.08070993e+01 
  2.01105604e+01  -8.95281631e+00   1.45818186e+01 
  2.14157844e+01  -1.24001471e+01   1.44943677e+01 
  1.84388373e+01  -1.39836997e+01   1.32193663e+01 
  1.58588640e+01  -1.49356466e+01   1.56589599e+01 
  1.27810098e+01  -1.33230729e+01   1.43032998e+01 
  9.61047635e+00  -1.43733691e+01   1.59938548e+01 
  6.51598764e+00  -1.24803557e+01   1.55037306e+01 
  3.57808783e+00  -1.49083780e+01   1.51955967e+01 
  8.37494611e-01  -1.26836450e+01   1.63844623e+01 
 -1.81478011e+00  -1.28992007e+01   1.91493983e+01 
 -4.72083737e+00  -1.48141186e+01   2.07098488e+01 
 -4.93454569e+00  -1.86408893e+01   2.05801905e+01 
 -3.28388139e+00  -1.85908761e+01   2.40886142e+01 
 -4.14457595e-01  -1.62670326e+01   2.30387752e+01 
 -4.38827287e-02  -1.85142839e+01   1.99340175e+01 
 -1.85317950e-01  -2.16631476e+01   2.19156778e+01 
  2.43805355e+00  -1.99604693e+01   2.41326994e+01 
  4.54661243e+00  -1.91575595e+01   2.11329191e+01 
  3.93859028e+00  -2.27309513e+01   1.98884208e+01 
  4.87601617e+00  -2.40023530e+01   2.31454384e+01 
  7.77661414e+00  -2.16350951e+01   2.39974016e+01 
  9.23066049e+00  -2.02717538e+01   2.08738195e+01 
  8.35712887e+00  -2.29524622e+01   1.82031942e+01 
  9.83188891e+00  -2.61002325e+01   1.90395590e+01 
  1.24090038e+01  -2.66042160e+01   2.12008032e+01 
  1.34518447e+01  -3.10192014e+01   1.95514563e+01 
  1.08293317e+01  -3.05896594e+01   1.76104166e+01 
  1.35759675e+01  -2.80650313e+01   1.60402883e+01 
  1.25259590e+01  -2.47608905e+01   1.53862777e+01 
  1.39774634e+01  -2.20155612e+01   1.77176707e+01 
  1.33173318e+01  -1.94647447e+01   1.52952455e+01 
  1.47563478e+01  -1.85556942e+01   1.19684177e+01 
  1.23358234e+01  -1.60588357e+01   1.07052138e+01 
  8.67300038e+00  -1.62486770e+01   1.12827703e+01 
  6.71079099e+00  -1.30646064e+01   1.07459706e+01 
  3.02849129e+00  -1.36244828e+01   1.02475037e+01 
  1.42546556e-02  -1.18045640e+01   8.84789094e+00 
 -2.33244424e+00  -1.29807284e+01   5.94909074e+00 
 -5.17689911e+00  -1.36307958e+01   8.45831568e+00 
 -3.28697174e+00  -1.57938112e+01   1.09446764e+01 
 -1.91578516e+00  -1.78106468e+01   8.10447449e+00 
 -5.36300812e+00  -1.89456828e+01   6.97419556e+00 
 -6.47752820e+00  -1.98798128e+01   1.06016247e+01 
 -3.48531995e+00  -2.19803441e+01   1.13278180e+01 
 -3.07691772e+00  -2.35508047e+01   7.84210437e+00 
 -2.86705890e+00  -2.71136619e+01   9.24099804e+00 
 -8.86179248e-02  -2.62520146e+01   1.16048121e+01 
  1.97891843e+00  -2.39243324e+01   9.37423572e+00 
  1.32558105e+00  -2.62941798e+01   6.35311079e+00 
  2.89847659e+00  -2.91356204e+01   8.14004351e+00 
  6.19626710e+00  -2.73636833e+01   7.99804420e+00 
  8.35862206e+00  -2.74084530e+01   5.00768991e+00 
  9.40030244e+00  -2.38618164e+01   4.45736331e+00 
  1.26445877e+01  -2.29215429e+01   2.96690976e+00 
  1.16576602e+01  -1.94870016e+01   1.90782388e+00 
  8.38287496e+00  -1.78514386e+01   1.55121959e+00 
  8.22691291e+00  -1.40698976e+01   1.11450107e+00 
  5.05256871e+00  -1.22925199e+01   5.06060710e-01 
  4.94891835e+00  -8.48292682e+00   9.47814900e-01 
  2.46560007e+00  -6.42600855e+00  -1.30141505e+00 
  1.91037202e+00  -9.49108910e+00  -3.55667079e+00 
 -7.40036087e-01  -7.54865109e+00  -5.47362831e+00 
 -3.12075098e+00  -9.45329677e+00  -2.92088638e+00 
 -2.44796776e+00  -1.27523931e+01  -4.78786531e+00 
 -3.90790254e+00  -1.13741524e+01  -8.11318675e+00 
 -6.81756740e+00  -1.38060201e+01  -7.99948241e+00 
 -6.15042025e+00  -1.75707410e+01  -8.49960103e+00 
 -9.55671687e+00  -1.84453755e+01  -7.04450509e+00 
 -8.59713307e+00  -1.68554384e+01  -3.73548966e+00 
 -8.32987853e+00  -1.92011300e+01  -5.62960866e-01 
 -5.03879866e+00  -1.74148976e+01   2.86629837e-01 
 -3.64216666e+00  -1.83407487e+01  -3.15013636e+00 
 -4.76435743e+00  -2.20667926e+01  -2.75651097e+00 
 -3.44753833e+00  -2.23666960e+01   7.95247949e-01 
 -5.70215448e-02  -2.08464385e+01   8.40668142e-04 
  3.23456575e-01  -2.29931906e+01  -3.12957142e+00 
 -3.00697561e-01  -2.60842462e+01  -8.78348475e-01 
  2.56006179e+00  -2.50184068e+01   1.35671698e+00 
  5.60797900e+00  -2.68423925e+01   5.40178320e-01 
  8.27437872e+00  -2.42565048e+01  -1.75802463e-01 
  1.15128396e+01  -2.42698359e+01  -1.91394843e+00 
  1.16959193e+01  -2.06235152e+01  -2.89210623e+00 
  9.16069310e+00  -1.79765053e+01  -3.19844783e+00 
  9.61608299e+00  -1.41803235e+01  -3.36610877e+00 
  6.89372137e+00  -1.17674492e+01  -4.23173471e+00 
  7.36739663e+00  -8.09905740e+00  -3.21836567e+00 
  5.28157724e+00  -5.52707625e+00  -5.01981195e+00 
  5.56025021e+00  -1.79436598e+00  -6.12596398e+00 
  2.76737111e+00  -2.20869176e+00  -8.67513846e+00 
  3.04391380e+00  -5.56466157e+00  -1.03366364e+01 
  2.46514455e-01  -4.83217306e+00  -1.29327344e+01 
 -2.90455350e+00  -2.78654608e+00  -1.24607651e+01 
 -5.42722536e+00  -4.27439987e+00  -1.49577576e+01 
 -5.14413588e+00  -7.74562924e+00  -1.67219156e+01 
 -2.83526773e+00  -1.03048007e+01  -1.81813834e+01 
 -4.73763100e+00  -1.28128937e+01  -1.61166501e+01 
 -3.27685790e+00  -1.12373009e+01  -1.30143355e+01 
  1.95819637e-01  -1.14494366e+01  -1.42654263e+01 
 -4.30099970e-01  -1.51523260e+01  -1.50010605e+01 
 -1.66220053e+00  -1.58318722e+01  -1.15661486e+01 
  1.52137779e+00  -1.43332631e+01  -1.00409706e+01 
  3.64457480e+00  -1.63476449e+01  -1.23732389e+01 
  1.67584669e+00  -1.94664614e+01  -1.17376763e+01 
  2.27314428e+00  -1.89442108e+01  -8.05404807e+00 
  5.97730440e+00  -1.86162772e+01  -8.38455020e+00 
  6.12201571e+00  -2.15715684e+01  -1.07089225e+01 
  3.17231505e+00  -2.38538234e+01  -1.08260864e+01 
  4.74688056e+00  -2.62810293e+01  -1.30252025e+01 
  5.63275987e+00  -2.38150614e+01  -1.58482111e+01 
  2.47968518e+00  -2.20118268e+01  -1.59253253e+01 
 -2.18338553e-01  -2.47026779e+01  -1.54043623e+01 
 -3.09030340e+00  -2.33993240e+01  -1.74006004e+01 
 -4.49771496e+00  -1.99346226e+01  -1.79760834e+01 
 -6.14967550e+00  -2.09550363e+01  -2.11665242e+01 
 -2.74936047e+00  -2.17997973e+01  -2.23544751e+01 
 -1.16716122e+00  -1.87086006e+01  -2.12673680e+01 
 -4.06699658e+00  -1.66373567e+01  -2.27582101e+01 
 -3.94261727e+00  -1.82402257e+01  -2.57840307e+01 
 -1.81285230e-01  -1.76198710e+01  -2.58797710e+01 
 -4.74352594e-02  -1.40912998e+01  -2.49675904e+01 
 -3.72659751e+00  -1.28794547e+01  -2.52266969e+01 
 -4.51044972e+00  -1.28478120e+01  -2.86526685e+01 
 -1.68024973e+00  -1.05608792e+01  -2.96617543e+01 
 -1.78988949e+00  -7.29288661e+00  -2.79940816e+01 
  1.54819932e+00  -6.25739912e+00  -2.91681512e+01 
  3.40563048e+00  -9.34066580e+00  -2.99300989e+01 
  2.22548442e+00  -1.13331050e+01  -2.73477308e+01 
  3.59357123e+00  -8.83759999e+00  -2.49591964e+01 
  7.01095337e+00  -8.69967673e+00  -2.60162347e+01 
  7.22982577e+00  -1.24423012e+01  -2.56826465e+01 
  5.89391356e+00  -1.22900892e+01  -2.26007737e+01 
  8.42641833e+00  -9.63658962e+00  -2.15800076e+01 
  1.11557317e+01  -1.18794173e+01  -2.23096301e+01 
  9.72999205e+00  -1.47413212e+01  -2.05047333e+01 
  9.28302810e+00  -1.25712304e+01  -1.76455197e+01 
  1.26122536e+01  -1.08569783e+01  -1.74413431e+01 
  1.41303810e+01  -1.35785610e+01  -1.52059313e+01 
  1.13563472e+01  -1.36679460e+01  -1.29040432e+01 
  1.05183957e+01  -9.98362145e+00  -1.26342959e+01 
  1.26701888e+01  -7.16372646e+00  -1.14267568e+01 
  1.13666795e+01  -3.60636599e+00  -1.17501054e+01 
  1.31761443e+01  -2.76815764e-01  -1.13357190e+01 
  1.18500181e+01   3.25494136e+00  -1.13837314e+01 
  1.30353365e+01   6.10077062e+00  -9.04538119e+00 
  1.37582609e+01   8.16697381e+00  -1.20355011e+01 
  1.61053460e+01   5.36238132e+00  -1.31349498e+01 
  1.78410581e+01   4.59608012e+00  -9.90735740e+00 
  1.78050874e+01   7.62887578e+00  -7.77425269e+00 
  1.90946894e+01   1.06570629e+01  -9.28161013e+00 
  1.89544755e+01   1.26090761e+01  -6.02395984e+00 
  1.53646326e+01   1.29118977e+01  -5.91793044e+00 
  1.36970992e+01   1.61625760e+01  -6.86364075e+00 
  1.13045114e+01   1.62407832e+01  -9.76115926e+00 
  7.71025748e+00   1.61162726e+01  -9.20268650e+00 
  5.27481554e+00   1.82485422e+01  -1.11759083e+01 
  1.81697785e+00   1.71925665e+01  -1.16165381e+01 
 -9.88522460e-01   1.97062325e+01  -1.24492780e+01 
 -4.58176333e+00   1.89506150e+01  -1.31699329e+01 
 -6.90920955e+00   2.17737227e+01  -1.19525055e+01 
 -1.03037817e+01   2.16636756e+01  -1.36239354e+01 
 -1.30897240e+01   2.35821071e+01  -1.17170103e+01 
 -1.67872796e+01   2.42869923e+01  -1.21259103e+01 
 -1.95562942e+01   2.32661558e+01  -9.90826258e+00 
 -2.11696455e+01   2.55572218e+01  -7.37282051e+00 
 -2.47909740e+01   2.62949581e+01  -7.74561116e+00 
 -2.59495016e+01   2.42861632e+01  -5.02391199e+00 
 -2.39023149e+01   2.16962095e+01  -6.68706980e+00 
 -2.54022368e+01   2.18540741e+01  -9.98807181e+00 
 -2.88239731e+01   2.16423180e+01  -8.37740032e+00 
 -2.82450487e+01   1.88412509e+01  -6.45781426e+00 
 -2.63911555e+01   1.74142610e+01  -9.47314736e+00 
 -2.94181940e+01   1.75598646e+01  -1.15035531e+01 
 -3.16971468e+01   1.62703677e+01  -8.78941603e+00 
 -2.96481975e+01   1.34896100e+01  -8.67846205e+00 
 -2.95015266e+01   1.28346379e+01  -1.24447110e+01 
 -3.31884281e+01   1.28248368e+01  -1.24611920e+01 
 -3.36138127e+01   1.07030378e+01  -9.65869158e+00 
 -3.55867732e+01   1.31021178e+01  -7.81718265e+00 
 -3.49163925e+01   1.17553398e+01  -4.55507768e+00 
 -3.78692382e+01   1.28049037e+01  -2.81606416e+00 
 -3.65076244e+01   1.62739091e+01  -3.18061805e+00 
 -3.32826734e+01   1.56578420e+01  -1.97034892e+00 
 -3.49273905e+01   1.37879083e+01   9.77464354e-01 
 -3.70233098e+01   1.63077304e+01   2.01371342e+00 
 -3.56834514e+01   1.72881526e+01   5.47524163e+00 
 -3.32979545e+01   1.47866136e+01   6.01859869e+00 
 -3.50309450e+01   1.18930574e+01   8.00066041e+00 
 -3.31819797e+01   9.63354686e+00   5.78346783e+00 
 -3.42408342e+01   6.63336238e+00   3.48268775e+00 
 -3.45495037e+01   7.14434212e+00  -3.20171045e-01 
 -3.28182439e+01   4.00110121e+00  -6.08910508e-01 
 -2.93216833e+01   5.95802306e+00  -5.74799676e-01 
 -2.96171530e+01   7.18532339e+00  -4.08841198e+00 
 -2.94424309e+01   3.79230757e+00  -5.95297757e+00 
 -2.58348456e+01   4.82316643e+00  -6.93950784e+00 
 -2.63335757e+01   7.81971456e+00  -8.97697219e+00 
 -2.26506522e+01   7.91466106e+00  -9.71241301e+00 
 -2.16792048e+01   8.20695825e+00  -5.98426420e+00 
 -2.41703569e+01   1.09037326e+01  -5.33711398e+00 
 -2.27095258e+01   1.27478834e+01  -8.31600807e+00 
 -1.92461243e+01   1.24836010e+01  -6.82849542e+00 
 -2.05312637e+01   1.37236368e+01  -3.42963984e+00 
 -2.21209387e+01   1.65442282e+01  -5.09039285e+00 
 -1.88806555e+01   1.73332883e+01  -7.04720139e+00 
 -1.68641638e+01   1.73706519e+01  -3.81738229e+00 
 -1.92998797e+01   1.91995301e+01  -1.56767335e+00 
 -2.31278325e+01   1.97698683e+01  -1.13021804e+00 
 -2.30375443e+01   1.91942992e+01   2.60235021e+00 
 -2.23230716e+01   1.57572826e+01   1.83535366e+00 
 -2.57769933e+01   1.53328737e+01   4.15235305e-01 
 -2.75976389e+01   1.75619212e+01   2.68007128e+00 
 -2.60291082e+01   1.85327533e+01   5.87061397e+00 
 -2.69383139e+01   2.16817984e+01   7.16344040e+00 
 -2.96463880e+01   2.11545860e+01   9.89784549e+00 
 -2.78126205e+01   2.11704748e+01   1.34521335e+01 
 -2.97481499e+01   2.36011844e+01   1.42724911e+01 
 -2.87901538e+01   2.58725871e+01   1.13404784e+01 
 -2.56274318e+01   2.74473182e+01   1.23148650e+01 
 -2.51277208e+01   2.84318560e+01   1.60284635e+01 
 -2.19024811e+01   3.00558820e+01   1.48393188e+01 
 -1.87095847e+01   2.92748146e+01   1.36336884e+01 
 -1.81213177e+01   3.15344799e+01   1.09039068e+01 
 -2.14041075e+01   3.09929265e+01   9.34325508e+00 
 -2.09796260e+01   2.80645427e+01   9.15477531e+00 
 -1.74942029e+01   2.87279233e+01   7.34798347e+00 
 -1.87136785e+01   3.04459860e+01   4.64340996e+00 
 -2.15560753e+01   2.83784014e+01   3.92971098e+00 
 -1.92189304e+01   2.59331120e+01   3.79713050e+00 
 -1.68162491e+01   2.73940127e+01   1.19987027e+00 
 -1.95476669e+01   2.82580575e+01  -9.83008750e-01 
 -2.12574742e+01   2.52368311e+01  -1.11368669e+00 
 -1.83819346e+01   2.37524384e+01  -3.20863698e+00 
 -1.65081516e+01   2.46724246e+01  -6.27122831e+00 
 -1.34367995e+01   2.28199283e+01  -5.33715480e+00 
 -1.34350277e+01   2.43206852e+01  -1.81601695e+00 
 -1.35153947e+01   2.75275481e+01  -3.10834005e+00 
 -1.03249302e+01   2.68039110e+01  -5.15857768e+00 
 -8.81826043e+00   2.50535440e+01  -2.41927909e+00 
 -9.49554207e+00   2.78980056e+01  -2.77688705e-02 
 -7.65004285e+00   2.99321754e+01  -2.33279412e+00 
 -4.78008953e+00   2.75797179e+01  -2.99076702e+00 
 -4.28286299e+00   2.70149037e+01   7.51291312e-01 
 -4.26294927e+00   3.03977478e+01   1.73358878e+00 
 -1.51157763e+00   3.07657250e+01  -8.17366482e-01 
  5.00494222e-01   2.79132415e+01   5.76638420e-02 
  3.24178834e-01   2.88772701e+01   3.72215872e+00 
  1.62147791e+00   3.18714801e+01   3.09372427e+00 
  4.53788551e+00   3.01932838e+01   1.18720815e+00 
  5.21974362e+00   2.81726339e+01   4.15295045e+00 
  4.73679807e+00   2.52811126e+01   2.01504489e+00 
  3.73098313e+00   2.23978637e+01   3.76532731e+00 
  7.48388380e-01   2.09605313e+01   2.15285974e+00 
 -5.96328232e-01   1.75506234e+01   2.02567647e+00 
 -4.30606108e+00   1.73001443e+01   1.17828974e+00 
 -5.52381002e+00   1.39368804e+01   4.62180707e-02 
 -9.22100656e+00   1.30659608e+01  -1.53824451e-01 
 -1.10121159e+01   9.82680974e+00  -7.25582614e-01 
 -1.41725197e+01   1.08537994e+01   1.41698052e+00 
 -1.35436237e+01   1.10860941e+01   5.29794997e+00 
 -1.67452694e+01   1.32095294e+01   5.54895213e+00 
 -1.50535166e+01   1.55832681e+01   3.10416331e+00 
 -1.19502338e+01   1.56978780e+01   5.42969580e+00 
 -1.43820443e+01   1.66617092e+01   8.37113362e+00 
 -1.56287158e+01   1.93875376e+01   6.24089608e+00 
 -1.20143140e+01   2.04258842e+01   5.34488900e+00 
 -1.10008980e+01   2.01748426e+01   9.03732921e+00 
 -1.39119369e+01   2.22813422e+01   1.00303421e+01 
 -1.27946273e+01   2.45701864e+01   7.22515110e+00 
 -9.16791960e+00   2.46386060e+01   8.44567731e+00 
 -1.03968416e+01   2.51193359e+01   1.21264704e+01 
 -1.25517277e+01   2.77944986e+01   1.10885060e+01 
 -9.57335359e+00   2.92104007e+01   9.12675778e+00 
 -7.38863233e+00   2.83884648e+01   1.22236814e+01 
 -4.80982586e+00   2.66764992e+01   1.00817397e+01 
 -2.83217988e+00   2.43393762e+01   1.21814028e+01 
 -3.37206067e+00   2.11049207e+01   1.07240401e+01 
 -2.95034290e+00   1.76043211e+01   1.15999344e+01 
 -5.30275742e+00   1.49680368e+01   1.04595193e+01 
 -4.68388402e+00   1.13849618e+01   9.73640978e+00 
 -7.57067457e+00   9.09354139e+00   8.96598568e+00 
 -8.06540781e+00   5.32962900e+00   9.33445662e+00 
 -9.69958164e+00   5.82131555e+00   1.29086702e+01 
 -6.57089098e+00   7.34657464e+00   1.46504909e+01 
 -4.64881303e+00   5.02912052e+00   1.71659141e+01 
 -9.68605271e-01   3.93235506e+00   1.63127392e+01 
  6.44053910e-01   6.04222490e+00   1.92157503e+01 
 -1.25266003e+00   9.28841385e+00   1.82532841e+01 
 -3.68423652e-01   8.62944750e+00   1.46244562e+01 
  3.39151791e+00   8.53595907e+00   1.54849987e+01 
  3.03765544e+00   1.16499812e+01   1.75500234e+01 
  1.22408648e+00   1.34751330e+01   1.46661694e+01 
  3.93725577e+00   1.23490178e+01   1.22037128e+01 
  6.76499003e+00   1.32147820e+01   1.45078747e+01 
  5.04340283e+00   1.65279804e+01   1.51881977e+01 
  4.61926011e+00   1.72397635e+01   1.14217857e+01 
  8.22970688e+00   1.60279397e+01   1.05242641e+01 
  9.59563506e+00   1.77062598e+01   1.36418973e+01 
  1.19415390e+01   2.01840360e+01   1.27451101e+01 
  9.74969127e+00   2.32799275e+01   1.32531640e+01 
  6.50995082e+00   2.20749311e+01   1.33521301e+01 
  3.65513659e+00   2.45796984e+01   1.33165555e+01 
  1.72814565e+00   2.25013578e+01   1.12058016e+01 
  7.65235550e-01   2.37970717e+01   7.89614951e+00 
 -1.52586940e+00   2.12460378e+01   6.52401929e+00 
 -1.69364612e+00   1.76094373e+01   6.88837486e+00 
 -5.05721783e+00   1.60869963e+01   5.98016639e+00 
 -4.80796938e+00   1.25579475e+01   4.78977102e+00 
 -7.23014473e+00   1.00815825e+01   3.48487772e+00 
 -5.94317878e+00   8.62969581e+00   8.44800638e-02 
 -6.07249964e+00   5.21179164e+00   1.67501731e+00 
 -4.60051846e+00   6.03538411e+00   5.21184396e+00 
 -1.83354933e+00   7.82780914e+00   3.35624419e+00 
 -1.02943734e+00   4.67957950e+00   1.26522010e+00 
  4.12807444e-01   2.88143402e+00   4.57265840e+00 
  4.33241744e+00   3.22502343e+00   4.86579875e+00 
  4.42377827e+00   6.88744242e+00   6.21561338e+00 
  7.40057769e+00   9.15464272e+00   5.46590066e+00 
  6.18483652e+00   1.27870301e+01   4.88319734e+00 
  9.27025967e+00   1.39555292e+01   3.09050022e+00 
  8.78877771e+00   1.73073956e+01   4.85084140e+00 
  5.90178381e+00   1.82908512e+01   2.63005788e+00 
  6.51787098e+00   1.98831151e+01  -7.63909675e-01 
  2.95183389e+00   2.03060377e+01  -2.03259215e+00 
  4.63986170e-01   1.76075288e+01  -2.56724226e+00 
 -3.19314325e+00   1.84349755e+01  -3.29523656e+00 
 -5.38234313e+00   1.56647181e+01  -4.59357633e+00 
 -8.94022291e+00   1.68860921e+01  -3.75095030e+00 
 -1.07432600e+01   1.38931444e+01  -5.29516322e+00 
 -9.17951651e+00   1.13058448e+01  -7.64842913e+00 
 -9.44654183e+00   7.64465509e+00  -7.16942802e+00 
 -1.06964395e+01   5.28997600e+00  -9.95387915e+00 
 -7.37174067e+00   3.55297554e+00  -9.61891336e+00 
 -4.52334197e+00   5.94774476e+00  -1.05703998e+01 
 -2.07260521e+00   3.71029594e+00  -8.55280404e+00 
 -3.51247564e+00   4.79786511e+00  -5.18539159e+00 
 -2.91919818e+00   8.44204736e+00  -6.14089398e+00 
  6.07216290e-01   7.61757067e+00  -7.27899261e+00 
  1.32957606e+00   5.96306989e+00  -3.91238698e+00 
  3.64371293e-02   8.99293158e+00  -2.10292243e+00 
  2.27282416e+00   1.11920175e+01  -4.15055792e+00 
  5.24028066e+00   8.88478064e+00  -3.46671060e+00 
  5.02254595e+00   9.83264717e+00   2.86989369e-01 
  5.98911926e+00   1.33465469e+01  -3.53303867e-01 
  8.26312534e+00   1.23433586e+01  -3.26360156e+00 
  1.04341403e+01   1.00107633e+01  -1.16426593e+00 
  1.40829983e+01   9.44764590e+00  -3.71401569e-01 
  1.47803250e+01   1.24305435e+01   2.01605780e+00 
  1.28405149e+01   1.50599516e+01   5.55497946e-02 
  1.47273479e+01   1.79717121e+01  -3.96284257e-01 
  1.21341906e+01   2.01379254e+01  -2.13010094e+00 
  1.04019766e+01   1.98432519e+01  -5.46420232e+00 
  7.15852630e+00   1.82850484e+01  -4.97765524e+00 
  4.11096355e+00   1.99723645e+01  -6.55421941e+00 
  1.14922167e+00   1.79434074e+01  -7.14908222e+00 
 -2.27518529e+00   1.96326541e+01  -7.68731503e+00 
 -5.14224388e+00   1.75268138e+01  -8.87828160e+00 
 -8.62376980e+00   1.91267484e+01  -8.51630777e+00 
 -1.12317964e+01   1.80839902e+01  -1.10696383e+01 
 -1.48462097e+01   1.92925194e+01  -1.14972876e+01 
 -1.55480454e+01   2.00071282e+01  -1.50468643e+01 
 -1.85088959e+01   1.82382561e+01  -1.68270934e+01 
 -1.89162249e+01   1.59828352e+01  -1.42342153e+01 
 -1.84486153e+01   1.24321982e+01  -1.38149478e+01 
 -1.49847491e+01   1.32817441e+01  -1.23922406e+01 
 -1.36137847e+01   1.39677722e+01  -1.57787866e+01 
 -1.46976141e+01   1.07005450e+01  -1.70590366e+01 
 -1.29716859e+01   9.16782145e+00  -1.42016248e+01 
 -9.73628855e+00   1.08995602e+01  -1.48730136e+01 
 -9.84064452e+00   9.84674586e+00  -1.84359621e+01 
 -1.03928727e+01   6.33074366e+00  -1.77171806e+01 
 -7.63512898e+00   6.43805903e+00  -1.51670930e+01 
 -5.24124081e+00   7.75943630e+00  -1.76378637e+01 
 -6.15267200e+00   4.99345713e+00  -2.00142252e+01 
 -5.36543419e+00   2.52021663e+00  -1.74129424e+01 
 -1.99362066e+00   4.06737811e+00  -1.67688755e+01 
 -1.20324076e+00   3.89490626e+00  -2.03298767e+01 
 -1.96016589e+00   2.42048449e-01  -2.04415934e+01 
  3.40313878e-01  -2.28004343e-01  -1.74972589e+01 
  2.96962818e+00   1.84118822e+00  -1.91548394e+01 
  2.51395786e+00  -2.05695384e-01  -2.23519050e+01 
  2.67297731e+00  -3.66347469e+00  -2.09065863e+01 
  5.37519185e+00  -3.21171215e+00  -1.83599197e+01 
  7.33523952e+00   1.89713095e-01  -1.85974603e+01 
  8.40229724e+00  -8.86820126e-01  -2.19496274e+01 
  9.82871517e+00  -4.01794596e+00  -2.03077498e+01 
  1.34759769e+01  -3.58484409e+00  -1.96093791e+01 
  1.33772013e+01  -5.21259370e+00  -1.62822878e+01 
  1.63028210e+01  -3.22448529e+00  -1.47860905e+01 
  1.77665828e+01  -6.73392352e+00  -1.40855701e+01 
  2.07258354e+01  -5.39714699e+00  -1.55548855e+01 
  2.02230036e+01  -7.99404920e+00  -1.82655205e+01 
  1.96687615e+01  -1.09707864e+01  -1.60594642e+01 
  2.27008329e+01  -1.06152345e+01  -1.38258579e+01 
  2.43741737e+01  -1.07820679e+01  -1.68399385e+01 
  2.28579285e+01  -1.42297311e+01  -1.78963608e+01 

   4.692003056252e+03 

