  8.42775487e+00  -8.57753535e+00   1.28862888e+01 
  8.54524884e+00  -7.43394956e+00   1.34151205e+01 
  9.61876479e+00  -6.80534442e+00   1.31549634e+01 
  1.04810663e+01  -7.17858707e+00   1.22831154e+01 
  1.03796886e+01  -8.36916693e+00   1.17574646e+01 
  9.30057053e+00  -9.02885201e+00   1.20678658e+01 
  1.12853836e+01  -8.50322713e+00   1.08587760e+01 
  1.19283993e+01  -7.41167206e+00   1.07571072e+01 
  1.14271287e+01  -6.61256018e+00   1.16399643e+01 
  7.15420633e+00  -9.05701064e+00   1.29656014e+01 
  7.60886623e+00  -6.94715691e+00   1.40181675e+01 
  9.49105295e+00  -5.48137343e+00   1.34189721e+01 
  9.00660204e+00  -9.87800780e+00   1.12921270e+01 
  1.13056875e+01  -9.39062905e+00   9.83811772e+00 
  7.13816400e+00   1.79067557e+01  -4.31458863e+00 
  7.31826521e+00   1.41754093e+01  -4.63758115e+00 
  1.00117240e+01   1.16272674e+01  -4.06754588e+00 
  8.47853569e+00   9.70636976e+00  -6.92963872e+00 
  7.62860096e+00   1.03528466e+01  -1.05085495e+01 
  6.60769792e+00   7.15692143e+00  -1.23120280e+01 
  6.98641488e+00   8.41825889e+00  -1.57877335e+01 
  7.34154738e+00   5.31103897e+00  -1.79613789e+01 
  8.48072044e+00   5.73867614e+00  -2.14616349e+01 
  1.35397514e+01   2.03833318e+00  -2.10715900e+01 
  1.08261853e+01   3.02412432e+00  -1.86501187e+01 
  1.16732815e+01   5.90699945e+00  -1.63779547e+01 
  1.06308555e+01   3.90448630e+00  -1.34155020e+01 
  1.12841976e+01   6.52241407e+00  -1.07854256e+01 
  8.33737498e+00   5.28543130e+00  -8.74726410e+00 
  6.76269748e+00   2.27336022e+00  -7.04479584e+00 
  3.19211204e+00   2.38143809e+00  -8.21973490e+00 
  1.53728070e-01   4.50245169e+00  -7.43064897e+00 
  1.75007359e+00   7.47081193e+00  -5.66383942e+00 
  4.48566604e+00   7.87352799e+00  -8.28899455e+00 
  2.12876398e+00   7.33735940e+00  -1.11871246e+01 
 -2.57517413e-01   9.90726357e+00  -9.64845103e+00 
  2.54269902e+00   1.25077423e+01  -9.62568250e+00 
  3.20345822e+00   1.16599089e+01  -1.32856518e+01 
 -4.55918543e-01   1.19268036e+01  -1.41942036e+01 
 -6.33536002e-01   1.51436142e+01  -1.21845564e+01 
  2.40562538e+00   1.65795036e+01  -1.39622299e+01 
  1.05214689e+01   1.83888823e+01  -8.03394921e+00 
  1.20965099e+01   1.51722445e+01  -7.22888924e+00 
  1.52296197e+01   1.30545219e+01  -7.20889069e+00 
  1.70071165e+01   1.16408014e+01  -1.02244806e+01 
  1.76814361e+01   8.13042329e+00  -9.14404512e+00 
  2.02643862e+01   6.35283662e+00  -1.12492195e+01 
  1.84756937e+01   3.13066826e+00  -1.04304866e+01 
  1.46641376e+01   3.16205388e+00  -1.04783161e+01 
  1.22570231e+01   3.89571084e-01  -9.46144026e+00 
  1.39936936e+01  -2.98747738e+00  -9.95912455e+00 
  1.33021364e+01  -5.17962082e+00  -1.29739981e+01 
  1.14301130e+01  -8.31250389e+00  -1.19076343e+01 
  1.24755727e+01  -1.17680105e+01  -1.31200499e+01 
  1.06308775e+01  -1.50176618e+01  -1.22660204e+01 
  1.30508159e+01  -1.79290788e+01  -1.16521720e+01 
  1.16032088e+01  -2.12874939e+01  -1.06492813e+01 
  8.37139972e+00  -1.94413922e+01  -9.98970011e+00 
  1.00481731e+01  -1.70077144e+01  -7.62686023e+00 
  1.07232755e+01  -1.32573752e+01  -8.07568608e+00 
  1.43737971e+01  -1.22609457e+01  -8.75694436e+00 
  1.53537228e+01  -8.56577215e+00  -8.60101582e+00 
  1.78978607e+01  -6.96688812e+00  -1.08407745e+01 
  1.91398151e+01  -3.38265504e+00  -1.09804573e+01 
  1.72126272e+01  -1.09214403e+00  -1.32470179e+01 
  2.01602200e+01   5.46372070e-01  -1.48685016e+01 
  1.77843899e+01   2.76531029e+00  -1.68937293e+01 
  2.06330601e+01   5.12726166e+00  -1.75184738e+01 
  2.31169462e+01   2.32048294e+00  -1.85852406e+01 
  2.38751694e+01   1.76895318e+01   6.67412966e+00 
  2.49621406e+01   1.70785890e+01   1.02681817e+01 
  1.03144950e+01   1.81778628e+01  -1.37651729e+01 
  1.51802201e+01   1.60137012e+01  -1.05710116e+01 
  1.81577334e+01   1.64368448e+01  -8.24296091e+00 
  2.38261556e+01   1.41075224e+01  -5.55335887e+00 
  2.92424387e+01   8.20242042e+00  -1.28484877e-01 
  2.77369307e+01   1.15740157e+01  -5.67537978e-01 
  2.66549146e+01   1.05396949e+01  -4.03855401e+00 
  2.48275714e+01   7.57733892e+00  -2.88091740e+00 
  2.19402787e+01   9.91369210e+00  -1.90361264e+00 
  2.04936806e+01   9.81235519e+00  -5.39714758e+00 
  2.16687092e+01   6.33086980e+00  -6.33357333e+00 
  1.85280907e+01   4.23913176e+00  -5.90759405e+00 
  1.47921641e+01   4.51019636e+00  -5.29677652e+00 
  1.35402429e+01   2.71517436e+00  -2.19252520e+00 
  1.12637822e+01  -9.62710072e-02  -3.68247893e+00 
  8.58073778e+00   8.83631943e-02  -9.71931808e-01 
  4.93809357e+00   5.90084956e-01  -1.81650944e+00 
  2.78097014e+00   1.92291898e+00   1.06978873e+00 
  5.39925191e+00   9.54854580e-01   3.62633225e+00 
  7.67843553e+00   3.10006466e+00   5.85497790e+00 
  1.13537590e+01   2.12780595e+00   6.34186331e+00 
  1.31975833e+01   4.56721026e+00   8.74197287e+00 
  1.66971157e+01   4.49513907e+00   7.15067297e+00 
  1.91212341e+01   7.44998659e+00   7.32551073e+00 
  1.97129540e+01   7.30696833e+00   3.56225050e+00 
  1.59197368e+01   7.77618940e+00   2.99518392e+00 
  1.58318297e+01   1.08014153e+01   5.37399314e+00 
  1.88362843e+01   1.22677343e+01   3.52731808e+00 
  1.69853688e+01   1.18243968e+01   2.36365402e-01 
  1.39111598e+01   1.35385911e+01   1.71849064e+00 
  1.58726533e+01   1.65197529e+01   3.01060837e+00 
  1.80243697e+01   1.65978774e+01  -9.40960099e-02 
  1.50697395e+01   1.70619212e+01  -2.40296443e+00 
  1.34191462e+01   1.95140416e+01   3.43690276e-02 
  4.02946151e+00   2.36207886e+01  -2.20601365e+00 
  2.05891000e+00   2.04453369e+01  -2.49513056e+00 
  3.40704077e+00   1.77260660e+01  -4.42835018e-01 
  2.76936309e+00   1.43944285e+01  -2.11171079e+00 
  2.37011303e+00   1.23747187e+01   1.06442658e+00 
  4.61899877e+00   1.31592391e+01   4.05070435e+00 
  7.86588698e+00   1.23193040e+01   2.17872000e+00 
  8.67373234e+00   1.59850754e+01   1.51302704e+00 
  7.31731334e+00   1.70896188e+01   4.93026834e+00 
  1.06681405e+01   1.86150027e+01   5.94693870e+00 
  9.72101958e+00   2.13921695e+01   3.66581696e+00 
  7.68969830e+00   2.28164461e+01   6.58932622e+00 
  1.05108493e+01   2.31255322e+01   9.12004778e+00 
 -6.83800362e-01   2.17181918e+01   1.68989543e+00 
 -5.76323124e-01   1.80915288e+01   2.31240793e+00 
 -2.01231277e+00   1.50722610e+01   5.53476284e-01 
 -2.58272633e+00   1.19270681e+01   2.54790289e+00 
 -2.41289758e+00   8.67022611e+00   5.77758442e-01 
 -3.28776703e+00   5.92855201e+00   3.07565554e+00 
 -4.58029003e+00   5.08647039e+00   6.54749174e+00 
 -2.64726877e+00   1.87552227e+00   7.11196888e+00 
 -2.78771716e-01   2.38359088e+00   1.01089222e+01 
  2.80004040e+00   7.33857576e-01   8.53789913e+00 
  2.87832830e+00   3.41438753e+00   5.84701692e+00 
  2.97032779e+00   6.24068718e+00   8.46853613e+00 
  6.28838232e+00   8.16015738e+00   8.68245306e+00 
  7.47792831e+00   8.40585629e+00   1.23069918e+01 
  1.11486619e+01   9.55122899e+00   1.23651637e+01 
  1.32196926e+01   8.88228272e+00   1.55441962e+01 
  1.43199777e+01   1.21191658e+01   1.72498194e+01 
  1.79625082e+01   1.10112252e+01   1.75908416e+01 
  1.81871773e+01   1.07457880e+01   1.37675422e+01 
  1.68584555e+01   1.42476415e+01   1.31681850e+01 
  1.89925517e+01   1.53674773e+01   1.61074105e+01 
  2.22222142e+01   1.42199911e+01   1.44217166e+01 
  2.13608174e+01   1.48762902e+01   1.07889847e+01 
  1.92485321e+01   1.80171966e+01   1.10074606e+01 
  1.45025365e+01   1.93785520e+01   1.52487005e+01 
  9.81117252e+00   2.10730962e+01   1.51079849e+01 
  9.80926070e+00   2.11020073e+01   1.89397187e+01 
  5.85508647e-01   2.35936902e+01   1.85982423e+01 
 -5.22044048e+00   1.25690084e+01   2.67029570e+01 
 -6.06653483e+00   1.45951605e+01   2.36322160e+01 
 -7.16535698e-01   1.36642296e+01   2.40188353e+01 
 -2.73473639e+00   1.22277746e+01   2.11111745e+01 
 -2.20652251e+00   1.52925726e+01   1.89418308e+01 
  1.43367394e+00   1.59577136e+01   1.97572918e+01 
  3.91536072e+00   1.59275082e+01   1.68099343e+01 
  6.24439884e+00   1.42934740e+01   1.92716401e+01 
  5.40010366e+00   1.07392979e+01   2.02865899e+01 
  6.72202431e+00   9.55357612e+00   2.36427688e+01 
  7.48090896e+00   5.93253554e+00   2.43488914e+01 
  1.02723173e+01   3.47541963e+00   2.36375946e+01 
  1.20828470e+01   6.12505917e+00   2.15073237e+01 
  1.07409034e+01   9.60214927e+00   2.08963443e+01 
  9.62059724e+00   1.00501835e+01   1.72771412e+01 
  8.27309319e+00   1.28421845e+01   1.51747959e+01 
  4.89057769e+00   1.21383815e+01   1.35285873e+01 
  5.35915307e+00   1.36292178e+01   1.00702599e+01 
  1.61557533e+00   1.34332709e+01   9.34947826e+00 
  8.39759530e-01   1.55916982e+01   1.24206590e+01 
  3.63790149e+00   1.79694296e+01   1.13066347e+01 
  2.04257273e+00   1.82315530e+01   7.90640304e+00 
 -1.44546137e+00   1.88777386e+01   9.30284375e+00 
 -1.59738173e-01   2.15456588e+01   1.16826634e+01 
  1.96099484e+00   2.32812023e+01   9.06206906e+00 
 -4.19292833e-01   2.30225985e+01   6.14906588e+00 
 -5.07872117e+00   2.19929884e+01   3.73993038e+00 
 -5.05808504e+00   1.83547895e+01   4.17395256e+00 
 -6.79846791e+00   1.61034225e+01   1.71710910e+00 
 -7.73622031e+00   1.25071810e+01   1.28371576e+00 
 -7.66584812e+00   1.08787482e+01  -2.16018582e+00 
 -1.11986753e+01   9.49290613e+00  -2.44357473e+00 
 -1.44151666e+01   1.03826120e+01  -6.50414419e-01 
 -1.45892492e+01   7.39422050e+00   1.61265072e+00 
 -1.09335610e+01   7.79141135e+00   2.45896681e+00 
 -1.13141776e+01   1.14629289e+01   3.26469250e+00 
 -1.42546288e+01   1.06498188e+01   5.53194738e+00 
 -1.23992803e+01   7.97264012e+00   7.28559822e+00 
 -9.62227007e+00   1.05223824e+01   7.96118868e+00 
 -1.20500037e+01   1.27909253e+01   9.74387507e+00 
 -1.38037932e+01   9.99449742e+00   1.16048731e+01 
 -1.07917074e+01   8.10495504e+00   1.26161902e+01 
 -7.07314266e+00   8.80751362e+00   1.21127792e+01 
 -7.22684907e+00   1.25729256e+01   1.22033690e+01 
 -1.03933544e+01   1.29278023e+01   1.42661763e+01 
 -8.71747749e+00   1.50620958e+01   1.69629610e+01 
 -7.15769831e+00   1.73800472e+01   1.42900320e+01 
 -1.03806545e+01   1.75973829e+01   1.24376468e+01 
 -1.19843233e+01   1.84910880e+01   1.57992552e+01 
 -8.16564263e+00   2.20143232e+01   7.04077812e+00 
 -9.66894419e+00   1.87876444e+01   5.87877320e+00 
 -1.06752037e+01   1.82022242e+01   2.30916705e+00 
 -1.10665175e+01   1.55335805e+01  -3.14146998e-01 
 -9.57599081e+00   1.53579978e+01  -3.79768956e+00 
 -1.04683355e+01   1.21189567e+01  -5.51041632e+00 
 -7.58125814e+00   1.08035868e+01  -7.57382452e+00 
 -7.58809728e+00   1.05237971e+01  -1.12731871e+01 
 -5.54320444e+00   9.29936443e+00  -1.42014402e+01 
 -4.40156874e+00   1.10358941e+01  -1.72436173e+01 
 -1.25234896e+00   7.96638273e+00  -2.13967709e+01 
 -4.12274482e+00   5.90882093e+00  -2.00815942e+01 
 -1.01548569e+00  -9.16387348e+00  -2.54731105e+01 
  3.72907127e+00  -1.04568807e+01  -2.64213643e+01 
  7.86070023e+00  -1.46074661e+01  -2.23233544e+01 
 -9.44822292e+00  -1.17258037e+01  -1.57094535e+01 
 -6.70896784e+00  -9.43144871e+00  -1.46428854e+01 
 -5.45450772e+00  -8.08021256e+00  -1.14299818e+01 
 -2.34953557e+00  -5.94660630e+00  -1.18731247e+01 
 -9.26649432e-01  -3.79722920e+00  -9.09956197e+00 
  1.73721934e+00  -4.12847274e+00  -6.48117048e+00 
  1.49747098e+00  -7.44515594e+00  -4.58607094e+00 
 -4.95973692e-02  -6.71964683e+00  -1.14005592e+00 
 -1.98341384e+00  -8.59174826e+00   1.54000302e+00 
 -4.47640682e+00  -5.71837204e+00   1.69155978e+00 
 -4.98766703e+00  -5.86352675e+00  -2.09136489e+00 
 -6.02461681e+00  -9.53739401e+00  -1.68188600e+00 
 -4.39610273e+00  -1.12235061e+01  -4.71258780e+00 
 -4.93298606e+00  -1.41949305e+01  -2.37905959e+00 
 -8.70711099e+00  -1.38783428e+01  -2.57179747e+00 
 -8.26102623e+00  -1.40463164e+01  -6.33799505e+00 
 -6.18544952e+00  -1.71951245e+01  -5.95210306e+00 
 -8.92330153e+00  -1.88449482e+01  -3.84897063e+00 
 -1.13192810e+01  -1.81777135e+01  -6.58833679e+00 
 -8.99664498e+00  -1.95602426e+01  -9.25364982e+00 
 -8.50492398e+00  -2.27382077e+01  -7.27245197e+00 
 -1.22194308e+01  -2.29444558e+01  -6.65432322e+00 
 -6.70401255e+00  -1.49822119e+01  -1.51737751e+01 
 -3.66959364e+00  -1.28017355e+01  -1.52449360e+01 
 -2.10086864e+00  -1.15630738e+01  -1.21298113e+01 
  9.35295217e-01  -9.31572957e+00  -1.22187671e+01 
  2.78244145e+00  -7.01991214e+00  -9.88326056e+00 
  6.06292371e+00  -6.55414199e+00  -8.07082512e+00 
  6.67344820e+00  -7.38960752e+00  -4.48053529e+00 
  8.90535545e+00  -5.14622765e+00  -2.30865221e+00 
  1.21779696e+01  -7.18863121e+00  -1.99677554e+00 
  1.18789366e+01  -7.55338443e+00   1.77806832e+00 
  8.09871682e+00  -8.39773752e+00   1.83319698e+00 
  8.18333848e+00  -1.21979618e+01   2.42004466e+00 
  4.38629024e+00  -1.28662058e+01   2.33151923e+00 
  4.12682318e+00  -1.09130265e+01  -9.41011633e-01 
  6.89175578e+00  -1.30724079e+01  -2.48551911e+00 
  5.11646341e+00  -1.62572679e+01  -1.22951102e+00 
  1.91348819e+00  -1.51508501e+01  -2.96048825e+00 
  3.80341756e+00  -1.47701617e+01  -6.27851010e+00 
  5.07217413e+00  -1.83554694e+01  -5.88102914e+00 
  1.50170189e+00  -1.95580847e+01  -5.08496041e+00 
  2.69729089e-01  -1.79028435e+01  -8.22724425e+00 
  2.91823843e+00  -1.95760545e+01  -1.03758404e+01 
  2.33332365e+00  -2.28637475e+01  -8.48572921e+00 
 -1.38893682e+00  -2.27423562e+01  -9.27643206e+00 
 -5.12288353e-01  -2.21091179e+01  -1.28764752e+01 
  1.91032275e+00  -2.50822423e+01  -1.28390398e+01 
 -3.38794188e+00  -1.89168164e+01  -1.47379763e+01 
 -6.79042799e-01  -1.65296296e+01  -1.58611873e+01 
  1.61775015e+00  -1.44018497e+01  -1.38264284e+01 
  2.52458208e+00  -1.11992933e+01  -1.56025102e+01 
  6.27643333e+00  -1.06130083e+01  -1.51916750e+01 
  7.82001195e+00  -7.16221198e+00  -1.45555504e+01 
  4.56798066e+00  -5.23484586e+00  -1.42874527e+01 
  5.40256194e+00  -1.57715438e+00  -1.49195710e+01 
  3.91761522e+00   1.42790708e+00  -1.66288591e+01 
  4.87097449e+00   1.79820134e-01  -2.00552980e+01 
  3.39661435e+00  -3.23263176e+00  -1.93633475e+01 
  2.26675762e-01  -1.64857544e+00  -1.78807411e+01 
 -1.88043470e-01   1.28349488e-01  -2.10434504e+01 
 -2.96297057e-01  -3.37081592e+00  -2.25897429e+01 
 -2.55675442e+00  -5.39954861e+00  -2.03150627e+01 
 -5.10438378e+00  -2.85541882e+00  -1.92453174e+01 
 -8.50959091e+00  -6.70706759e+00  -1.98449563e+01 
 -1.24278506e+01  -8.05045350e+00  -1.57367644e+01 
 -1.06171380e+01  -5.66382071e+00  -1.35089798e+01 
 -1.00353037e+01  -7.04786260e+00  -1.00744374e+01 
 -1.02706893e+01  -4.30675988e+00  -7.39736882e+00 
 -1.08673955e+01  -6.44216878e+00  -4.32882221e+00 
 -9.12290450e+00  -4.81280164e+00  -1.40375298e+00 
 -1.07474648e+01  -5.13783520e+00   2.02348945e+00 
 -1.32076410e+01  -2.26846026e+00   2.55417997e+00 
 -1.15144302e+01   7.75309645e-01   4.09539330e+00 
 -7.93307295e+00  -1.42049121e-01   3.10660644e+00 
 -7.37559244e+00   1.15613349e+00  -4.53306637e-01 
 -7.48560810e+00   4.97296681e+00  -5.93548778e-02 
 -8.44032322e+00   5.40128466e+00  -3.67573300e+00 
 -6.64784556e+00   3.29278961e+00  -6.26823671e+00 
 -6.00999909e+00   4.43085958e+00  -9.81661795e+00 
 -5.52687990e+00   1.21313159e+00  -1.17043407e+01 
 -9.26161763e+00   7.95595750e-01  -1.11440420e+01 
 -9.79585846e+00   3.94942594e+00  -1.30551070e+01 
 -9.40885376e+00  -3.68057645e-01  -1.63719682e+01 
 -1.26803831e+01   1.43152337e+00  -1.62298952e+01 
 -1.57301685e+01  -4.39768922e+00  -1.59079685e+01 
 -1.49543017e+01  -4.13114717e+00  -1.23580542e+01 
 -1.54304674e+01  -6.75624546e+00  -9.70858509e+00 
 -1.46418374e+01  -5.12864327e+00  -6.44980074e+00 
 -1.54473484e+01  -4.07748391e+00  -2.92174451e+00 
 -1.68969456e+01  -7.56059967e-01  -1.77012717e+00 
 -1.34694881e+01   6.63344392e-01  -1.15111403e+00 
 -1.16213026e+01   3.81755065e+00  -2.19651734e+00 
 -1.26120376e+01   5.22312150e+00  -5.49644686e+00 
 -1.45201384e+01   2.00672237e+00  -6.34288712e+00 
 -1.73733818e+01   3.56297264e+00  -4.36613324e+00 
 -1.72582529e+01   6.62804886e+00  -6.43175021e+00 
 -1.67955321e+01   4.57171628e+00  -9.60632975e+00 
 -1.98102005e+01   2.40766667e+00  -8.76696045e+00 
 -2.04245583e+01  -2.81276831e+00  -1.11083888e+01 
 -1.97556335e+01  -6.12688944e+00  -9.57463797e+00 
 -1.97475451e+01  -5.17477386e+00  -5.94960584e+00 
 -1.94151455e+01  -7.71875110e+00  -3.24288942e+00 
 -1.82421644e+01  -8.21410334e+00   2.33311196e-01 
 -1.83547693e+01  -6.30687315e+00   3.45949417e+00 
 -1.86309438e+01  -2.54397213e+00   3.55635222e+00 
 -1.65451464e+01  -4.98880675e-01   5.92180780e+00 
 -1.91756044e+01  -8.40642229e-01   8.66188025e+00 
 -1.93764032e+01  -4.60994228e+00   8.26530457e+00 
 -1.56948889e+01  -4.77990613e+00   8.73756941e+00 
 -1.59411045e+01  -2.68419123e+00   1.19117384e+01 
 -1.87830755e+01  -4.82777627e+00   1.31740066e+01 
 -1.67902191e+01  -7.97077794e+00   1.25823635e+01 
 -1.39530267e+01  -6.42664447e+00   1.45471977e+01 
 -1.60351585e+01  -5.55183043e+00   1.75839528e+01 
 -1.72328348e+01  -9.13336642e+00   1.74873773e+01 
 -1.39412279e+01  -1.05915960e+01   1.66593978e+01 
 -1.29580708e+01  -1.21985892e+01   1.33332378e+01 
 -1.27164471e+01  -1.59906963e+01   1.34688158e+01 
 -1.16439111e+01  -1.76197324e+01   1.01833577e+01 
 -1.22506028e+01  -2.11385160e+01   1.15533588e+01 
 -1.59120146e+01  -2.03434828e+01   1.13967017e+01 
 -1.57453923e+01  -1.98444425e+01   7.64278962e+00 
 -1.34894413e+01  -2.28751103e+01   7.29301910e+00 
 -1.58476796e+01  -2.49613903e+01   9.29387422e+00 
 -1.76036741e+01  -2.37174130e+01   3.76758507e+00 
 -1.51668002e+01  -2.55759119e+01  -8.30472624e-01 
 -1.30999030e+01  -2.33365283e+01   1.17075192e+00 
 -1.20964089e+01  -2.62097202e+01   3.45009104e+00 
 -8.86378699e+00  -2.55560538e+01  -9.70118147e-01 
 -7.15272529e+00  -2.51114730e+01   2.32541349e+00 
 -6.53664945e+00  -2.88291832e+01   2.60357522e+00 
 -5.12248445e+00  -2.89466231e+01  -9.40211670e-01 
 -2.62510520e+00  -2.63027439e+01  -8.17841952e-02 
 -1.85786728e+00  -2.79801592e+01   3.24507894e+00 
 -1.21719226e+00  -3.13630763e+01   1.75087580e+00 
  1.11227701e+00  -3.03357286e+01  -1.07160679e+00 
 -1.31177254e+00  -3.06045887e+01  -3.87178353e+00 
  1.89106136e-01  -2.74692228e+01  -5.43228382e+00 
  3.74353396e+00  -2.82137129e+01  -4.31356147e+00 
  7.79248462e+00  -2.95440454e+01  -1.21786424e+00 
  4.66689480e+00  -2.79655843e+01   3.16309311e+00 
  5.79495971e+00  -2.50946923e+01   8.76445173e-01 
  2.61091383e+00  -2.30513575e+01   1.52252002e+00 
  2.18632116e+00  -2.36328841e+01   5.27465614e+00 
  2.79568465e+00  -1.99201032e+01   5.96533681e+00 
 -4.59706011e-02  -1.88287103e+01   3.71377951e+00 
 -2.46476459e+00  -2.13822845e+01   5.24369815e+00 
 -1.47095931e+00  -2.05814219e+01   8.79949707e+00 
 -2.00982701e+00  -1.68360756e+01   8.14085101e+00 
 -5.39189297e+00  -1.72991231e+01   6.50773351e+00 
 -6.64119003e+00  -1.93803504e+01   9.47744354e+00 
 -5.15733504e+00  -1.74538873e+01   1.24039402e+01 
 -3.92099399e+00  -1.39045709e+01   1.15761831e+01 
 -5.80313284e+00  -1.25940230e+01   8.57995844e+00 
 -5.99960717e+00  -8.78837582e+00   9.16903759e+00 
 -7.78305405e+00  -8.50615563e+00   5.85950372e+00 
 -1.04878528e+01  -1.11892743e+01   6.33984800e+00 
 -1.00642027e+01  -1.30181627e+01   3.01243420e+00 
 -1.24660379e+01  -1.57905578e+01   4.14061734e+00 
 -1.51572669e+01  -1.32551802e+01   5.19070071e+00 
 -1.55566447e+01  -1.21557602e+01   1.59882411e+00 
 -1.49482637e+01  -1.55362078e+01  -1.21195289e-01 
 -1.84711209e+01  -1.66885413e+01  -3.86232547e-01 
 -1.97517119e+01  -1.33832325e+01  -1.64724854e+00 
 -1.67544154e+01  -1.31254459e+01  -3.96009031e+00 
 -1.71176092e+01  -1.64469702e+01  -5.72674093e+00 
 -2.00849737e+01  -1.24853764e+01  -7.48118491e+00 
 -1.75697478e+01  -1.40455829e+01  -9.89353573e+00 
 -1.47374342e+01   1.19144605e+01  -1.30331925e+01 
 -1.16310877e+01   1.00374330e+01  -1.28687548e+01 
 -6.55892125e+00   1.37628529e+01  -1.32763372e+01 
 -1.04587629e+01   1.69332979e+01  -1.25128454e+01 
 -8.39265125e+00   1.62597897e+01  -9.66117435e+00 
 -5.80275475e+00   1.88701123e+01  -1.04480582e+01 
 -6.37674033e+00   2.10750063e+01  -6.06632826e+00 
 -6.00044864e+00   2.42616061e+01  -2.19547919e+00 

   1.511771744272e+03 

