  3.66709631e+00   1.03124298e+00   1.01289326e+00 
  4.50382456e+00   1.67395721e+00   2.07856318e+00 
  3.71590118e+00   1.71903273e+00   3.31854958e+00 
  4.05706176e+00   2.47620014e+00   4.26091635e+00 
  2.93744262e+00   5.01255566e-01   3.58550955e+00 
  2.36054882e+00  -2.78026063e-01   2.66190750e+00 
  1.44071916e+00  -1.37908270e+00   2.92903080e+00 
  4.42135748e-01  -1.78232421e+00   1.94664921e+00 
  1.07730103e+00  -1.68577163e+00   6.02851179e-01 
  1.84087290e+00  -4.38221381e-01   3.10611262e-01 
  2.95753979e+00  -2.44571911e-01   1.34075595e+00 
  2.51516863e+00  -6.18547496e-01  -1.01670414e+00 
  1.61339341e+00  -1.01682759e+00  -2.19452876e+00 
  6.28270511e-01  -2.05987184e+00  -1.80812082e+00 
  5.80679494e-02  -1.84225470e+00  -4.24136666e-01 
 -8.24664173e-01  -3.03626607e+00  -2.74068483e-01 
 -1.36551332e+00  -3.26795747e+00  -1.62243737e+00 
 -7.30539375e-01  -2.12799068e+00  -2.43450243e+00 
 -7.05743776e-01  -2.58244332e+00  -3.70602909e+00 
  1.40835920e+00  -3.36961068e+00  -1.93923522e+00 
  3.92245745e+00  -1.38705578e+00   1.04336532e+00 
  4.16481890e+00   9.33298804e+00  -2.29672754e+00 
  3.41265927e+00   1.21045427e+01  -4.78985736e+00 
 -3.64540436e-01   1.18080040e+01  -4.35593280e+00 
 -9.73425036e+00   3.14247774e+00  -5.62911503e+00 
 -7.57579269e+00   3.62065518e+00  -8.72373135e+00 
 -5.90923912e+00   6.83441038e+00  -7.53537610e+00 
 -5.28763624e+00   5.63079666e+00  -3.98034071e+00 
 -3.80337471e+00   2.26867378e+00  -4.94028677e+00 
 -1.73622987e+00   3.75470075e+00  -7.75223561e+00 
 -2.67309585e-01   6.18544911e+00  -5.20361225e+00 
  4.04129341e-01   3.42753393e+00  -2.68682532e+00 
  2.13416871e+00   1.40414510e+00  -5.42364773e+00 
  4.32197392e+00   4.38745132e+00  -6.30859067e+00 
  5.13848846e+00   4.88008058e+00  -2.60801182e+00 
  6.10094294e+00   1.21758813e+00  -2.50646973e+00 
  8.51400608e+00   1.67515760e+00  -5.42464727e+00 
  1.00704938e+01   4.72381967e+00  -3.74179167e+00 
  1.03113558e+01   3.13319512e+00  -2.92114562e-01 
  1.19550732e+01   3.55737956e-02  -1.78044566e+00 
  1.48663435e+01   2.13916821e+00  -2.99825785e+00 
  1.49288508e+01  -7.44933506e-02   2.10579603e+00 
  9.91484293e+00  -5.67345358e+00   2.35559323e+00 
  6.18359006e+00  -5.85802371e+00   3.09022682e+00 
  6.65677656e+00  -6.61499053e+00   6.78105465e+00 
  9.40049075e+00  -4.00505357e+00   7.07682307e+00 
  7.33803531e+00  -1.25995603e+00   5.46273531e+00 
  4.18212431e+00  -2.06149189e+00   7.43579238e+00 
  6.10707423e+00  -2.05469546e+00   1.07091290e+01 
  7.66086439e+00   1.33718891e+00   9.91495375e+00 
  4.33510848e+00   2.75603121e+00   8.73789314e+00 
  2.76119084e+00   1.62350861e+00   1.19832200e+01 
  5.02398398e+00   6.62115755e+00   1.18564009e+01 
  1.28731590e+00   6.48829832e+00   1.25067404e+01 
 -4.97722827e+00   7.26975334e+00   1.09667501e+01 
 -2.51645598e+00   5.35661902e+00   8.79709854e+00 
  4.26364089e-01   7.64995484e+00   8.01615671e+00 
  1.71559081e+00   6.03711548e+00   4.80581793e+00 
  3.47378275e+00   9.28902651e+00   3.91305526e+00 
  1.09368335e+00   1.33544440e+01   1.48973202e+00 
 -8.32149936e-01   1.01133121e+01   1.86856740e+00 
 -2.54191182e+00   9.83965190e+00   5.23898141e+00 
 -5.46738576e+00   7.41820140e+00   5.36814706e+00 
 -9.54457693e+00   2.95905449e+00   4.29085307e+00 
 -9.08192367e+00   1.60051902e+00  -9.60768824e-01 
 -1.11015139e+01  -1.62543721e+00  -6.73625529e-01 
 -8.46259108e+00  -2.49941481e+00   1.93508971e+00 
 -1.04768327e+01  -1.75509449e+00   5.07494325e+00 
 -9.92073402e+00  -5.10847508e+00   6.80544448e+00 
 -6.17644735e+00  -4.96045445e+00   6.14230177e+00 
 -6.05794986e+00  -1.33411498e+00   7.30968110e+00 
 -2.28654058e+00  -2.30153959e+00   1.03614409e+01 
  1.26849362e+01  -3.43121483e+00   1.24628455e+01 
  3.70847348e+00  -1.17402328e+01   9.71489468e+00 
 -6.26628105e-02  -1.24210918e+01   9.46475906e+00 
 -6.37888118e-01  -8.78374202e+00   8.51679466e+00 
  2.06093566e+00  -8.95798320e+00   5.84358439e+00 
  5.32624603e-01  -1.21621633e+01   4.44978890e+00 
 -2.88320511e+00  -1.05180511e+01   4.08324598e+00 
 -1.26937441e+00  -7.64175351e+00   2.22656864e+00 
  6.78549765e-01  -1.00478845e+01   1.84676315e-02 
 -2.56659154e+00  -1.17515038e+01  -9.72790892e-01 
 -4.25103353e+00  -8.41259939e+00  -1.63379511e+00 
 -1.51532853e+00  -6.88032311e+00  -3.75332050e+00 
 -1.03071062e+00  -1.01738876e+01  -5.67825512e+00 
 -4.68347298e+00  -6.61145436e+00  -7.45984399e+00 
 -1.70345008e+00  -7.08638121e+00  -9.81559639e+00 
 -4.66353059e+00  -4.45527150e+00  -1.24029492e+01 
 -9.41468121e+00  -1.82574508e+00  -1.24153307e+01 
 -4.39295116e+00   3.95697551e-01  -1.11131065e+01 
  2.12236224e+00  -9.23922508e-01  -1.08172459e+01 
  1.00678550e+01  -3.14832368e+00  -9.40304267e+00 
  6.73308166e+00  -3.70223407e+00  -7.66351753e+00 
  5.31895249e+00  -5.72462428e+00  -1.05713186e+01 
  8.49469706e+00  -7.82755063e+00  -1.06488860e+01 
  8.64067039e+00  -8.57735432e+00  -6.93855788e+00 
  4.90419271e+00  -9.21127160e+00  -6.64730446e+00 
  4.86478162e+00  -1.16185959e+01  -9.62168113e+00 
  5.50971250e+00  -1.28014380e+01  -3.43051594e+00 

   6.330561477831e-01 

