  3.83498247e+00   3.54178849e-01   1.59938335e+00 
  4.54935702e+00   7.82258028e-01   2.84648607e+00 
  3.54347928e+00   1.05867937e+00   3.88196798e+00 
  3.84903365e+00   1.72294981e+00   4.90330536e+00 
  2.43811100e+00   9.09462731e-02   3.92555953e+00 
  1.90106516e+00  -5.33106263e-01   2.86949741e+00 
  6.92860027e-01  -1.35147631e+00   2.88616827e+00 
 -1.30514903e-01  -1.50444580e+00   1.69306296e+00 
  7.91455413e-01  -1.60689787e+00   5.27719564e-01 
  1.89614969e+00  -6.07139960e-01   4.57275369e-01 
  2.76582510e+00  -6.86057452e-01   1.71548035e+00 
  2.77983555e+00  -9.86688785e-01  -6.93376862e-01 
  2.09237491e+00  -1.16447683e+00  -2.05531876e+00 
  8.11119511e-01  -1.90715490e+00  -1.93476413e+00 
  2.22503202e-02  -1.51729306e+00  -7.04482266e-01 
 -1.14891728e+00  -2.43772777e+00  -7.97033712e-01 
 -1.41606591e+00  -2.55220604e+00  -2.23919318e+00 
 -3.43951688e-01  -1.63493849e+00  -2.84858412e+00 
 -1.53959278e-01  -2.10942570e+00  -4.09865887e+00 
  1.23601138e+00  -3.37705478e+00  -1.93724205e+00 
  3.44470836e+00  -2.04623575e+00   1.59796744e+00 
  7.18219082e+00   8.16429113e+00  -1.21462312e+00 
  7.74630148e+00   1.09779162e+01  -3.71026906e+00 
  4.02223641e+00   1.16812177e+01  -4.13473294e+00 
 -6.73576042e+00   5.71530425e+00  -7.76477178e+00 
 -3.89257542e+00   5.54593223e+00  -1.02850605e+01 
 -1.76261177e+00   8.24398197e+00  -8.64140781e+00 
 -2.28224297e+00   7.00252944e+00  -5.08301889e+00 
 -1.53954410e+00   3.34932195e+00  -5.81162896e+00 
  1.41455859e+00   4.18322827e+00  -8.04014817e+00 
  2.85318302e+00   6.20785671e+00  -5.14308316e+00 
  2.21142674e+00   3.42888020e+00  -2.64176698e+00 
  3.92701321e+00   9.63574119e-01  -4.99896109e+00 
  6.95040531e+00   3.25619536e+00  -5.26862712e+00 
  7.01885970e+00   3.60528085e+00  -1.46374653e+00 
  6.95662261e+00  -1.78162392e-01  -1.28440395e+00 
  9.99444588e+00  -4.29401120e-01  -3.57711219e+00 
  1.18679831e+01   2.14918204e+00  -1.48193560e+00 
  1.09141735e+01   6.30386565e-01   1.87542689e+00 
  1.19929233e+01  -2.82096430e+00   6.76814972e-01 
  1.55438947e+01  -1.57300869e+00   2.11111756e-01 
  1.38924575e+01  -3.60900060e+00   5.11856147e+00 
  7.67969168e+00  -7.70870496e+00   4.04851705e+00 
  3.96055735e+00  -6.90228900e+00   3.93132671e+00 
  3.38625484e+00  -7.67088131e+00   7.60536486e+00 
  6.57237476e+00  -5.85573924e+00   8.59587839e+00 
  5.70168826e+00  -2.70759089e+00   6.66568925e+00 
  2.08785791e+00  -2.61755943e+00   7.86039130e+00 
  3.16840460e+00  -3.03486150e+00   1.14768106e+01 
  5.68087681e+00  -1.81232166e-01   1.11699879e+01 
  3.18311355e+00   2.02410682e+00   9.33780469e+00 
  6.87064293e-01   1.41357210e+00   1.21107014e+01 
  4.13107206e+00   5.64906732e+00   1.26694527e+01 
  4.38998038e-01   6.50487411e+00   1.24707936e+01 
 -4.90467771e+00   8.84863088e+00   9.61095274e+00 
 -2.60035819e+00   6.31332004e+00   7.97230035e+00 
  9.31665837e-01   7.74634965e+00   7.94618949e+00 
  2.44443128e+00   5.78085438e+00   5.04481054e+00 
  5.13496910e+00   8.44405635e+00   4.68211153e+00 
  4.48676301e+00   1.29307326e+01   1.94084262e+00 
  1.75614403e+00   1.03095818e+01   1.76598582e+00 
 -6.74084626e-01   1.05663978e+01   4.66182772e+00 
 -4.07733140e+00   8.99016543e+00   4.05198579e+00 
 -8.81930134e+00   5.71743778e+00   1.93750833e+00 
 -7.56228452e+00   4.16484416e+00  -3.12693245e+00 
 -1.03566569e+01   1.58055035e+00  -3.41135727e+00 
 -8.68366698e+00   1.12379728e-01  -3.16405602e-01 
 -1.10861785e+01   1.42572288e+00   2.32422523e+00 
 -1.18143602e+01  -1.91637229e+00   4.01218062e+00 
 -8.10835684e+00  -2.75981139e+00   4.20059991e+00 
 -7.32257395e+00   7.37598735e-01   5.49590732e+00 
 -4.70799592e+00  -1.10430538e+00   9.27003594e+00 
  8.60547190e+00  -6.02949589e+00   1.45927471e+01 
 -1.36170483e+00  -1.17871454e+01   9.62557934e+00 
 -5.02645053e+00  -1.14722323e+01   8.52191524e+00 
 -4.41772656e+00  -7.83298299e+00   7.60259354e+00 
 -1.32886493e+00  -8.76271170e+00   5.58898932e+00 
 -3.28054277e+00  -1.14921002e+01   3.77610161e+00 
 -5.98583834e+00  -9.02723726e+00   2.72197753e+00 
 -3.31266686e+00  -6.71144855e+00   1.37436261e+00 
 -1.60897604e+00  -9.59062970e+00  -4.33215514e-01 
 -4.87751693e+00  -1.04166833e+01  -2.17967752e+00 
 -5.45251762e+00  -6.77130150e+00  -3.07584647e+00 
 -2.01259127e+00  -6.05018842e+00  -4.47985652e+00 
 -1.97649976e+00  -9.40016394e+00  -6.36775394e+00 
 -4.09401490e+00  -5.05428038e+00  -8.78376054e+00 
 -8.89210712e-01  -6.33994306e+00  -1.04366257e+01 
 -2.41582164e+00  -3.09146186e+00  -1.35181900e+01 
 -6.20136772e+00   6.79299053e-01  -1.44872090e+01 
 -1.19866120e+00   1.55171588e+00  -1.20254647e+01 
  4.51973243e+00  -1.40532886e+00  -1.03419864e+01 
  1.10996140e+01  -5.58111461e+00  -7.28473956e+00 
  7.43362567e+00  -5.21098783e+00  -6.34824924e+00 
  6.23197977e+00  -6.86382359e+00  -9.56839086e+00 
  8.69242993e+00  -9.71963577e+00  -9.01685515e+00 
  7.80802605e+00  -1.03960001e+01  -5.39602518e+00 
  4.06710347e+00  -1.00322865e+01  -5.96273229e+00 
  4.07336729e+00  -1.24148475e+01  -8.95723502e+00 
  2.99252732e+00  -1.35815940e+01  -2.82404132e+00 

   6.330551902528e-01 

