 -2.03610108e+00  -1.28481633e+00   7.53379061e+00 
 -4.65961570e+00  -1.25732306e+00   7.20691418e+00 
 -5.54734128e+00  -2.04864351e+00   1.03843641e+01 
 -7.57379689e+00  -4.73098939e+00   6.95268525e+00 
 -5.35459601e+00  -1.35766970e+00   8.50259531e+00 
 -7.42578351e+00  -2.42667659e+00   6.74765086e+00 
 -7.54080950e+00  -4.02012635e+00   8.57920457e+00 
 -6.45071708e+00  -2.63004090e+00   9.67030218e+00 
 -8.77851277e+00  -4.18366483e+00   6.73831507e+00 
 -6.53190269e+00  -1.77030917e+00   8.62141084e+00 
 -8.51388839e+00  -2.82110599e+00   7.01370254e+00 
 -5.93693594e+00  -3.87668458e+00   9.52241337e+00 
 -8.92137737e+00  -4.17537492e+00   5.38305361e+00 
 -7.00713588e+00  -2.83363635e+00   8.69098077e+00 
 -8.30395549e+00  -3.04404087e+00   8.33117743e+00 
 -5.02737388e+00  -3.70651575e+00   8.72782379e+00 
 -7.97264317e+00  -3.39615365e+00   4.84850122e+00 
 -4.00736704e+00  -3.04421808e+00   9.42237979e+00 
 -6.82665784e+00  -3.26832428e+00   5.59469903e+00 
 -4.34775663e+00  -1.99353174e+00   1.00352380e+01 
 -6.54070829e+00  -4.27083973e+00   6.32239045e+00 
 -2.90758144e+00  -2.91134801e+00   8.75033245e+00 
 -6.02734245e+00  -2.25906046e+00   5.74390755e+00 
 -3.42298483e+00  -1.14411520e+00   1.03162453e+01 
 -5.31911296e+00  -4.25368004e+00   6.78620193e+00 
 -2.24003566e+00  -1.80370742e+00   8.66754017e+00 
 -4.81609177e+00  -2.18415732e+00   6.29719949e+00 
 -2.27653983e+00  -1.08109797e+00   9.71723639e+00 
 -4.43257135e+00  -3.33032101e+00   6.61783576e+00 
 -2.10461094e+01   3.41069590e+01   4.41137002e+00 
 -1.71854895e+01   3.41001441e+01   3.59765245e+00 
 -1.58468341e+01   3.17945856e+01   8.38108475e-01 
 -1.48779030e+01   2.94933607e+01   3.41326588e+00 
 -1.30653294e+01   2.68430730e+01   1.61650041e+00 
 -1.21055487e+01   2.35633782e+01   2.74516585e+00 
 -9.47873895e+00   2.14238393e+01   1.03920105e+00 
 -9.93974547e+00   1.78813744e+01   2.10329517e+00 
 -6.65540088e+00   1.58768740e+01   2.09616586e+00 
 -6.93175909e+00   1.20786421e+01   1.74500199e+00 
 -4.14259101e+00   1.05375835e+01  -5.64058654e-01 
 -2.53087119e+00   1.36469438e+01  -2.08751445e+00 
 -4.49452569e-01   1.45532859e+01   1.13328290e+00 
  1.62603799e+00   1.72034998e+01  -6.09988475e-01 
  1.70404087e+00   2.08175536e+01  -1.46729688e+00 
  3.54176577e+00   2.01254416e+01  -4.79095731e+00 
  1.35226731e+00   1.91648538e+01  -7.78961985e+00 
 -1.98940490e+00   1.97088322e+01  -5.99038018e+00 
 -4.41195908e+00   2.11761025e+01  -8.55952307e+00 
 -7.48833785e+00   2.07114884e+01  -6.33375174e+00 
 -5.92743295e+00   2.27112260e+01  -3.43741093e+00 
 -4.60221874e+00   2.52041434e+01  -5.83791945e+00 
 -8.11341132e+00   2.56844882e+01  -7.25352567e+00 
 -9.80269465e+00   2.56688794e+01  -3.82101150e+00 
 -7.54589305e+00   2.84272384e+01  -2.57013187e+00 
 -8.47144944e+00   3.01807733e+01  -5.57984395e+00 
 -1.10797816e+01   3.25308268e+01  -4.37883106e+00 
 -1.13288227e+01   3.15206853e+01  -9.03800605e-01 
 -1.12609194e+01   3.36472404e+01   2.17389959e+00 
 -1.04669175e+01   3.11000495e+01   4.43556228e+00 
 -8.96815091e+00   2.79122912e+01   3.72749058e+00 
 -8.85570111e+00   2.51837460e+01   6.08314339e+00 
 -6.71217152e+00   2.22774047e+01   5.05129616e+00 
 -8.48356466e+00   1.94114769e+01   6.73010984e+00 
 -7.72089304e+00   1.58249466e+01   7.31623518e+00 
 -1.06744105e+01   1.37809027e+01   8.80828065e+00 
 -9.61998664e+00   1.10288877e+01   1.12843423e+01 
 -1.17220302e+01   8.70305055e+00   1.35321830e+01 
 -9.29867572e+00   7.94052312e+00   1.66353690e+01 
 -1.17230007e+01   5.20592931e+00   1.79481933e+01 
 -1.16550460e+01   3.44844261e+00   1.44513927e+01 
 -7.70611759e+00   3.71690773e+00   1.45120046e+01 
 -7.37602322e+00   1.79252951e+00   1.79091051e+01 
 -9.89712874e+00  -9.90875362e-01   1.64965562e+01 
 -8.41931367e+00  -1.23756820e+00   1.28072227e+01 
 -6.52966740e+00  -4.29377254e+00   1.12312252e+01 
 -3.68975825e+00  -1.72589018e+00   1.01924286e+01 
 -1.37999040e-01  -2.20084286e+00   1.17108136e+01 
  2.06706297e+00   4.96501094e-01   1.36605260e+01 
  4.44105867e+00   1.06535243e+00   1.05997531e+01 
  1.51159699e+00   2.37077895e+00   8.35287308e+00 
  8.26478876e-02   4.64487725e+00   1.12151734e+01 
  3.63556458e+00   6.04960036e+00   1.20613046e+01 
  4.22073772e+00   6.76329707e+00   8.29912063e+00 
  7.67594204e-01   8.59571634e+00   8.01894489e+00 
  1.34539274e+00   1.07502263e+01   1.12533317e+01 
  4.87286751e+00   1.17594954e+01   9.99790880e+00 
  3.21201005e+00   1.27474661e+01   6.59533121e+00 
  5.96572228e-01   1.49319293e+01   8.50736976e+00 
  3.38928707e+00   1.64451552e+01   1.07868252e+01 
  5.51418433e+00   1.72632155e+01   7.65412603e+00 
  2.32141439e+00   1.86578740e+01   5.92665137e+00 
  1.45590538e+00   2.07766622e+01   9.10690545e+00 
  5.18480724e+00   2.18161669e+01   9.29943047e+00 
  5.01936882e+00   2.27467949e+01   5.55741255e+00 
  1.57673042e+00   2.45269660e+01   6.10807152e+00 
  3.05580106e+00   2.63177776e+01   9.24992982e+00 
  5.69271837e+00   2.76055441e+01   6.87164421e+00 
  2.61136203e+00   2.90260647e+01   5.06336349e+00 
  9.42208767e-01   3.03928546e+01   8.31405606e+00 
 -1.54800730e+00   2.77946877e+01   8.03225147e+00 
 -2.07239518e+00   2.47084941e+01   9.88386843e+00 
 -3.37103428e+00   2.13510629e+01   9.21052404e+00 
 -6.78797615e+00   2.07616102e+01   1.09422453e+01 
 -6.98902197e+00   1.71700645e+01   1.19989065e+01 
 -1.08248020e+01   1.67480567e+01   1.26056992e+01 
 -1.20654507e+01   1.38689411e+01   1.47961400e+01 
 -1.51725649e+01   1.19201219e+01   1.34261983e+01 
 -1.68996456e+01   1.06003455e+01   1.01366935e+01 
 -1.70465955e+01   1.26906920e+01   6.83331987e+00 
 -2.09488907e+01   1.23729358e+01   6.52245189e+00 
 -2.14741609e+01   1.36906329e+01   1.02092468e+01 
 -1.84554354e+01   1.61313616e+01   1.03024987e+01 
 -1.90858600e+01   1.79364987e+01   6.96224598e+00 
 -2.27973980e+01   1.89016415e+01   7.69415153e+00 
 -2.15679052e+01   2.02525120e+01   1.11428288e+01 
 -1.83820092e+01   2.19636017e+01   9.68386940e+00 
 -2.04207553e+01   2.33018298e+01   6.75080684e+00 
 -2.25209290e+01   2.49090755e+01   9.51929607e+00 
 -1.98013474e+01   2.56300600e+01   1.21950265e+01 
 -1.72786984e+01   2.70989016e+01   9.68797947e+00 
 -1.98921023e+01   2.81808751e+01   7.23878379e+00 
 -1.82675098e+01   2.63817971e+01   4.29670738e+00 
 -1.90872421e+01   2.71908850e+01   7.33006653e-01 
 -1.63542686e+01   2.54416222e+01  -1.23873963e+00 
 -1.50261232e+01   2.20630758e+01  -8.88569870e-01 
 -1.20869777e+01   2.07036918e+01  -2.97518179e+00 
 -1.07410332e+01   1.72398762e+01  -3.34451416e+00 
 -8.20171200e+00   1.51930263e+01  -5.37254922e+00 
 -1.02315102e+01   1.26332710e+01  -7.47539839e+00 
 -1.04631066e+01   9.14022822e+00  -5.97573613e+00 
 -1.08487675e+01   6.46100862e+00  -8.74034956e+00 
 -1.16130011e+01   3.51736131e+00  -6.41759306e+00 
 -1.53849215e+01   2.40268433e+00  -6.36227287e+00 
 -1.57941128e+01   3.07562665e+00  -2.58390285e+00 
 -1.40205319e+01   6.51074078e+00  -2.93831835e+00 
 -1.63845108e+01   7.41503121e+00  -5.89021658e+00 
 -1.95498654e+01   6.46049167e+00  -3.86504335e+00 
 -1.83114038e+01   8.39318047e+00  -6.62896505e-01 
 -1.73700664e+01   1.14499694e+01  -2.74270198e+00 
 -2.07950731e+01   1.13028823e+01  -4.56403234e+00 
 -2.26210282e+01   1.12442121e+01  -1.07055712e+00 
 -2.04260808e+01   1.41487738e+01   2.74957197e-01 
 -2.10014581e+01   1.59857982e+01  -3.07225935e+00 
 -2.47969403e+01   1.54192432e+01  -2.42473813e+00 
 -2.45840917e+01   1.66851340e+01   1.28027037e+00 
 -2.23824507e+01   1.95831599e+01   7.14614011e-02 
 -2.48790596e+01   2.02389005e+01  -2.64285584e+00 
 -2.77990552e+01   1.98923553e+01   4.81465747e-02 
 -2.58140449e+01   2.22954604e+01   2.25895952e+00 
 -2.50803209e+01   2.45136718e+01  -6.22329871e-01 
 -2.13705062e+01   2.38969452e+01  -9.01600078e-01 
 -1.94972479e+01   2.38715078e+01  -4.25087838e+00 
 -1.73814527e+01   2.09261526e+01  -4.97805664e+00 
 -1.40791868e+01   2.10116342e+01  -6.93143308e+00 
 -1.25865231e+01   1.77494875e+01  -8.14364772e+00 
 -9.12852124e+00   1.73227861e+01  -9.82634771e+00 
 -7.17964362e+00   1.42599690e+01  -1.10739096e+01 
 -3.57535491e+00   1.41560250e+01  -9.70534504e+00 
 -3.23749256e+00   1.07773926e+01  -8.00177627e+00 
 -3.02278758e+00   9.04428041e+00  -1.14469685e+01 
 -1.08843375e+00   9.93823721e+00  -1.45004298e+01 
 -4.27803797e+00   9.76510002e+00  -1.66416721e+01 
 -8.01929201e+00   1.01862427e+01  -1.64817260e+01 
 -8.90186588e+00   6.49522829e+00  -1.61214050e+01 
 -1.24745969e+01   6.94608237e+00  -1.74969699e+01 
 -1.08887286e+01   8.09250882e+00  -2.06220321e+01 
 -8.72859123e+00   4.88789122e+00  -2.08009996e+01 
 -1.19144781e+01   2.79036062e+00  -2.03490715e+01 
 -1.38943111e+01   4.77909258e+00  -2.27320944e+01 
 -1.09785220e+01   4.18396151e+00  -2.51301723e+01 
 -1.13472019e+01   4.77401632e-01  -2.45384334e+01 
 -1.51847086e+01   3.59930056e-01  -2.51027199e+01 
 -1.64652120e+01   1.10384641e+00  -2.18144300e+01 
 -1.44147666e+01  -1.86746579e+00  -2.05505322e+01 
 -1.10596193e+01  -1.92112494e+00  -1.87528227e+01 
 -8.02050872e+00  -3.43498343e+00  -2.05084705e+01 
 -7.34664155e+00  -6.96021709e+00  -1.91217711e+01 
 -3.76304195e+00  -7.30836420e+00  -2.03476353e+01 
 -8.02143572e-01  -5.02854533e+00  -1.96348975e+01 
  2.02931327e-02  -5.11453686e+00  -2.31766947e+01 
 -3.54530561e+00  -3.84458154e+00  -2.40536591e+01 
 -3.24244603e+00  -1.12763094e+00  -2.15116849e+01 
  1.66655345e-01  -7.05684800e-03  -2.27832056e+01 
 -1.52786599e+00   1.70091116e-01  -2.60342157e+01 
 -4.34493716e+00   2.41351992e+00  -2.47888831e+01 
 -2.09248277e+00   4.84474700e+00  -2.28787437e+01 
  2.29844474e-01   5.15258097e+00  -2.56123719e+01 
 -2.90122176e+00   6.58643261e+00  -2.73036855e+01 
 -3.90941822e+00   9.04843291e+00  -2.47668947e+01 
 -3.24021697e+00   1.26670800e+01  -2.44582107e+01 
  1.54133098e-01   1.36525118e+01  -2.30520713e+01 
  2.63155033e-01   1.38727325e+01  -1.95092053e+01 
 -5.40294714e-01   1.71070005e+01  -1.77342565e+01 
  2.45543426e+00   1.87309890e+01  -1.61096423e+01 
  2.59333471e+00   1.88968767e+01  -1.24277414e+01 
  6.31048365e-01   2.18328911e+01  -1.09627863e+01 
  2.66290233e+00   2.44085242e+01  -9.11247056e+00 
  3.67066454e+00   2.38948065e+01  -5.58302796e+00 
  1.45159411e+00   2.56197073e+01  -3.00353800e+00 
  3.57451814e+00   2.83555669e+01  -1.66881622e+00 
  2.73086567e+00   3.13580161e+01   3.67829491e-01 
  2.16424168e+00   3.26937389e+01  -2.92231960e+00 
 -4.85460603e-01   3.03944314e+01  -4.03950943e+00 
 -2.22029575e+00   3.09283319e+01  -6.69203526e-01 
 -2.13940827e+00   3.42878457e+01  -9.34193425e-01 
 -4.75001082e+00   3.57697161e+01   1.40805672e+00 
 -6.55670868e+00   3.29622710e+01   2.01556990e+00 
 -6.28424131e+00   3.26398307e+01   5.77575420e+00 
 -6.45403637e+00   2.99380166e+01   8.00509944e+00 
 -8.68926992e+00   3.06191939e+01   1.10538016e+01 
 -6.74124004e+00   2.93877236e+01   1.39979877e+01 
 -7.78140670e+00   2.90331492e+01   1.76768529e+01 
 -5.22878750e+00   2.88292731e+01   2.06015273e+01 
 -6.58589788e+00   2.56002902e+01   2.14702222e+01 
 -5.62170373e+00   2.46533463e+01   1.78098331e+01 
 -3.03188227e+00   2.21469075e+01   1.89183397e+01 
 -5.56227335e+00   2.07634970e+01   2.15910090e+01 
 -8.62674535e+00   2.07150312e+01   1.91673582e+01 
 -6.95810363e+00   2.00662352e+01   1.57324331e+01 
 -3.22962856e+00   1.89868724e+01   1.63489913e+01 
 -1.73444160e+00   1.58667455e+01   1.47351439e+01 
 -2.29371507e+00   1.30515286e+01   1.73215677e+01 
  6.72023413e-01   1.09842256e+01   1.87258828e+01 
  9.32324798e-01   7.15022130e+00   1.83872779e+01 
  1.33239356e-01   6.93517072e+00   2.22080173e+01 
 -3.12181059e+00   9.03746819e+00   2.17122974e+01 
 -4.18062347e+00   6.38185471e+00   1.90427570e+01 
 -3.55839751e+00   3.59521290e+00   2.16857240e+01 
 -9.48980620e-02   2.25517082e+00   2.03808404e+01 
  2.81221316e+00   1.19788087e+00   2.27455010e+01 
  6.02417645e+00   3.13214879e+00   2.17532498e+01 
  8.38507835e+00   1.66941538e+00   2.44391710e+01 
  1.16546179e+01   6.27348989e-01   2.27075727e+01 
  1.03394129e+01   1.66613485e+00   1.92205178e+01 
  1.33183732e+01   2.02330701e+00   1.68159187e+01 
  1.36365125e+01   4.88306810e+00   1.42842055e+01 
  1.15176388e+01   4.41983153e+00   1.11083548e+01 
  1.33439081e+01   2.60128482e+00   8.22619266e+00 
  1.08971797e+01   4.64250774e+00   5.99100172e+00 
  1.03429861e+01   8.27337174e+00   7.38672358e+00 
  6.94417785e+00   9.76742137e+00   6.14282241e+00 
  6.29778657e+00   1.31554168e+01   4.40211660e+00 
  6.58912390e+00   1.52189611e+01   1.20995822e+00 
  9.99904048e+00   1.65607830e+01   2.38833556e+00 
  1.15658511e+01   1.30205529e+01   2.67909750e+00 
  9.77881837e+00   1.19862661e+01  -6.17735239e-01 
  1.13689029e+01   1.48283693e+01  -2.50738570e+00 
  1.47828595e+01   1.40091150e+01  -8.01456836e-01 
  1.44725704e+01   1.02816453e+01  -1.81577974e+00 
  1.33794720e+01   1.13394715e+01  -5.34761000e+00 
  1.65576334e+01   1.32950092e+01  -5.50451990e+00 
  1.86875866e+01   1.02932893e+01  -4.16363328e+00 
  1.67640381e+01   7.96388550e+00  -6.59026163e+00 
  1.75451999e+01   1.01000441e+01  -9.46445877e+00 
  2.12120058e+01   9.97123549e+00  -8.31734793e+00 
  2.12509981e+01   6.31276269e+00  -9.60154598e+00 
  2.17439706e+01   7.52385339e+00  -1.29370217e+01 
  2.31711588e+01   4.21290639e+00  -1.40457159e+01 
  2.02918624e+01   2.29356819e+00  -1.33456997e+01 
  1.77933739e+01   4.76737204e+00  -1.49219873e+01 
  1.97505294e+01   4.82772489e+00  -1.77588299e+01 
  2.01813814e+01   1.17571674e+00  -1.83691050e+01 
  1.69898421e+01   1.38941286e-01  -1.73166605e+01 
  1.88803303e+01  -2.99216987e+00  -1.64013336e+01 
  1.67963858e+01  -5.59735743e+00  -1.50538551e+01 
  1.83814843e+01  -5.26455712e+00  -1.15854799e+01 
  2.04485321e+01  -8.28314407e+00  -1.07445381e+01 
  1.89363681e+01  -9.66259405e+00  -7.76453852e+00 
  2.12983406e+01  -9.70356656e+00  -4.79686028e+00 
  2.10629821e+01  -9.83838489e+00  -1.02312488e+00 
  2.12821789e+01  -5.95910290e+00  -8.60290000e-01 
  1.82740555e+01  -5.59784469e+00  -3.22193467e+00 
  1.62623596e+01  -7.43794444e+00  -6.04415747e-01 
  1.71280709e+01  -4.66729064e+00   1.95878827e+00 
  1.53235117e+01  -1.30452853e+00   2.28519114e+00 
  1.68328422e+01   1.18476702e+00  -9.43237514e-02 
  1.72820602e+01   4.97057993e+00   8.03804971e-01 
  1.60969071e+01   5.55659792e+00  -2.75643923e+00 
  1.28692185e+01   3.57125109e+00  -2.64665450e+00 
  9.67168310e+00   5.63931483e+00  -3.62361261e+00 
  6.70798808e+00   3.17120419e+00  -3.54798303e+00 
  5.28544778e+00   4.27908892e+00  -9.52151601e-02 
  5.47040883e+00   8.05547517e+00  -1.07234225e+00 
  3.55141494e+00   7.37365346e+00  -4.38919735e+00 
  8.07438866e-01   5.45161947e+00  -2.50978098e+00 
  2.27123802e-01   8.29592714e+00   1.20027063e-01 
  6.27787918e-01   1.09957143e+01  -2.56411587e+00 
  3.66663589e+00   1.26129405e+01  -7.08796135e-01 
  5.23296054e+00   1.22737957e+01  -4.16247147e+00 
  3.32228490e+00   1.32720052e+01  -7.35440044e+00 
  3.32496300e+00   1.04395974e+01  -9.98186822e+00 
  3.34180240e+00   1.32022450e+01  -1.25816583e+01 
  6.38542610e+00   1.48862657e+01  -1.09123472e+01 
  8.18274577e+00   1.14603519e+01  -1.07924715e+01 
  7.12635565e+00   1.06384194e+01  -1.44221979e+01 
  8.40956650e+00   1.39525438e+01  -1.55589617e+01 
  1.16274925e+01   1.37563330e+01  -1.33172105e+01 
  1.23110687e+01   1.01412845e+01  -1.47124318e+01 
  1.14224380e+01   1.14215098e+01  -1.81185828e+01 
  1.37604690e+01   1.43439309e+01  -1.73982564e+01 
  1.65591673e+01   1.21032897e+01  -1.58867633e+01 
  1.60770035e+01   9.39353555e+00  -1.86386811e+01 
  1.59716278e+01   1.21408167e+01  -2.09792647e+01 
  1.90618122e+01   1.35857588e+01  -1.90725698e+01 
  2.08744458e+01   1.02146256e+01  -1.90657421e+01 
  1.94132548e+01   8.52463818e+00  -2.23371618e+01 
  1.95140846e+01   1.17007015e+01  -2.38678864e+01 
  1.58666958e+01   1.26451315e+01  -2.46492782e+01 
  1.49361083e+01   9.12903097e+00  -2.58580384e+01 
  1.13624573e+01   8.68289420e+00  -2.55847854e+01 
  1.15844709e+01   6.62713749e+00  -2.27528102e+01 
  1.03007784e+01   3.12295690e+00  -2.32975066e+01 
  7.14793315e+00   2.57880638e+00  -2.16502741e+01 
  9.34450390e+00   6.30802599e-02  -1.96711412e+01 
  1.10806933e+01   3.08358747e+00  -1.79111968e+01 
  7.77484345e+00   4.04157370e+00  -1.64244348e+01 
  7.04658314e+00   2.70776829e-01  -1.58747095e+01 
  6.53580680e+00   7.81311183e-01  -1.21893413e+01 
  4.11708147e+00   3.83966338e+00  -1.27730990e+01 
  2.30120015e+00   2.11028822e+00  -1.57284828e+01 
  1.72990357e+00  -1.14750459e+00  -1.37864005e+01 
  1.85574142e-01   1.16830776e+00  -1.11006230e+01 
 -2.05634642e+00   2.95071855e+00  -1.37212927e+01 
 -3.03950361e+00  -5.11659982e-01  -1.52297892e+01 
 -4.35972559e+00  -1.83898894e+00  -1.19704111e+01 
 -6.24946203e+00   1.50804618e+00  -1.11624270e+01 
 -7.86119703e+00   1.35083835e+00  -1.46187163e+01 
 -8.83958114e+00  -2.38671412e+00  -1.41941606e+01 
 -1.03802275e+01  -1.68987481e+00  -1.07684779e+01 
 -1.22643756e+01   1.75976532e+00  -1.10864329e+01 
 -1.56091021e+01   2.38946126e-01  -1.24099232e+01 
 -1.53986244e+01  -3.20468156e+00  -1.06960041e+01 
 -1.68373745e+01  -2.99838606e+00  -7.13493221e+00 
 -1.58873076e+01  -6.80241043e+00  -6.76142552e+00 
 -1.21702414e+01  -6.39682269e+00  -7.87759928e+00 
 -1.08277966e+01  -7.55027033e+00  -4.42910534e+00 
 -1.30992919e+01  -1.07462111e+01  -4.55416977e+00 
 -1.30756468e+01  -1.40766406e+01  -6.36110077e+00 
 -1.69731100e+01  -1.45586944e+01  -6.28580567e+00 
 -1.90045264e+01  -1.21251052e+01  -8.49981496e+00 
 -1.57555725e+01  -1.06507793e+01  -1.00448533e+01 
 -1.61992685e+01  -1.08079283e+01  -1.38131192e+01 
 -1.23493246e+01  -1.10338788e+01  -1.45033576e+01 
 -1.13455387e+01  -1.35166564e+01  -1.17585429e+01 
 -1.10803760e+01  -1.72538240e+01  -1.22219716e+01 
 -1.32503067e+01  -1.92659404e+01  -9.63123967e+00 
 -1.07179152e+01  -2.15750164e+01  -7.82437382e+00 
 -1.17662742e+01  -2.40806297e+01  -4.99333861e+00 
 -9.08084317e+00  -2.29152872e+01  -2.61159349e+00 
 -8.70129854e+00  -2.49271879e+01   6.06641420e-01 
 -9.94855828e+00  -2.35364149e+01   3.91440646e+00 
 -7.02818229e+00  -2.40186874e+01   6.34304511e+00 
 -6.85584700e+00  -2.13042281e+01   9.10477573e+00 
 -3.95780877e+00  -2.30290010e+01   1.08873424e+01 
 -1.77323541e+00  -2.30007416e+01   7.69159388e+00 
 -2.66541514e+00  -1.93201662e+01   6.97524171e+00 
 -1.62210099e+00  -1.82737552e+01   1.05797614e+01 
  1.71432416e+00  -2.00664329e+01   1.02324228e+01 
  2.45056176e+00  -1.82399839e+01   6.85906800e+00 
  1.45484018e+00  -1.47366041e+01   8.18459348e+00 
  3.66565446e+00  -1.50534299e+01   1.13723665e+01 
  6.76464816e+00  -1.63791332e+01   9.50279305e+00 
  6.24624162e+00  -1.99067709e+01   1.11513953e+01 
  6.10844309e+00  -2.21197546e+01   7.92922674e+00 
  9.28512603e+00  -2.38673772e+01   8.79926759e+00 
  1.08033835e+01  -2.24926631e+01   5.46310669e+00 
  1.34978468e+01  -1.98387307e+01   6.54347248e+00 
  1.33112918e+01  -1.79608363e+01   3.13969819e+00 
  9.55868497e+00  -1.75485077e+01   3.43330228e+00 
  9.76817606e+00  -1.68399257e+01   7.23298986e+00 
  1.26173899e+01  -1.41698994e+01   6.81700549e+00 
  1.05528926e+01  -1.23142635e+01   4.10106659e+00 
  7.43288050e+00  -1.23275295e+01   6.35773456e+00 
  9.64483728e+00  -1.11460850e+01   9.36628015e+00 
  1.11694793e+01  -8.16700556e+00   7.27000209e+00 
  7.64250911e+00  -7.22610095e+00   6.09252549e+00 
  6.40064020e+00  -7.09612548e+00   9.78001138e+00 
  9.52797038e+00  -5.06665849e+00   1.11287813e+01 
  1.01000594e+01  -2.54282451e+00   8.25639484e+00 
  6.70949458e+00  -2.38523590e+00   6.26990841e+00 
  8.47872567e+00  -3.09294921e+00   2.90293616e+00 
  9.82513979e+00  -6.13785971e+00   8.72539328e-01 
  1.13261196e+01  -6.41237247e+00  -2.60675881e+00 
  8.83142985e+00  -7.31695351e+00  -5.49596248e+00 
  1.04586456e+01  -1.08230249e+01  -6.06562743e+00 
  1.01891166e+01  -1.15474083e+01  -2.31779958e+00 
  6.43330884e+00  -1.07200814e+01  -2.79050506e+00 
  6.33403848e+00  -1.32548164e+01  -5.70876146e+00 
  7.96070069e+00  -1.59879748e+01  -3.49703539e+00 
  5.59015881e+00  -1.56613135e+01  -4.94573484e-01 
  2.45525044e+00  -1.51922239e+01  -2.73141807e+00 
  3.31241571e+00  -1.82533312e+01  -4.83525256e+00 
  3.93030273e+00  -2.02993052e+01  -1.58950474e+00 
  5.32773393e-01  -1.93159035e+01  -5.44600081e-02 
 -1.52074869e+00  -1.98853338e+01  -3.25463586e+00 
 -7.43866415e-01  -2.20286116e+01  -6.25802721e+00 
  2.77946968e+00  -2.30957495e+01  -5.11406061e+00 
  2.30689062e+00  -2.48964480e+01  -1.73753570e+00 
 -6.42621012e-01  -2.41744367e+01   6.16736600e-01 
 -3.56461036e+00  -2.38407943e+01  -1.89375334e+00 
 -5.07696296e+00  -2.10285863e+01   1.66009325e-01 
 -7.13167765e+00  -1.81763441e+01  -1.44924029e+00 
 -5.20450337e+00  -1.50701079e+01  -2.78512991e+00 
 -7.89410251e+00  -1.29587629e+01  -9.34936259e-01 
 -6.36214996e+00  -1.40984260e+01   2.46181409e+00 
 -2.77900393e+00  -1.30838197e+01   1.30621578e+00 
 -4.15033801e+00  -9.67328590e+00   9.93446398e-02 
 -5.62175469e+00  -8.94896645e+00   3.68742059e+00 
 -2.19216148e+00  -9.63671284e+00   5.39010868e+00 
 -4.20711685e-01  -7.23844710e+00   2.87502934e+00 
 -3.15537097e+00  -4.55107782e+00   3.56780296e+00 
 -2.14102895e+00  -4.72574992e+00   7.37943220e+00 
  1.71053271e+00  -4.67897579e+00   6.95117297e+00 
  2.83468476e+00  -3.24174987e+00   3.51077347e+00 
  3.35801199e+00   6.44631902e-01   3.32172618e+00 
  2.72038938e+00   7.81129666e-01  -5.37957775e-01 
 -4.17219212e-01  -1.51237737e+00  -5.88078312e-01 
 -3.70906233e+00   1.74014979e-01  -1.75223743e+00 
 -7.00061874e+00  -1.59881897e+00  -2.88922606e+00 
 -6.46202587e+00  -1.57851675e+00  -6.69959536e+00 
 -2.64228958e+00  -2.43159698e+00  -6.75842319e+00 
 -2.68449375e+00  -5.04979700e+00  -3.96643028e+00 
 -5.76148132e+00  -7.01998353e+00  -5.42221250e+00 
 -4.42898195e+00  -6.80527850e+00  -9.02458825e+00 
 -9.11476397e-01  -8.12794141e+00  -7.95370537e+00 
 -2.41976974e+00  -1.10665997e+01  -5.97227659e+00 
 -4.76971500e+00  -1.21137513e+01  -8.87961435e+00 
 -1.67083594e+00  -1.19971148e+01  -1.11481855e+01 
  6.47934198e-01  -1.40524910e+01  -8.78784060e+00 
 -2.05631712e+00  -1.67171312e+01  -8.03043584e+00 
 -2.84681511e+00  -1.70176235e+01  -1.17516416e+01 
 -6.50802617e+00  -1.59356615e+01  -1.10258673e+01 
 -6.42104457e+00  -1.31039269e+01  -1.36568227e+01 
 -4.09820986e+00  -1.14503175e+01  -1.62015143e+01 
 -1.28104052e+00  -1.41175059e+01  -1.59270787e+01 
 -1.83593198e+00  -1.77776644e+01  -1.68847744e+01 
  1.68381276e+00  -1.92799755e+01  -1.66279709e+01 
  8.82869315e-01  -2.13530834e+01  -1.35799240e+01 
  3.56100277e+00  -2.38284545e+01  -1.41132691e+01 
  6.26111049e+00  -2.13324556e+01  -1.29584420e+01 
  6.52562777e+00  -2.20908842e+01  -9.28208108e+00 
  8.95225806e+00  -2.03269225e+01  -6.90057098e+00 
  1.07892048e+01  -2.29360157e+01  -4.76916572e+00 
  1.07798442e+01  -2.18803634e+01  -1.09410118e+00 
  1.42837943e+01  -2.31391364e+01  -5.00576177e-01 
  1.58919548e+01  -2.27700378e+01  -3.79574112e+00 
  1.47941811e+01  -1.93053839e+01  -4.89853011e+00 
  1.61764707e+01  -1.77645118e+01  -1.67813923e+00 
  1.92869551e+01  -1.96794298e+01  -1.66937740e+00 
  1.98232633e+01  -1.82773742e+01  -5.23965020e+00 
  1.92360415e+01  -1.47397764e+01  -4.35409519e+00 
  2.12284355e+01  -1.47421805e+01  -1.04568108e+00 
  2.32819852e+01  -1.78017268e+01  -6.46339429e-01 
  2.47149477e+01  -1.68394120e+01   2.72428347e+00 
  2.15481390e+01  -1.65111230e+01   4.15976544e+00 
  2.25849324e+01  -1.30374525e+01   5.50080710e+00 
  1.91349008e+01  -1.19915431e+01   4.80585253e+00 
  1.78588058e+01  -1.50345129e+01   6.91578512e+00 
  2.03799993e+01  -1.42768770e+01   9.77091791e+00 
  1.93970333e+01  -1.06402365e+01   9.83304086e+00 
  1.57056379e+01  -1.14109108e+01   1.01549622e+01 
  1.56985744e+01  -1.48414607e+01   1.19651883e+01 
  1.83486506e+01  -1.43091831e+01   1.47720058e+01 
  1.70296101e+01  -1.76933696e+01   1.63421420e+01 
  1.84891183e+01  -1.92664165e+01   1.31448352e+01 
  2.17579572e+01  -1.70451409e+01   1.32008144e+01 
  2.33126446e+01  -1.98575259e+01   1.47877202e+01 
  2.24205893e+01  -2.21237162e+01   1.18048372e+01 
  2.48870120e+01  -2.24113064e+01   9.27050403e+00 
  2.42849272e+01  -2.11580082e+01   5.58379783e+00 
  2.36512560e+01  -2.46931904e+01   4.57068460e+00 
  2.08429361e+01  -2.54264548e+01   6.73748939e+00 
  1.97632918e+01  -2.20483409e+01   7.03114249e+00 
  1.73274854e+01  -2.25152358e+01   3.99831261e+00 
  1.61668174e+01  -2.59983028e+01   5.20517074e+00 
  1.69892691e+01  -2.61197507e+01   9.09789526e+00 
  1.46858647e+01  -2.92163104e+01   9.69705023e+00 
  1.70445163e+01  -3.08723977e+01   7.79442536e+00 
  1.94909381e+01  -2.97270170e+01   1.06238579e+01 
  1.93909031e+01  -3.21884275e+01   1.36143199e+01 
  1.81724264e+01  -3.16378114e+01   1.71042466e+01 
  2.10086429e+01  -3.05756065e+01   1.87699918e+01 
  2.24110889e+01  -2.81552414e+01   1.56434131e+01 
  1.97082651e+01  -2.70039440e+01   1.65522286e+01 
  2.03091468e+01  -2.68092010e+01   2.05732248e+01 
  2.34139652e+01  -2.49134625e+01   1.96814365e+01 
  2.22074616e+01  -2.28310635e+01   1.72489879e+01 
  2.00300133e+01  -2.24103527e+01   2.06305095e+01 
  1.72334528e+01  -2.34727371e+01   1.83473960e+01 
  1.51859532e+01  -2.68109204e+01   1.83991167e+01 
  1.31781979e+01  -2.75623658e+01   1.51940664e+01 
  9.67413948e+00  -2.83525025e+01   1.64405313e+01 
  1.03860565e+01  -2.65394281e+01   1.98646595e+01 
  1.23427245e+01  -2.31933725e+01   1.92449519e+01 
  1.16959158e+01  -2.30666248e+01   1.53524904e+01 
  8.84393757e+00  -2.51061379e+01   1.35369192e+01 
  8.97298165e+00  -2.80645724e+01   1.12710188e+01 
  8.27835804e+00  -2.74187931e+01   7.46227763e+00 
  4.52786593e+00  -2.74724057e+01   7.34085232e+00 
  4.35981307e+00  -2.91208189e+01   3.95417418e+00 
  6.39170689e+00  -3.11078013e+01   1.74831535e+00 
  7.06153375e+00  -2.85446333e+01  -1.07814169e+00 
  7.54503627e+00  -3.10322316e+01  -3.59771189e+00 
  4.14915368e+00  -3.28136455e+01  -2.80863761e+00 
  2.30573310e+00  -2.98370307e+01  -2.49669101e+00 
  3.61761925e+00  -2.80093641e+01  -5.70756782e+00 
  2.79082223e+00  -3.09680431e+01  -7.63220633e+00 
 -7.66140825e-01  -3.13691852e+01  -6.30409759e+00 
 -1.29593941e+00  -2.77781141e+01  -6.95777734e+00 
 -1.42771174e-02  -2.75515559e+01  -1.04830588e+01 
 -2.64079075e+00  -3.02395709e+01  -1.10843619e+01 
 -5.43254387e+00  -2.85597628e+01  -9.42154418e+00 
 -4.54277899e+00  -2.53918751e+01  -1.15952102e+01 
 -4.52413717e+00  -2.72259706e+01  -1.45907384e+01 
 -8.06825709e+00  -2.87605225e+01  -1.37260684e+01 
 -9.41390732e+00  -2.54514921e+01  -1.32623222e+01 
 -7.95852060e+00  -2.38116281e+01  -1.64743832e+01 
 -9.63102110e+00  -2.66302148e+01  -1.79281023e+01 
 -1.31358548e+01  -2.62458145e+01  -1.63949626e+01 
 -1.27559528e+01  -2.25913408e+01  -1.76245371e+01 
 -1.21499440e+01  -2.30653863e+01  -2.07819768e+01 
 -1.56023150e+01  -2.52441085e+01  -2.02198963e+01 
 -1.77528924e+01  -2.25708169e+01  -1.93394390e+01 
 -1.59440150e+01  -2.00115726e+01  -2.20700135e+01 
 -1.84579144e+01  -2.16815498e+01  -2.30651986e+01 

   6.201711950649e+03 

