  7.86849818e+00   5.99591652e+00   8.22876238e+00 
  8.02841027e+00   3.58487099e+00   6.43480672e+00 
  4.84630909e+00   3.65248342e+00   9.66743007e+00 
  2.76491191e+00   4.68351663e+00   9.01809006e+00 
  6.59507448e+00   4.70772932e+00   4.55912933e+00 
  6.64842061e+00   4.73295918e+00   9.15495812e+00 
  7.01270985e+00   5.87012201e+00   6.18377044e+00 
  8.07556204e+00   5.95133618e+00   5.43805764e+00 
  6.05438435e+00   5.49104620e+00   5.42398892e+00 
  7.75550498e+00   5.26015851e+00   4.35477188e+00 
  6.88407482e+00   6.20982665e+00   7.40562528e+00 
  7.69738465e+00   4.26938015e+00   7.32287884e+00 
  8.63858018e+00   5.11007805e+00   7.74615620e+00 
  6.80196479e+00   3.97774874e+00   8.15625521e+00 
  4.92710467e+00   5.67189941e+00   5.95084381e+00 
  9.29956884e+00   6.21783364e+00   5.73426623e+00 
  5.72192469e+00   6.20292298e+00   7.89498039e+00 
  8.75374885e+00   4.75425278e+00   3.72513056e+00 
  4.73683390e+00   6.21005188e+00   7.10744571e+00 
  5.39628366e+00   5.16799299e+00   8.82749257e+00 
  1.01167087e+01   5.35476808e+00   5.23679357e+00 
  9.86872026e+00   5.36628505e+00   3.95015679e+00 
  4.66322927e+00   4.89647540e+00   9.94855993e+00 
  4.44927863e+00   3.33790241e+00   8.46754229e+00 
  3.45229593e+00   4.08479738e+00   8.11153638e+00 
  5.40928353e+00   3.24213658e+00   7.60308329e+00 
  2.94655616e+00   3.71824141e+00   6.99162236e+00 
  5.08736668e+00   3.18911496e+00   6.36755633e+00 
  3.95028848e+00   3.70034775e+00   6.09123925e+00 
  2.14811946e+00   3.60728652e+00   9.51894882e+00 
  2.08275962e+01  -3.22002157e+01   1.11058133e+01 
  1.69691733e+01  -3.23283019e+01   1.02543413e+01 
  1.56657565e+01  -3.06285602e+01   7.06575052e+00 
  1.47328605e+01  -2.78541232e+01   9.12088927e+00 
  1.29679807e+01  -2.55974804e+01   6.81685347e+00 
  1.20633808e+01  -2.21513096e+01   7.26368193e+00 
  9.47266488e+00  -2.03554673e+01   5.15319647e+00 
  9.99491245e+00  -1.66845652e+01   5.49290755e+00 
  6.74363124e+00  -1.46675256e+01   5.07384632e+00 
  7.08825515e+00  -1.10218482e+01   3.97437004e+00 
  4.32693721e+00  -9.92034498e+00   1.39289823e+00 
  2.65977815e+00  -1.32401817e+01   5.12225425e-01 
  5.59545581e-01  -1.34513838e+01   3.84192073e+00 
 -1.56217434e+00  -1.63555867e+01   2.65252376e+00 
 -1.70092206e+00  -2.00622019e+01   2.53162234e+00 
 -3.52431547e+00  -2.00096818e+01  -8.70302451e-01 
 -1.31543014e+00  -1.97026713e+01  -3.99014326e+00 
  2.01565414e+00  -1.99398875e+01  -2.10714377e+00 
  4.41368049e+00  -2.19283127e+01  -4.32188800e+00 
  7.49759137e+00  -2.10871571e+01  -2.22281874e+00 
  5.90063203e+00  -2.24403633e+01   1.00867525e+00 
  4.53369958e+00  -2.53318378e+01  -8.50426412e-01 
  8.03725749e+00  -2.61424252e+01  -2.12590508e+00 
  9.72662943e+00  -2.54753740e+01   1.23983165e+00 
  7.42142828e+00  -2.78826003e+01   3.01058588e+00 
  8.32054387e+00  -3.02069970e+01   4.18679765e-01 
  1.08933954e+01  -3.23000367e+01   2.07895618e+00 
  1.11533875e+01  -3.06340697e+01   5.28168321e+00 
  1.10496884e+01  -3.20943250e+01   8.72309255e+00 
  1.02958070e+01  -2.91477249e+01   1.04264081e+01 
  8.85001756e+00  -2.61538974e+01   9.08298534e+00 
  8.78302657e+00  -2.30176398e+01   1.08471081e+01 
  6.68665729e+00  -2.03462735e+01   9.24521202e+00 
  8.50814493e+00  -1.72390843e+01   1.03288948e+01 
  7.80746701e+00  -1.35984107e+01   1.01873584e+01 
  1.07994061e+01  -1.13531570e+01   1.12569894e+01 
  9.79123953e+00  -8.14765297e+00   1.31358218e+01 
  1.19340725e+01  -5.46023549e+00   1.48898776e+01 
  9.51834186e+00  -4.05508337e+00   1.77726737e+01 
  1.19923297e+01  -1.15773182e+00   1.85298706e+01 
  1.19600339e+01  -1.26684082e-01   1.47501921e+01 
  8.00316293e+00  -3.07291876e-01   1.48447871e+01 
  7.70439977e+00   2.25811467e+00   1.77939989e+01 
  1.02807794e+01   4.66223581e+00   1.58665198e+01 
  8.81037846e+00   4.19941264e+00   1.21897931e+01 
  6.97947795e+00   6.91671896e+00   1.00244182e+01 
  4.08933826e+00   4.24484350e+00   9.50371353e+00 
  5.43481974e-01   5.07493042e+00   1.08833933e+01 
 -1.71549266e+00   2.85666355e+00   1.33231990e+01 
 -4.09777313e+00   1.73539277e+00   1.04231934e+01 
 -1.19021570e+00  -4.31206054e-02   8.49191424e+00 
  1.94178026e-01  -1.73106685e+00   1.17580772e+01 
 -3.38615840e+00  -2.87681447e+00   1.28508633e+01 
 -3.98029348e+00  -4.31171128e+00   9.30082442e+00 
 -5.59521568e-01  -6.22601055e+00   9.40513195e+00 
 -1.17927439e+00  -7.68608677e+00   1.30023764e+01 
 -4.72420241e+00  -8.86118669e+00   1.19558089e+01 
 -3.07657885e+00  -1.05336313e+01   8.82332916e+00 
 -5.00325580e-01  -1.23410297e+01   1.11429826e+01 
 -3.32230024e+00  -1.33215406e+01   1.36665669e+01 
 -5.45863474e+00  -1.47065124e+01   1.07480382e+01 
 -2.28773093e+00  -1.64712406e+01   9.34569372e+00 
 -1.46001901e+00  -1.79285957e+01   1.28893601e+01 
 -5.20732413e+00  -1.88414669e+01   1.32689777e+01 
 -5.05432397e+00  -2.04981324e+01   9.78630959e+00 
 -1.64125827e+00  -2.21903011e+01   1.06961590e+01 
 -3.15122718e+00  -2.32892035e+01   1.41290715e+01 
 -5.80736547e+00  -2.49724805e+01   1.20432132e+01 
 -2.74826158e+00  -2.67750286e+01   1.05681908e+01 
 -1.10400056e+00  -2.74925251e+01   1.40345909e+01 
  1.42883390e+00  -2.50574830e+01   1.32481108e+01 
  2.00158435e+00  -2.16822214e+01   1.44505814e+01 
  3.35808157e+00  -1.85550767e+01   1.31254195e+01 
  6.78492681e+00  -1.76955718e+01   1.47209342e+01 
  7.04835894e+00  -1.39733841e+01   1.50442640e+01 
  1.08937999e+01  -1.35083499e+01   1.55713426e+01 
  1.21860261e+01  -1.02760744e+01   1.71538662e+01 
  1.53308994e+01  -8.69350976e+00   1.54362404e+01 
  1.70850319e+01  -8.08323477e+00   1.19541666e+01 
  1.71971589e+01  -1.07873701e+01   9.12758047e+00 
  2.11074144e+01  -1.06047113e+01   8.77458677e+00 
  2.16079911e+01  -1.11700051e+01   1.26552025e+01 
  1.85431191e+01  -1.34891050e+01   1.32209252e+01 
  1.91434364e+01  -1.59298103e+01   1.03057125e+01 
  2.28390601e+01  -1.67883383e+01   1.12317364e+01 
  2.15838174e+01  -1.74016822e+01   1.48777760e+01 
  1.83660235e+01  -1.93131699e+01   1.37757438e+01 
  2.03835000e+01  -2.12381385e+01   1.11745703e+01 
  2.24529842e+01  -2.22873424e+01   1.42202871e+01 
  1.97189579e+01  -2.24149099e+01   1.69758478e+01 
  1.71711693e+01  -2.43092313e+01   1.48008975e+01 
  1.97674265e+01  -2.58927125e+01   1.26266950e+01 
  1.81762695e+01  -2.46977942e+01   9.37524825e+00 
  1.89830694e+01  -2.62096104e+01   6.04832409e+00 
  1.62816953e+01  -2.48513526e+01   3.75306106e+00 
  1.50113105e+01  -2.14570165e+01   3.41366771e+00 
  1.20964576e+01  -2.04932589e+01   1.08524486e+00 
  1.08104542e+01  -1.71535043e+01   2.68055025e-02 
  8.30745595e+00  -1.55077553e+01  -2.37860929e+00 
  1.03842775e+01  -1.34553517e+01  -4.94243685e+00 
  1.06790925e+01  -9.73939079e+00  -4.16815999e+00 
  1.11142987e+01  -7.66961952e+00  -7.40947873e+00 
  1.19325654e+01  -4.33695010e+00  -5.71697702e+00 
  1.57265406e+01  -3.30285680e+00  -5.87208988e+00 
  1.61236392e+01  -3.21968327e+00  -2.03341458e+00 
  1.42859408e+01  -6.62444792e+00  -1.70250123e+00 
  1.66340814e+01  -8.14010935e+00  -4.40740222e+00 
  1.98178914e+01  -6.85945304e+00  -2.60144703e+00 
  1.85435973e+01  -8.09253984e+00   9.20090821e-01 
  1.75461043e+01  -1.14838026e+01  -5.13128262e-01 
  2.09744187e+01  -1.17620324e+01  -2.31409428e+00 
  2.28018941e+01  -1.10389375e+01   1.10661528e+00 
  2.05533114e+01  -1.35757223e+01   2.99811169e+00 
  2.10961245e+01  -1.60506851e+01   8.50579793e-02 
  2.49017045e+01  -1.54285428e+01   6.24284974e-01 
  2.46659532e+01  -1.59233737e+01   4.50877749e+00 
  2.24116024e+01  -1.89635498e+01   3.89344830e+00 
  2.48974646e+01  -2.01837293e+01   1.37761449e+00 
  2.78216013e+01  -1.93501813e+01   3.96193325e+00 
  2.57938788e+01  -2.12288640e+01   6.59873984e+00 
  2.50208287e+01  -2.39571967e+01   4.21657889e+00 
  2.13231395e+01  -2.33562596e+01   3.79743296e+00 
  1.94519357e+01  -2.39660529e+01   5.03287522e-01 
  1.73870574e+01  -2.11987768e+01  -8.10281028e-01 
  1.40843291e+01  -2.16141041e+01  -2.72064781e+00 
  1.26482015e+01  -1.86386399e+01  -4.56717282e+00 
  9.19807992e+00  -1.84934848e+01  -6.31434336e+00 
  7.30380691e+00  -1.57070353e+01  -8.15467658e+00 
  3.70140071e+00  -1.52682532e+01  -6.84798924e+00 
  3.42281469e+00  -1.16142412e+01  -5.85275239e+00 
  3.24169277e+00  -1.05943061e+01  -9.57367496e+00 
  1.29291229e+00  -1.20387909e+01  -1.23933297e+01 
  4.48734619e+00  -1.23511082e+01  -1.45119605e+01 
  8.22007042e+00  -1.28011277e+01  -1.42576607e+01 
  9.16877105e+00  -9.12955594e+00  -1.46372247e+01 
  1.27350511e+01  -9.90785953e+00  -1.58782588e+01 
  1.11304555e+01  -1.16184270e+01  -1.87142129e+01 
  9.02925792e+00  -8.47512749e+00  -1.95367450e+01 
  1.22527983e+01  -6.38766008e+00  -1.94979313e+01 
  1.42007418e+01  -8.84116142e+00  -2.14202269e+01 
  1.12967749e+01  -8.67756391e+00  -2.38966750e+01 
  1.17328806e+01  -4.93696405e+00  -2.40552905e+01 
  1.55750000e+01  -4.99964779e+00  -2.46064571e+01 
  1.68387200e+01  -5.10541738e+00  -2.12397627e+01 
  1.48384602e+01  -1.90683307e+00  -2.06115838e+01 
  1.14812588e+01  -1.43887810e+00  -1.88815529e+01 
  8.47224131e+00  -2.47003959e-01  -2.09120661e+01 
  7.86157509e+00   3.49479055e+00  -2.02591921e+01 
  4.28606193e+00   3.65943839e+00  -2.15397662e+01 
  1.28284133e+00   1.62112479e+00  -2.03990735e+01 
  4.66185765e-01   1.01876062e+00  -2.38824112e+01 
  4.00916168e+00  -4.64461892e-01  -2.44748088e+01 
  3.65414255e+00  -2.61848940e+00  -2.14507633e+01 
  2.25535417e-01  -3.90522980e+00  -2.24825637e+01 
  1.92201316e+00  -4.75283049e+00  -2.56174400e+01 
  4.69615539e+00  -6.75579539e+00  -2.39439884e+01 
  2.39728775e+00  -8.71900781e+00  -2.16004046e+01 
  7.22346614e-02  -9.51753620e+00  -2.42175348e+01 
  3.18116844e+00  -1.13116582e+01  -2.55704867e+01 
  4.14022476e+00  -1.32418756e+01  -2.25990345e+01 
  3.40847057e+00  -1.67103810e+01  -2.15752544e+01 
 -5.54699427e-03  -1.73345150e+01  -2.00201501e+01 
 -1.25011220e-01  -1.68547529e+01  -1.65125826e+01 
  6.20712777e-01  -1.96853766e+01  -1.41284873e+01 
 -2.40367564e+00  -2.08985915e+01  -1.22259312e+01 
 -2.54873875e+00  -2.03342176e+01  -8.58920217e+00 
 -6.37595424e-01  -2.29535905e+01  -6.56326498e+00 
 -2.71354057e+00  -2.50694614e+01  -4.24331907e+00 
 -3.71581388e+00  -2.38520880e+01  -8.93584372e-01 
 -1.52667978e+00  -2.50669345e+01   1.98485746e+00 
 -3.69626337e+00  -2.74350411e+01   3.83441663e+00 
 -2.90159275e+00  -2.99755988e+01   6.43639699e+00 
 -2.35469361e+00  -3.19400398e+01   3.48509934e+00 
  3.33562501e-01  -2.99683360e+01   1.93718976e+00 
  2.05633175e+00  -2.98509199e+01   5.35213458e+00 
  1.91943126e+00  -3.31772519e+01   5.77217532e+00 
  4.50032918e+00  -3.41994895e+01   8.37802829e+00 
  6.35760245e+00  -3.13780738e+01   8.40802779e+00 
  6.08676561e+00  -3.03138111e+01   1.20276758e+01 
  6.30001478e+00  -2.72367045e+01   1.36739037e+01 
  8.52446975e+00  -2.73314423e+01   1.68045980e+01 
  6.59495559e+00  -2.55118026e+01   1.94352604e+01 
  7.64788250e+00  -2.44462325e+01   2.29720209e+01 
  5.09968106e+00  -2.36166896e+01   2.57880291e+01 
  6.51005581e+00  -2.03139339e+01   2.60029586e+01 
  5.54912496e+00  -2.01126702e+01   2.22230061e+01 
  2.99997338e+00  -1.73979490e+01   2.28006785e+01 
  5.55507347e+00  -1.55537325e+01   2.51559846e+01 
  8.62302237e+00  -1.60430762e+01   2.27835014e+01 
  6.96439835e+00  -1.60656552e+01   1.92803098e+01 
  3.25189481e+00  -1.48235977e+01   1.96539537e+01 
  1.80953067e+00  -1.20638338e+01   1.74456157e+01 
  2.41455930e+00  -8.80289460e+00   1.94266956e+01 
 -5.17756860e-01  -6.44716752e+00   2.03800142e+01 
 -7.08819551e-01  -2.75160756e+00   1.92869331e+01 
  9.02923610e-02  -1.79840106e+00   2.29949581e+01 
  3.30930425e+00  -4.01424238e+00   2.29413471e+01 
  4.42065827e+00  -1.95937692e+00   1.98019788e+01 
  3.84534949e+00   1.30644788e+00   2.18390679e+01 
  4.06177811e-01   2.42322841e+00   2.02767003e+01 
 -2.48518721e+00   3.97980450e+00   2.23723659e+01 
 -5.73219152e+00   1.94508407e+00   2.17660144e+01 
 -8.06679996e+00   3.95520326e+00   2.40977920e+01 
 -1.13127100e+01   4.69500162e+00   2.21769130e+01 
 -1.00164497e+01   2.96089534e+00   1.89704290e+01 
 -1.29980272e+01   2.19042638e+00   1.66687849e+01 
 -1.33660430e+01  -1.10885073e+00   1.47528132e+01 
 -1.12370284e+01  -1.32324471e+00   1.15573513e+01 
 -1.30253022e+01  -7.62963770e-02   8.36401040e+00 
 -1.06149044e+01  -2.56671335e+00   6.58919630e+00 
 -1.01281518e+01  -5.86057919e+00   8.68038979e+00 
 -6.75572147e+00  -7.63487756e+00   7.77220963e+00 
 -6.16701266e+00  -1.13124551e+01   6.74145960e+00 
 -6.49152470e+00  -1.39621909e+01   4.02120856e+00 
 -9.92469383e+00  -1.49801792e+01   5.42970920e+00 
 -1.14284872e+01  -1.14244349e+01   5.00636642e+00 
 -9.62051136e+00  -1.10966569e+01   1.57696900e+00 
 -1.12589547e+01  -1.42264292e+01   2.84307923e-01 
 -1.46567347e+01  -1.30197330e+01   1.78256781e+00 
 -1.42796198e+01  -9.57278610e+00   5.10932921e-02 
 -1.32023840e+01  -1.13300332e+01  -3.19573943e+00 
 -1.64126173e+01  -1.32148500e+01  -2.96961921e+00 
 -1.84871697e+01  -9.96698022e+00  -2.25652316e+00 
 -1.65214191e+01  -8.20105867e+00  -5.09115202e+00 
 -1.73363512e+01  -1.08461908e+01  -7.48352770e+00 
 -2.09962844e+01  -1.04167941e+01  -6.39215789e+00 
 -2.09666379e+01  -7.08441230e+00  -8.37433816e+00 
 -2.14737516e+01  -8.91693966e+00  -1.13991166e+01 
 -2.28349606e+01  -5.86308166e+00  -1.31402534e+01 
 -1.99278558e+01  -3.90323648e+00  -1.28366557e+01 
 -1.74773198e+01  -6.68717117e+00  -1.38812945e+01 
 -1.94274287e+01  -7.26539339e+00  -1.66473987e+01 
 -1.97891093e+01  -3.80198912e+00  -1.79703020e+01 
 -1.65853041e+01  -2.64175418e+00  -1.71459909e+01 
 -1.84165000e+01   6.41039281e-01  -1.68762432e+01 
 -1.62908982e+01   3.42130088e+00  -1.60731590e+01 
 -1.78874274e+01   3.81072697e+00  -1.26159999e+01 
 -1.98934953e+01   6.97353342e+00  -1.23952180e+01 
 -1.83648205e+01   8.88950006e+00  -9.74716974e+00 
 -2.07230462e+01   9.56300905e+00  -6.85441569e+00 
 -2.04889556e+01   1.04382752e+01  -3.18305081e+00 
 -2.07836350e+01   6.67153800e+00  -2.25863314e+00 
 -1.77872559e+01   5.79050940e+00  -4.49374636e+00 
 -1.57434741e+01   8.07554626e+00  -2.28896770e+00 
 -1.66634945e+01   5.88256184e+00   7.68566507e-01 
 -1.49253772e+01   2.61557862e+00   1.75952351e+00 
 -1.64770665e+01  -2.68250414e-01  -8.19434298e-02 
 -1.69949176e+01  -3.79302478e+00   1.55015782e+00 
 -1.58177089e+01  -5.09569196e+00  -1.81435173e+00 
 -1.25567568e+01  -3.18889675e+00  -2.09421672e+00 
 -9.39772724e+00  -5.47151091e+00  -2.62995756e+00 
 -6.39002631e+00  -3.09244010e+00  -3.03779040e+00 
 -4.99057621e+00  -3.52061575e+00   5.72063187e-01 
 -5.24277938e+00  -7.41344191e+00   3.64877352e-01 
 -3.30908425e+00  -7.43792443e+00  -3.01423598e+00 
 -5.31430630e-01  -5.23109562e+00  -1.54493909e+00 
 -4.64290533e-03  -7.50834158e+00   1.60111642e+00 
 -4.51680859e-01  -1.06797959e+01  -4.94182055e-01 
 -3.52127832e+00  -1.18415726e+01   1.63452514e+00 
 -5.07865682e+00  -1.21653914e+01  -1.82316693e+00 
 -3.18212458e+00  -1.38103905e+01  -4.74493334e+00 
 -3.13072250e+00  -1.15544000e+01  -7.88273602e+00 
 -3.19568876e+00  -1.47756849e+01  -9.87904666e+00 
 -6.26982783e+00  -1.60388938e+01  -7.91842846e+00 
 -8.00422855e+00  -1.26243016e+01  -8.48790790e+00 
 -6.92883998e+00  -1.25548900e+01  -1.22035684e+01 
 -8.27042536e+00  -1.60018674e+01  -1.26588901e+01 
 -1.14846056e+01  -1.53044597e+01  -1.05102271e+01 
 -1.21000729e+01  -1.20223634e+01  -1.25964044e+01 
 -1.12299847e+01  -1.39651028e+01  -1.56737711e+01 
 -1.36205348e+01  -1.66388323e+01  -1.43866890e+01 
 -1.63766421e+01  -1.40889381e+01  -1.33585128e+01 
 -1.58412105e+01  -1.19823645e+01  -1.65893556e+01 
 -1.57807318e+01  -1.51374651e+01  -1.83265607e+01 
 -1.88948272e+01  -1.61125154e+01  -1.61733116e+01 
 -2.06419121e+01  -1.27735619e+01  -1.68429600e+01 
 -1.91431942e+01  -1.17848914e+01  -2.03777821e+01 
 -1.92887468e+01  -1.51931279e+01  -2.12335729e+01 
 -1.56637851e+01  -1.63465557e+01  -2.18097652e+01 
 -1.46774639e+01  -1.31566890e+01  -2.36910580e+01 
 -1.10996523e+01  -1.27497591e+01  -2.35114521e+01 
 -1.12989634e+01  -1.01731233e+01  -2.11572220e+01 
 -9.95478952e+00  -6.87436467e+00  -2.23889501e+01 
 -6.79617280e+00  -6.08055434e+00  -2.08807864e+01 
 -8.94989442e+00  -3.18195071e+00  -1.94516861e+01 
 -1.07420322e+01  -5.76102005e+00  -1.71320441e+01 
 -7.45723784e+00  -6.47367341e+00  -1.54790686e+01 
 -6.66163571e+00  -2.68126740e+00  -1.56898187e+01 
 -6.16443242e+00  -2.46327412e+00  -1.19775697e+01 
 -3.80169773e+00  -5.62322191e+00  -1.19337142e+01 
 -1.95318769e+00  -4.54744554e+00  -1.51667961e+01 
 -1.32437721e+00  -9.79071290e-01  -1.39120155e+01 
  1.75874984e-01  -2.74641530e+00  -1.08149134e+01 
  2.38647225e+00  -5.05477230e+00  -1.30193454e+01 
  3.43325101e+00  -1.97751311e+00  -1.51825613e+01 
  4.77661815e+00  -5.39910127e-02  -1.22499687e+01 
  6.60491383e+00  -3.20982736e+00  -1.07851003e+01 
  8.22056840e+00  -3.77038565e+00  -1.41957913e+01 
  9.26725499e+00  -4.00165207e-02  -1.45203633e+01 
  1.07954845e+01  -7.23512118e-02  -1.10205198e+01 
  1.26167858e+01  -3.55148300e+00  -1.06384162e+01 
  1.59908010e+01  -2.38452292e+00  -1.22245761e+01 
  1.58430176e+01   1.33500121e+00  -1.12340134e+01 
  1.72790789e+01   1.81311118e+00  -7.69951460e+00 
  1.63981791e+01   5.63381371e+00  -8.09487246e+00 
  1.26717087e+01   5.08305771e+00  -9.12047165e+00 
  1.13491026e+01   6.92349662e+00  -5.97559122e+00 
  1.36817307e+01   9.98995261e+00  -6.72541476e+00 
  1.37206891e+01   1.28960867e+01  -9.15626056e+00 
  1.76291521e+01   1.33116711e+01  -9.16380443e+00 
  1.96149080e+01   1.04485640e+01  -1.08423583e+01 
  1.63368311e+01   8.75679906e+00  -1.20757803e+01 
  1.67814213e+01   8.15357156e+00  -1.57959599e+01 
  1.29347166e+01   8.30968681e+00  -1.65313257e+01 
  1.19767340e+01   1.13060958e+01  -1.43396148e+01 
  1.17814982e+01   1.48816008e+01  -1.55314545e+01 
  1.39920075e+01   1.73285113e+01  -1.33811163e+01 
  1.15047563e+01   1.99980734e+01  -1.20756430e+01 
  1.26027964e+01   2.29976067e+01  -9.79327672e+00 
  9.89262364e+00   2.23799794e+01  -7.24336787e+00 
  9.55241178e+00   2.49991738e+01  -4.49121503e+00 
  1.07754071e+01   2.42725596e+01  -9.70679384e-01 
  7.86556719e+00   2.52816716e+01   1.30364383e+00 
  7.64296787e+00   2.31738202e+01   4.54917364e+00 
  4.78017041e+00   2.52706897e+01   5.94503375e+00 
  2.59332494e+00   2.46463436e+01   2.81075409e+00 
  3.41235592e+00   2.08801857e+01   2.84155359e+00 
  2.35111562e+00   2.05894070e+01   6.58026774e+00 
 -9.49314655e-01   2.23371175e+01   5.87276049e+00 
 -1.72491851e+00   1.98900910e+01   2.92508117e+00 
 -7.98628020e-01   1.67004417e+01   4.92373166e+00 
 -3.00128102e+00   1.76836948e+01   7.97997499e+00 
 -6.07400424e+00   1.86687105e+01   5.87274495e+00 
 -5.48200842e+00   2.24443504e+01   6.79156117e+00 
 -5.30291537e+00   2.39720803e+01   3.19335311e+00 
 -8.43947692e+00   2.59167630e+01   3.69441073e+00 
 -9.98822590e+00   2.39355762e+01   6.92269469e-01 
 -1.27320895e+01   2.15984845e+01   2.27140585e+00 
 -1.25879618e+01   1.90798937e+01  -6.94725724e-01 
 -8.84663236e+00   1.86628345e+01  -3.17815595e-01 
 -9.06809019e+00   1.87255370e+01   3.54693885e+00 
 -1.19693625e+01   1.60788620e+01   3.66011733e+00 
 -9.94488190e+00   1.36819964e+01   1.36993808e+00 
 -6.82536885e+00   1.40840133e+01   3.59046260e+00 
 -9.05957566e+00   1.35629709e+01   6.76715234e+00 
 -1.06441388e+01   1.02546529e+01   5.29722908e+00 
 -7.13689902e+00   9.03227175e+00   4.34217732e+00 
 -5.89999456e+00   9.61256148e+00   7.98900847e+00 
 -9.06802328e+00   7.94717003e+00   9.70206381e+00 
 -9.68630826e+00   4.91401055e+00   7.38462431e+00 
 -6.29738306e+00   4.30292710e+00   5.48148001e+00 
 -8.05062235e+00   4.36256961e+00   2.03265552e+00 
 -9.33708660e+00   6.97152114e+00  -5.67458637e-01 
 -1.08304486e+01   6.57945634e+00  -4.03721793e+00 
 -8.31868814e+00   6.84690644e+00  -7.04037483e+00 
 -9.87861132e+00   1.02019700e+01  -8.29899787e+00 
 -9.59625623e+00   1.16503215e+01  -4.76920339e+00 
 -5.85792085e+00   1.06751303e+01  -5.05779872e+00 
 -5.71039659e+00   1.25792129e+01  -8.42055590e+00 
 -7.28385033e+00   1.57274119e+01  -6.79891301e+00 
 -4.91975899e+00   1.59592224e+01  -3.78447266e+00 
 -1.79507566e+00   1.49971903e+01  -5.87467630e+00 
 -2.59355437e+00   1.75957546e+01  -8.54519453e+00 
 -3.17073659e+00   2.02570278e+01  -5.77092642e+00 
  2.08377848e-01   1.95358605e+01  -4.06085887e+00 
  2.27181369e+00   1.94201833e+01  -7.30290528e+00 
  1.53471643e+00   2.09374160e+01  -1.06722911e+01 
 -1.96715890e+00   2.22759948e+01  -9.77340631e+00 
 -1.45808068e+00   2.47017937e+01  -6.81858646e+00 
  1.47933444e+00   2.44091611e+01  -4.35988222e+00 
  4.39328070e+00   2.35297764e+01  -6.74409872e+00 
  5.85275453e+00   2.11562366e+01  -4.16438280e+00 
  7.85167693e+00   1.80013646e+01  -5.17613630e+00 
  5.86409528e+00   1.47259083e+01  -5.87670514e+00 
  8.51465991e+00   1.29741017e+01  -3.63447956e+00 
  7.00455066e+00   1.47942991e+01  -5.35498217e-01 
  3.40079895e+00   1.36352977e+01  -1.47938649e+00 
  4.70670811e+00   1.00265755e+01  -1.97989276e+00 
  6.16411477e+00   1.00015892e+01   1.68855832e+00 
  2.74672954e+00   1.10760235e+01   3.20909590e+00 
  9.28992135e-01   8.25780061e+00   1.21341834e+00 
  3.61284243e+00   5.71073817e+00   2.43830509e+00 
  2.59967836e+00   6.65597517e+00   6.13898459e+00 
 -1.25359977e+00   6.59526158e+00   5.71274811e+00 
 -2.40376616e+00   4.52436819e+00   2.62009416e+00 
 -2.99983687e+00   6.85920279e-01   3.20598051e+00 
 -2.36136805e+00  -2.25321364e-01  -5.49044926e-01 
  8.19156840e-01   1.95614353e+00  -1.04396713e+00 
  4.08202731e+00   1.17214935e-02  -1.83806788e+00 
  7.40860509e+00   1.46394281e+00  -3.29382283e+00 
  6.87162567e+00   6.98129259e-01  -7.02635984e+00 
  3.06620030e+00   1.59297504e+00  -7.26763252e+00 
  3.15471576e+00   4.71296603e+00  -5.05237123e+00 
  6.26985577e+00   6.29920718e+00  -6.86060783e+00 
  4.93362969e+00   5.39842258e+00  -1.03531268e+01 
  1.43940448e+00   6.97238265e+00  -9.57942576e+00 
  3.00211645e+00   1.02186541e+01  -8.21616117e+00 
  5.37251255e+00   1.06246022e+01  -1.12646993e+01 
  2.27116689e+00   1.01174299e+01  -1.34748926e+01 
 -9.70932191e-03   1.26435547e+01  -1.15781058e+01 
  2.74507126e+00   1.53556250e+01  -1.13543671e+01 
  3.54315839e+00   1.48964747e+01  -1.50557911e+01 
  7.18354250e+00   1.39123286e+01  -1.41184535e+01 
  7.04422678e+00   1.06166150e+01  -1.61346174e+01 
  4.69168863e+00   8.53410431e+00  -1.83063726e+01 
  1.92515759e+00   1.12545815e+01  -1.85756604e+01 
  2.55405522e+00   1.46425942e+01  -2.02325751e+01 
 -9.35761497e-01   1.62302209e+01  -2.02868432e+01 
 -9.80223316e-02   1.88519896e+01  -1.77116757e+01 
 -2.72468450e+00   2.12200062e+01  -1.87260947e+01 
 -5.47494297e+00   1.90536553e+01  -1.71135631e+01 
 -5.72959684e+00   2.05333743e+01  -1.36660383e+01 
 -8.19040598e+00   1.93237323e+01  -1.09921331e+01 
 -9.97270049e+00   2.23377583e+01  -9.42141861e+00 
 -9.98262934e+00   2.20337455e+01  -5.61281810e+00 
 -1.34563224e+01   2.34508726e+01  -5.28235893e+00 
 -1.50704220e+01   2.24635976e+01  -8.43844775e+00 
 -1.40442539e+01   1.88299940e+01  -8.83751670e+00 
 -1.54537346e+01   1.79853487e+01  -5.38067158e+00 
 -1.85196736e+01   1.99223111e+01  -5.74945640e+00 
 -1.90831996e+01   1.78481575e+01  -8.97148107e+00 
 -1.85683956e+01   1.45466112e+01  -7.40841988e+00 
 -2.05554347e+01   1.52430134e+01  -4.17046283e+00 
 -2.25386936e+01   1.83609667e+01  -4.37829221e+00 
 -2.39843923e+01   1.81149985e+01  -8.89058857e-01 
 -2.08346242e+01   1.80170652e+01   5.82298136e-01 
 -2.19422886e+01   1.48961189e+01   2.57710328e+00 
 -1.85222321e+01   1.36669087e+01   2.10707518e+00 
 -1.71856262e+01   1.70445262e+01   3.57796891e+00 
 -1.97147427e+01   1.69153985e+01   6.52242357e+00 
 -1.88112116e+01   1.33429505e+01   7.30035172e+00 
 -1.51091683e+01   1.40923698e+01   7.47222734e+00 
 -1.50282138e+01   1.78133706e+01   8.57059665e+00 
 -1.76793062e+01   1.78956431e+01   1.14249536e+01 
 -1.62816647e+01   2.14963360e+01   1.23037659e+01 
 -1.77093299e+01   2.24352638e+01   8.85592533e+00 
 -2.10201783e+01   2.03313056e+01   9.34242115e+00 
 -2.24923163e+01   2.34309579e+01   1.03567736e+01 
 -2.15603263e+01   2.50470336e+01   6.98857343e+00 
 -2.40159119e+01   2.48711790e+01   4.44966516e+00 
 -2.34571412e+01   2.29015723e+01   1.07816572e+00 
 -2.27480011e+01   2.61523600e+01  -6.04314843e-01 
 -1.99314363e+01   2.72494482e+01   1.37528537e+00 
 -1.89311737e+01   2.39767910e+01   2.31627346e+00 
 -1.65016228e+01   2.37895396e+01  -7.53260592e-01 
 -1.52665603e+01   2.74175793e+01  -2.50157135e-01 
 -1.60727091e+01   2.83198256e+01   3.54567126e+00 
 -1.37032513e+01   3.14262433e+01   3.52762553e+00 
 -1.60209258e+01   3.27156113e+01   1.34606153e+00 
 -1.84665345e+01   3.21982728e+01   4.35812049e+00 
 -1.82623155e+01   3.51903746e+01   6.82539192e+00 
 -1.70465739e+01   3.53105973e+01   1.03511976e+01 
 -1.98636559e+01   3.46473354e+01   1.22151566e+01 
 -2.13688798e+01   3.17063027e+01   9.59894273e+00 
 -1.87242783e+01   3.06971896e+01   1.06993932e+01 
 -1.92882971e+01   3.13019655e+01   1.46945287e+01 
 -2.24257130e+01   2.93331973e+01   1.41952247e+01 
 -2.13105624e+01   2.67992887e+01   1.21934111e+01 
 -1.91336025e+01   2.70033328e+01   1.55975714e+01 
 -1.63356324e+01   2.75509031e+01   1.31438035e+01 
 -1.42159797e+01   3.07933728e+01   1.25420387e+01 
 -1.22160825e+01   3.08678204e+01   9.24384565e+00 
 -8.69578687e+00   3.18247105e+01   1.03121746e+01 
 -9.43100353e+00   3.07369372e+01   1.40278805e+01 
 -1.14620129e+01   2.73737474e+01   1.40777645e+01 
 -1.08405051e+01   2.64709123e+01   1.02815713e+01 
 -7.95704763e+00   2.80599345e+01   8.09878776e+00 
 -8.02657138e+00   3.05114292e+01   5.29466389e+00 
 -7.36148136e+00   2.91118219e+01   1.68596529e+00 
 -3.61383784e+00   2.90719228e+01   1.56445733e+00 
 -3.41626243e+00   3.00096894e+01  -2.07769340e+00 
 -5.40900109e+00   3.15526697e+01  -4.63386071e+00 
 -6.13431001e+00   2.84940084e+01  -6.89989160e+00 
 -6.56294481e+00   3.04380914e+01  -9.85492682e+00 
 -3.13011668e+00   3.22761926e+01  -9.41974613e+00 
 -1.35447470e+00   2.93898371e+01  -8.53150601e+00 
 -2.70595718e+00   2.69868844e+01  -1.13226788e+01 
 -1.81313471e+00   2.94862753e+01  -1.37804200e+01 
  1.75019270e+00   3.00771783e+01  -1.25461881e+01 
  2.20185147e+00   2.64210457e+01  -1.24855442e+01 
  9.18807866e-01   2.55217394e+01  -1.58963772e+01 
  3.60270973e+00   2.79857048e+01  -1.69969231e+01 
  6.35670772e+00   2.66209001e+01  -1.50303065e+01 
  5.40249460e+00   2.31019229e+01  -1.65428873e+01 
  5.43057979e+00   2.43026603e+01  -1.98302181e+01 
  9.00450155e+00   2.59144399e+01  -1.92608379e+01 
  1.02773956e+01   2.27407533e+01  -1.81587088e+01 
  8.79798089e+00   2.05214582e+01  -2.09875407e+01 
  1.05466659e+01   2.29631622e+01  -2.29347699e+01 
  1.40352782e+01   2.28317005e+01  -2.13326457e+01 
  1.35785327e+01   1.90133672e+01  -2.18335168e+01 
  1.30192323e+01   1.88590892e+01  -2.49996342e+01 
  1.65187191e+01   2.10474092e+01  -2.48232791e+01 
  1.85986893e+01   1.85616125e+01  -2.34385054e+01 
  1.67484031e+01   1.55472895e+01  -2.56321718e+01 
  1.93956054e+01   1.69482087e+01  -2.67872949e+01 

   6.408639636883e+03 

